CRITICAL - 2022-07-21 09:22:44 --> Undefined property: App\Controllers\Home::$db
in APPPATH\Controllers\Home.php on line 45.
 1 APPPATH\Controllers\Home.php(45): CodeIgniter\Debug\Exceptions->errorHandler(2, 'Undefined property: App\\Controllers\\Home::$db', 'APPPATH\\Controllers\\Home.php', 45)
 2 SYSTEMPATH\CodeIgniter.php(896): App\Controllers\Home->addUser()
 3 SYSTEMPATH\CodeIgniter.php(466): CodeIgniter\CodeIgniter->runController(Object(App\Controllers\Home))
 4 SYSTEMPATH\CodeIgniter.php(349): CodeIgniter\CodeIgniter->handleRequest(null, Object(Config\Cache), false)
 5 FCPATH\index.php(55): CodeIgniter\CodeIgniter->run()
 6 SYSTEMPATH\Commands\Server\rewrite.php(43): require_once('FCPATH\\index.php')
CRITICAL - 2022-07-21 09:30:53 --> Call to undefined method CodeIgniter\Session\Session::set_flashdata()
in APPPATH\Controllers\Home.php on line 50.
 1 SYSTEMPATH\CodeIgniter.php(896): App\Controllers\Home->addUser()
 2 SYSTEMPATH\CodeIgniter.php(466): CodeIgniter\CodeIgniter->runController(Object(App\Controllers\Home))
 3 SYSTEMPATH\CodeIgniter.php(349): CodeIgniter\CodeIgniter->handleRequest(null, Object(Config\Cache), false)
 4 FCPATH\index.php(55): CodeIgniter\CodeIgniter->run()
 5 SYSTEMPATH\Commands\Server\rewrite.php(43): require_once('FCPATH\\index.php')
CRITICAL - 2022-07-21 09:31:23 --> Call to undefined method CodeIgniter\Session\Session::flashData()
in APPPATH\Controllers\Home.php on line 50.
 1 SYSTEMPATH\CodeIgniter.php(896): App\Controllers\Home->addUser()
 2 SYSTEMPATH\CodeIgniter.php(466): CodeIgniter\CodeIgniter->runController(Object(App\Controllers\Home))
 3 SYSTEMPATH\CodeIgniter.php(349): CodeIgniter\CodeIgniter->handleRequest(null, Object(Config\Cache), false)
 4 FCPATH\index.php(55): CodeIgniter\CodeIgniter->run()
 5 SYSTEMPATH\Commands\Server\rewrite.php(43): require_once('FCPATH\\index.php')
CRITICAL - 2022-07-21 09:44:38 --> syntax error, unexpected integer "3", expecting "function" or "const"
in APPPATH\Controllers\Home.php on line 67.
 1 SYSTEMPATH\Autoloader\Autoloader.php(261): CodeIgniter\Autoloader\Autoloader->includeFile('APPPATH\\Controllers\\Home.php')
 2 SYSTEMPATH\Autoloader\Autoloader.php(239): CodeIgniter\Autoloader\Autoloader->loadInNamespace('App\\Controllers\\Home')
 3 [internal function]: CodeIgniter\Autoloader\Autoloader->loadClass('App\\Controllers\\Home')
 4 SYSTEMPATH\CodeIgniter.php(846): class_exists('\\App\\Controllers\\Home', true)
 5 SYSTEMPATH\CodeIgniter.php(453): CodeIgniter\CodeIgniter->startController()
 6 SYSTEMPATH\CodeIgniter.php(349): CodeIgniter\CodeIgniter->handleRequest(null, Object(Config\Cache), false)
 7 FCPATH\index.php(55): CodeIgniter\CodeIgniter->run()
 8 SYSTEMPATH\Commands\Server\rewrite.php(43): require_once('FCPATH\\index.php')
ERROR - 2022-07-21 09:44:55 --> You have an error in your SQL syntax; check the manual that corresponds to your MariaDB server version for the right syntax to use near '@gmail.com LIMIT 1' at line 1
CRITICAL - 2022-07-21 09:44:55 --> Call to a member function getRow() on bool
in APPPATH\Controllers\Home.php on line 48.
 1 SYSTEMPATH\CodeIgniter.php(896): App\Controllers\Home->addUser()
 2 SYSTEMPATH\CodeIgniter.php(466): CodeIgniter\CodeIgniter->runController(Object(App\Controllers\Home))
 3 SYSTEMPATH\CodeIgniter.php(349): CodeIgniter\CodeIgniter->handleRequest(null, Object(Config\Cache), false)
 4 FCPATH\index.php(55): CodeIgniter\CodeIgniter->run()
 5 SYSTEMPATH\Commands\Server\rewrite.php(43): require_once('FCPATH\\index.php')
ERROR - 2022-07-21 09:45:27 --> You have an error in your SQL syntax; check the manual that corresponds to your MariaDB server version for the right syntax to use near '@gmail.com LIMIT 1' at line 1
CRITICAL - 2022-07-21 09:45:27 --> Call to a member function getRow() on bool
in APPPATH\Controllers\Home.php on line 48.
 1 SYSTEMPATH\CodeIgniter.php(896): App\Controllers\Home->addUser()
 2 SYSTEMPATH\CodeIgniter.php(466): CodeIgniter\CodeIgniter->runController(Object(App\Controllers\Home))
 3 SYSTEMPATH\CodeIgniter.php(349): CodeIgniter\CodeIgniter->handleRequest(null, Object(Config\Cache), false)
 4 FCPATH\index.php(55): CodeIgniter\CodeIgniter->run()
 5 SYSTEMPATH\Commands\Server\rewrite.php(43): require_once('FCPATH\\index.php')
ERROR - 2022-07-21 09:46:01 --> You have an error in your SQL syntax; check the manual that corresponds to your MariaDB server version for the right syntax to use near '@gmail.com LIMIT 1' at line 1
CRITICAL - 2022-07-21 09:46:01 --> Call to a member function getRow() on bool
in APPPATH\Controllers\Home.php on line 48.
 1 SYSTEMPATH\CodeIgniter.php(896): App\Controllers\Home->addUser()
 2 SYSTEMPATH\CodeIgniter.php(466): CodeIgniter\CodeIgniter->runController(Object(App\Controllers\Home))
 3 SYSTEMPATH\CodeIgniter.php(349): CodeIgniter\CodeIgniter->handleRequest(null, Object(Config\Cache), false)
 4 FCPATH\index.php(55): CodeIgniter\CodeIgniter->run()
 5 SYSTEMPATH\Commands\Server\rewrite.php(43): require_once('FCPATH\\index.php')
ERROR - 2022-07-21 09:46:15 --> You have an error in your SQL syntax; check the manual that corresponds to your MariaDB server version for the right syntax to use near '@gmail.com LIMIT 1' at line 1
CRITICAL - 2022-07-21 09:46:15 --> Call to a member function getRow() on bool
in APPPATH\Controllers\Home.php on line 48.
 1 SYSTEMPATH\CodeIgniter.php(896): App\Controllers\Home->addUser()
 2 SYSTEMPATH\CodeIgniter.php(466): CodeIgniter\CodeIgniter->runController(Object(App\Controllers\Home))
 3 SYSTEMPATH\CodeIgniter.php(349): CodeIgniter\CodeIgniter->handleRequest(null, Object(Config\Cache), false)
 4 FCPATH\index.php(55): CodeIgniter\CodeIgniter->run()
 5 SYSTEMPATH\Commands\Server\rewrite.php(43): require_once('FCPATH\\index.php')
ERROR - 2022-07-21 09:46:20 --> You have an error in your SQL syntax; check the manual that corresponds to your MariaDB server version for the right syntax to use near '@gmail.com LIMIT 1' at line 1
ERROR - 2022-07-21 09:46:37 --> You have an error in your SQL syntax; check the manual that corresponds to your MariaDB server version for the right syntax to use near '@gmail.com LIMIT 1' at line 1
CRITICAL - 2022-07-21 09:46:37 --> Call to a member function getRow() on bool
in APPPATH\Controllers\Home.php on line 48.
 1 SYSTEMPATH\CodeIgniter.php(896): App\Controllers\Home->addUser()
 2 SYSTEMPATH\CodeIgniter.php(466): CodeIgniter\CodeIgniter->runController(Object(App\Controllers\Home))
 3 SYSTEMPATH\CodeIgniter.php(349): CodeIgniter\CodeIgniter->handleRequest(null, Object(Config\Cache), false)
 4 FCPATH\index.php(55): CodeIgniter\CodeIgniter->run()
 5 SYSTEMPATH\Commands\Server\rewrite.php(43): require_once('FCPATH\\index.php')
CRITICAL - 2022-07-21 09:49:38 --> CodeIgniter\BaseModel::transformDataToArray(): Return value must be of type array, string returned
in SYSTEMPATH\BaseModel.php on line 1598.
 1 SYSTEMPATH\BaseModel.php(704): CodeIgniter\BaseModel->transformDataToArray('tbluser', 'insert')
 2 SYSTEMPATH\Model.php(666): CodeIgniter\BaseModel->insert('tbluser', false)
 3 SYSTEMPATH\BaseModel.php(658): CodeIgniter\Model->insert('tbluser', false)
 4 APPPATH\Controllers\Home.php(48): CodeIgniter\BaseModel->save('tbluser', [...])
 5 SYSTEMPATH\CodeIgniter.php(896): App\Controllers\Home->addUser()
 6 SYSTEMPATH\CodeIgniter.php(466): CodeIgniter\CodeIgniter->runController(Object(App\Controllers\Home))
 7 SYSTEMPATH\CodeIgniter.php(349): CodeIgniter\CodeIgniter->handleRequest(null, Object(Config\Cache), false)
 8 FCPATH\index.php(55): CodeIgniter\CodeIgniter->run()
 9 SYSTEMPATH\Commands\Server\rewrite.php(43): require_once('FCPATH\\index.php')
CRITICAL - 2022-07-21 10:12:29 --> Undefined array key "user_password"
in APPPATH\Controllers\Home.php on line 75.
 1 APPPATH\Controllers\Home.php(75): CodeIgniter\Debug\Exceptions->errorHandler(2, 'Undefined array key "user_password"', 'APPPATH\\Controllers\\Home.php', 75)
 2 SYSTEMPATH\CodeIgniter.php(896): App\Controllers\Home->login()
 3 SYSTEMPATH\CodeIgniter.php(466): CodeIgniter\CodeIgniter->runController(Object(App\Controllers\Home))
 4 SYSTEMPATH\CodeIgniter.php(349): CodeIgniter\CodeIgniter->handleRequest(null, Object(Config\Cache), false)
 5 FCPATH\index.php(55): CodeIgniter\CodeIgniter->run()
 6 SYSTEMPATH\Commands\Server\rewrite.php(43): require_once('FCPATH\\index.php')
CRITICAL - 2022-07-21 10:13:03 --> Undefined array key "RegData"
in APPPATH\Controllers\Home.php on line 84.
 1 APPPATH\Controllers\Home.php(84): CodeIgniter\Debug\Exceptions->errorHandler(2, 'Undefined array key "RegData"', 'APPPATH\\Controllers\\Home.php', 84)
 2 SYSTEMPATH\CodeIgniter.php(896): App\Controllers\Home->login()
 3 SYSTEMPATH\CodeIgniter.php(466): CodeIgniter\CodeIgniter->runController(Object(App\Controllers\Home))
 4 SYSTEMPATH\CodeIgniter.php(349): CodeIgniter\CodeIgniter->handleRequest(null, Object(Config\Cache), false)
 5 FCPATH\index.php(55): CodeIgniter\CodeIgniter->run()
 6 SYSTEMPATH\Commands\Server\rewrite.php(43): require_once('FCPATH\\index.php')
CRITICAL - 2022-07-21 10:23:06 --> Call to undefined method CodeIgniter\View\View::endSectino()
in APPPATH\Views\dashboard\index.php on line 6.
 1 SYSTEMPATH\View\View.php(213): include()
 2 SYSTEMPATH\View\View.php(216): CodeIgniter\View\View->CodeIgniter\View\{closure}()
 3 SYSTEMPATH\Common.php(1135): CodeIgniter\View\View->render('dashboard/index', [], true)
 4 APPPATH\Controllers\DashboardController.php(11): view('dashboard/index')
 5 SYSTEMPATH\CodeIgniter.php(896): App\Controllers\DashboardController->index()
 6 SYSTEMPATH\CodeIgniter.php(466): CodeIgniter\CodeIgniter->runController(Object(App\Controllers\DashboardController))
 7 SYSTEMPATH\CodeIgniter.php(349): CodeIgniter\CodeIgniter->handleRequest(null, Object(Config\Cache), false)
 8 FCPATH\index.php(55): CodeIgniter\CodeIgniter->run()
 9 SYSTEMPATH\Commands\Server\rewrite.php(43): require_once('FCPATH\\index.php')
CRITICAL - 2022-07-21 10:23:38 --> Invalid file: ../app.php
in SYSTEMPATH\Exceptions\FrameworkException.php on line 33.
 1 SYSTEMPATH\View\View.php(201): CodeIgniter\Exceptions\FrameworkException::forInvalidFile('../app.php')
 2 SYSTEMPATH\View\View.php(229): CodeIgniter\View\View->render('ROOTPATH\\app', [], true)
 3 SYSTEMPATH\Common.php(1135): CodeIgniter\View\View->render('dashboard/index', [], true)
 4 APPPATH\Controllers\DashboardController.php(11): view('dashboard/index')
 5 SYSTEMPATH\CodeIgniter.php(896): App\Controllers\DashboardController->index()
 6 SYSTEMPATH\CodeIgniter.php(466): CodeIgniter\CodeIgniter->runController(Object(App\Controllers\DashboardController))
 7 SYSTEMPATH\CodeIgniter.php(349): CodeIgniter\CodeIgniter->handleRequest(null, Object(Config\Cache), false)
 8 FCPATH\index.php(55): CodeIgniter\CodeIgniter->run()
 9 SYSTEMPATH\Commands\Server\rewrite.php(43): require_once('FCPATH\\index.php')
CRITICAL - 2022-07-21 10:32:42 --> Undefined property: CodeIgniter\View\View::$session
in APPPATH\Views\dashboard\index.php on line 11.
 1 APPPATH\Views\dashboard\index.php(11): CodeIgniter\Debug\Exceptions->errorHandler(2, 'Undefined property: CodeIgniter\\View\\View::$session', 'APPPATH\\Views\\dashboard\\index.php', 11)
 2 SYSTEMPATH\View\View.php(213): include('APPPATH\\Views\\dashboard\\index.php')
 3 SYSTEMPATH\View\View.php(216): CodeIgniter\View\View->CodeIgniter\View\{closure}()
 4 SYSTEMPATH\Common.php(1135): CodeIgniter\View\View->render('dashboard/index', [], true)
 5 APPPATH\Controllers\DashboardController.php(11): view('dashboard/index')
 6 SYSTEMPATH\CodeIgniter.php(896): App\Controllers\DashboardController->index()
 7 SYSTEMPATH\CodeIgniter.php(466): CodeIgniter\CodeIgniter->runController(Object(App\Controllers\DashboardController))
 8 SYSTEMPATH\CodeIgniter.php(349): CodeIgniter\CodeIgniter->handleRequest(null, Object(Config\Cache), false)
 9 FCPATH\index.php(55): CodeIgniter\CodeIgniter->run()
10 SYSTEMPATH\Commands\Server\rewrite.php(43): require_once('FCPATH\\index.php')
CRITICAL - 2022-07-21 11:08:03 --> Call to undefined function form_open()
in APPPATH\Views\dashboard\changePassword.php on line 37.
 1 SYSTEMPATH\View\View.php(213): include()
 2 SYSTEMPATH\View\View.php(216): CodeIgniter\View\View->CodeIgniter\View\{closure}()
 3 SYSTEMPATH\Common.php(1135): CodeIgniter\View\View->render('dashboard/changePassword', [], true)
 4 APPPATH\Controllers\DashboardController.php(15): view('dashboard/changePassword')
 5 SYSTEMPATH\CodeIgniter.php(896): App\Controllers\DashboardController->changePassword()
 6 SYSTEMPATH\CodeIgniter.php(466): CodeIgniter\CodeIgniter->runController(Object(App\Controllers\DashboardController))
 7 SYSTEMPATH\CodeIgniter.php(349): CodeIgniter\CodeIgniter->handleRequest(null, Object(Config\Cache), false)
 8 FCPATH\index.php(55): CodeIgniter\CodeIgniter->run()
 9 SYSTEMPATH\Commands\Server\rewrite.php(43): require_once('FCPATH\\index.php')
CRITICAL - 2022-07-21 11:08:22 --> Undefined variable $validation
in APPPATH\Views\dashboard\changePassword.php on line 41.
 1 APPPATH\Views\dashboard\changePassword.php(41): CodeIgniter\Debug\Exceptions->errorHandler(2, 'Undefined variable $validation', 'APPPATH\\Views\\dashboard\\changePassword.php', 41)
 2 SYSTEMPATH\View\View.php(213): include('APPPATH\\Views\\dashboard\\changePassword.php')
 3 SYSTEMPATH\View\View.php(216): CodeIgniter\View\View->CodeIgniter\View\{closure}()
 4 SYSTEMPATH\Common.php(1135): CodeIgniter\View\View->render('dashboard/changePassword', [], true)
 5 APPPATH\Controllers\DashboardController.php(16): view('dashboard/changePassword')
 6 SYSTEMPATH\CodeIgniter.php(896): App\Controllers\DashboardController->changePassword()
 7 SYSTEMPATH\CodeIgniter.php(466): CodeIgniter\CodeIgniter->runController(Object(App\Controllers\DashboardController))
 8 SYSTEMPATH\CodeIgniter.php(349): CodeIgniter\CodeIgniter->handleRequest(null, Object(Config\Cache), false)
 9 FCPATH\index.php(55): CodeIgniter\CodeIgniter->run()
10 SYSTEMPATH\Commands\Server\rewrite.php(43): require_once('FCPATH\\index.php')
CRITICAL - 2022-07-21 11:15:39 --> Undefined variable $validation
in APPPATH\Views\dashboard\changePassword.php on line 41.
 1 APPPATH\Views\dashboard\changePassword.php(41): CodeIgniter\Debug\Exceptions->errorHandler(2, 'Undefined variable $validation', 'APPPATH\\Views\\dashboard\\changePassword.php', 41)
 2 SYSTEMPATH\View\View.php(213): include('APPPATH\\Views\\dashboard\\changePassword.php')
 3 SYSTEMPATH\View\View.php(216): CodeIgniter\View\View->CodeIgniter\View\{closure}()
 4 SYSTEMPATH\Common.php(1135): CodeIgniter\View\View->render('dashboard/changePassword', [], true)
 5 APPPATH\Controllers\DashboardController.php(16): view('dashboard/changePassword')
 6 SYSTEMPATH\CodeIgniter.php(896): App\Controllers\DashboardController->changePassword()
 7 SYSTEMPATH\CodeIgniter.php(466): CodeIgniter\CodeIgniter->runController(Object(App\Controllers\DashboardController))
 8 SYSTEMPATH\CodeIgniter.php(349): CodeIgniter\CodeIgniter->handleRequest(null, Object(Config\Cache), false)
 9 FCPATH\index.php(55): CodeIgniter\CodeIgniter->run()
10 SYSTEMPATH\Commands\Server\rewrite.php(43): require_once('FCPATH\\index.php')
CRITICAL - 2022-07-21 11:39:04 --> Invalid file: changePassword.php
in SYSTEMPATH\Exceptions\FrameworkException.php on line 33.
 1 SYSTEMPATH\View\View.php(201): CodeIgniter\Exceptions\FrameworkException::forInvalidFile('changePassword.php')
 2 SYSTEMPATH\Common.php(1135): CodeIgniter\View\View->render('changePassword', [], true)
 3 APPPATH\Controllers\DashboardController.php(58): view('changePassword')
 4 SYSTEMPATH\CodeIgniter.php(896): App\Controllers\DashboardController->changePassword()
 5 SYSTEMPATH\CodeIgniter.php(466): CodeIgniter\CodeIgniter->runController(Object(App\Controllers\DashboardController))
 6 SYSTEMPATH\CodeIgniter.php(349): CodeIgniter\CodeIgniter->handleRequest(null, Object(Config\Cache), false)
 7 FCPATH\index.php(55): CodeIgniter\CodeIgniter->run()
 8 SYSTEMPATH\Commands\Server\rewrite.php(43): require_once('FCPATH\\index.php')
CRITICAL - 2022-07-21 11:39:24 --> Invalid file: changePassword.php
in SYSTEMPATH\Exceptions\FrameworkException.php on line 33.
 1 SYSTEMPATH\View\View.php(201): CodeIgniter\Exceptions\FrameworkException::forInvalidFile('changePassword.php')
 2 SYSTEMPATH\Common.php(1135): CodeIgniter\View\View->render('changePassword', [], true)
 3 APPPATH\Controllers\DashboardController.php(57): view('changePassword')
 4 SYSTEMPATH\CodeIgniter.php(896): App\Controllers\DashboardController->changePassword()
 5 SYSTEMPATH\CodeIgniter.php(466): CodeIgniter\CodeIgniter->runController(Object(App\Controllers\DashboardController))
 6 SYSTEMPATH\CodeIgniter.php(349): CodeIgniter\CodeIgniter->handleRequest(null, Object(Config\Cache), false)
 7 FCPATH\index.php(55): CodeIgniter\CodeIgniter->run()
 8 SYSTEMPATH\Commands\Server\rewrite.php(43): require_once('FCPATH\\index.php')
CRITICAL - 2022-07-21 11:39:52 --> Call to undefined function form_open()
in APPPATH\Views\dashboard\changePassword.php on line 37.
 1 SYSTEMPATH\View\View.php(213): include()
 2 SYSTEMPATH\View\View.php(216): CodeIgniter\View\View->CodeIgniter\View\{closure}()
 3 SYSTEMPATH\Common.php(1135): CodeIgniter\View\View->render('dashboard/changePassword', [], true)
 4 APPPATH\Controllers\DashboardController.php(57): view('dashboard/changePassword')
 5 SYSTEMPATH\CodeIgniter.php(896): App\Controllers\DashboardController->changePassword()
 6 SYSTEMPATH\CodeIgniter.php(466): CodeIgniter\CodeIgniter->runController(Object(App\Controllers\DashboardController))
 7 SYSTEMPATH\CodeIgniter.php(349): CodeIgniter\CodeIgniter->handleRequest(null, Object(Config\Cache), false)
 8 FCPATH\index.php(55): CodeIgniter\CodeIgniter->run()
 9 SYSTEMPATH\Commands\Server\rewrite.php(43): require_once('FCPATH\\index.php')
CRITICAL - 2022-07-21 11:40:05 --> Undefined variable $validation
in APPPATH\Views\dashboard\changePassword.php on line 41.
 1 APPPATH\Views\dashboard\changePassword.php(41): CodeIgniter\Debug\Exceptions->errorHandler(2, 'Undefined variable $validation', 'APPPATH\\Views\\dashboard\\changePassword.php', 41)
 2 SYSTEMPATH\View\View.php(213): include('APPPATH\\Views\\dashboard\\changePassword.php')
 3 SYSTEMPATH\View\View.php(216): CodeIgniter\View\View->CodeIgniter\View\{closure}()
 4 SYSTEMPATH\Common.php(1135): CodeIgniter\View\View->render('dashboard/changePassword', [], true)
 5 APPPATH\Controllers\DashboardController.php(57): view('dashboard/changePassword')
 6 SYSTEMPATH\CodeIgniter.php(896): App\Controllers\DashboardController->changePassword()
 7 SYSTEMPATH\CodeIgniter.php(466): CodeIgniter\CodeIgniter->runController(Object(App\Controllers\DashboardController))
 8 SYSTEMPATH\CodeIgniter.php(349): CodeIgniter\CodeIgniter->handleRequest(null, Object(Config\Cache), false)
 9 FCPATH\index.php(55): CodeIgniter\CodeIgniter->run()
10 SYSTEMPATH\Commands\Server\rewrite.php(43): require_once('FCPATH\\index.php')
CRITICAL - 2022-07-21 11:41:29 --> Undefined variable $validation
in APPPATH\Views\dashboard\changePassword.php on line 41.
 1 APPPATH\Views\dashboard\changePassword.php(41): CodeIgniter\Debug\Exceptions->errorHandler(2, 'Undefined variable $validation', 'APPPATH\\Views\\dashboard\\changePassword.php', 41)
 2 SYSTEMPATH\View\View.php(213): include('APPPATH\\Views\\dashboard\\changePassword.php')
 3 SYSTEMPATH\View\View.php(216): CodeIgniter\View\View->CodeIgniter\View\{closure}()
 4 SYSTEMPATH\Common.php(1135): CodeIgniter\View\View->render('dashboard/changePassword', [], true)
 5 APPPATH\Controllers\DashboardController.php(57): view('dashboard/changePassword')
 6 SYSTEMPATH\CodeIgniter.php(896): App\Controllers\DashboardController->changePassword()
 7 SYSTEMPATH\CodeIgniter.php(466): CodeIgniter\CodeIgniter->runController(Object(App\Controllers\DashboardController))
 8 SYSTEMPATH\CodeIgniter.php(349): CodeIgniter\CodeIgniter->handleRequest(null, Object(Config\Cache), false)
 9 FCPATH\index.php(55): CodeIgniter\CodeIgniter->run()
10 SYSTEMPATH\Commands\Server\rewrite.php(43): require_once('FCPATH\\index.php')
CRITICAL - 2022-07-21 11:41:33 --> Undefined variable $validation
in APPPATH\Views\dashboard\changePassword.php on line 41.
 1 APPPATH\Views\dashboard\changePassword.php(41): CodeIgniter\Debug\Exceptions->errorHandler(2, 'Undefined variable $validation', 'APPPATH\\Views\\dashboard\\changePassword.php', 41)
 2 SYSTEMPATH\View\View.php(213): include('APPPATH\\Views\\dashboard\\changePassword.php')
 3 SYSTEMPATH\View\View.php(216): CodeIgniter\View\View->CodeIgniter\View\{closure}()
 4 SYSTEMPATH\Common.php(1135): CodeIgniter\View\View->render('dashboard/changePassword', [], true)
 5 APPPATH\Controllers\DashboardController.php(57): view('dashboard/changePassword')
 6 SYSTEMPATH\CodeIgniter.php(896): App\Controllers\DashboardController->changePassword()
 7 SYSTEMPATH\CodeIgniter.php(466): CodeIgniter\CodeIgniter->runController(Object(App\Controllers\DashboardController))
 8 SYSTEMPATH\CodeIgniter.php(349): CodeIgniter\CodeIgniter->handleRequest(null, Object(Config\Cache), false)
 9 FCPATH\index.php(55): CodeIgniter\CodeIgniter->run()
10 SYSTEMPATH\Commands\Server\rewrite.php(43): require_once('FCPATH\\index.php')
CRITICAL - 2022-07-21 11:41:59 --> Undefined variable $validation
in APPPATH\Views\dashboard\changePassword.php on line 48.
 1 APPPATH\Views\dashboard\changePassword.php(48): CodeIgniter\Debug\Exceptions->errorHandler(2, 'Undefined variable $validation', 'APPPATH\\Views\\dashboard\\changePassword.php', 48)
 2 SYSTEMPATH\View\View.php(213): include('APPPATH\\Views\\dashboard\\changePassword.php')
 3 SYSTEMPATH\View\View.php(216): CodeIgniter\View\View->CodeIgniter\View\{closure}()
 4 SYSTEMPATH\Common.php(1135): CodeIgniter\View\View->render('dashboard/changePassword', [], true)
 5 APPPATH\Controllers\DashboardController.php(57): view('dashboard/changePassword')
 6 SYSTEMPATH\CodeIgniter.php(896): App\Controllers\DashboardController->changePassword()
 7 SYSTEMPATH\CodeIgniter.php(466): CodeIgniter\CodeIgniter->runController(Object(App\Controllers\DashboardController))
 8 SYSTEMPATH\CodeIgniter.php(349): CodeIgniter\CodeIgniter->handleRequest(null, Object(Config\Cache), false)
 9 FCPATH\index.php(55): CodeIgniter\CodeIgniter->run()
10 SYSTEMPATH\Commands\Server\rewrite.php(43): require_once('FCPATH\\index.php')
CRITICAL - 2022-07-21 11:48:25 --> Call to undefined method CodeIgniter\Session\Session::flashdata()
in APPPATH\Views\dashboard\changePassword.php on line 32.
 1 SYSTEMPATH\View\View.php(213): include()
 2 SYSTEMPATH\View\View.php(216): CodeIgniter\View\View->CodeIgniter\View\{closure}()
 3 SYSTEMPATH\Common.php(1135): CodeIgniter\View\View->render('dashboard/changePassword', [], true)
 4 APPPATH\Controllers\DashboardController.php(58): view('dashboard/changePassword')
 5 SYSTEMPATH\CodeIgniter.php(896): App\Controllers\DashboardController->changePassword()
 6 SYSTEMPATH\CodeIgniter.php(466): CodeIgniter\CodeIgniter->runController(Object(App\Controllers\DashboardController))
 7 SYSTEMPATH\CodeIgniter.php(349): CodeIgniter\CodeIgniter->handleRequest(null, Object(Config\Cache), false)
 8 FCPATH\index.php(55): CodeIgniter\CodeIgniter->run()
 9 SYSTEMPATH\Commands\Server\rewrite.php(43): require_once('FCPATH\\index.php')
CRITICAL - 2022-07-21 12:06:39 --> Invalid file: sidebar.php
in SYSTEMPATH\Exceptions\FrameworkException.php on line 33.
 1 SYSTEMPATH\View\View.php(201): CodeIgniter\Exceptions\FrameworkException::forInvalidFile('sidebar.php')
 2 SYSTEMPATH\View\View.php(229): CodeIgniter\View\View->render('sidebar', [], true)
 3 SYSTEMPATH\Common.php(1135): CodeIgniter\View\View->render('dashboard/index', [], true)
 4 APPPATH\Controllers\DashboardController.php(13): view('dashboard/index')
 5 SYSTEMPATH\CodeIgniter.php(896): App\Controllers\DashboardController->index()
 6 SYSTEMPATH\CodeIgniter.php(466): CodeIgniter\CodeIgniter->runController(Object(App\Controllers\DashboardController))
 7 SYSTEMPATH\CodeIgniter.php(349): CodeIgniter\CodeIgniter->handleRequest(null, Object(Config\Cache), false)
 8 FCPATH\index.php(55): CodeIgniter\CodeIgniter->run()
 9 SYSTEMPATH\Commands\Server\rewrite.php(43): require_once('FCPATH\\index.php')
CRITICAL - 2022-07-21 12:07:14 --> Invalid file: sidebar.php
in SYSTEMPATH\Exceptions\FrameworkException.php on line 33.
 1 SYSTEMPATH\View\View.php(201): CodeIgniter\Exceptions\FrameworkException::forInvalidFile('sidebar.php')
 2 SYSTEMPATH\View\View.php(229): CodeIgniter\View\View->render('sidebar', [], true)
 3 SYSTEMPATH\Common.php(1135): CodeIgniter\View\View->render('dashboard/index', [], true)
 4 APPPATH\Controllers\DashboardController.php(13): view('dashboard/index')
 5 SYSTEMPATH\CodeIgniter.php(896): App\Controllers\DashboardController->index()
 6 SYSTEMPATH\CodeIgniter.php(466): CodeIgniter\CodeIgniter->runController(Object(App\Controllers\DashboardController))
 7 SYSTEMPATH\CodeIgniter.php(349): CodeIgniter\CodeIgniter->handleRequest(null, Object(Config\Cache), false)
 8 FCPATH\index.php(55): CodeIgniter\CodeIgniter->run()
 9 SYSTEMPATH\Commands\Server\rewrite.php(43): require_once('FCPATH\\index.php')
CRITICAL - 2022-07-21 12:07:16 --> Invalid file: sidebar.php
in SYSTEMPATH\Exceptions\FrameworkException.php on line 33.
 1 SYSTEMPATH\View\View.php(201): CodeIgniter\Exceptions\FrameworkException::forInvalidFile('sidebar.php')
 2 SYSTEMPATH\View\View.php(229): CodeIgniter\View\View->render('sidebar', [], true)
 3 SYSTEMPATH\Common.php(1135): CodeIgniter\View\View->render('dashboard/index', [], true)
 4 APPPATH\Controllers\DashboardController.php(13): view('dashboard/index')
 5 SYSTEMPATH\CodeIgniter.php(896): App\Controllers\DashboardController->index()
 6 SYSTEMPATH\CodeIgniter.php(466): CodeIgniter\CodeIgniter->runController(Object(App\Controllers\DashboardController))
 7 SYSTEMPATH\CodeIgniter.php(349): CodeIgniter\CodeIgniter->handleRequest(null, Object(Config\Cache), false)
 8 FCPATH\index.php(55): CodeIgniter\CodeIgniter->run()
 9 SYSTEMPATH\Commands\Server\rewrite.php(43): require_once('FCPATH\\index.php')
CRITICAL - 2022-07-21 12:07:16 --> Invalid file: sidebar.php
in SYSTEMPATH\Exceptions\FrameworkException.php on line 33.
 1 SYSTEMPATH\View\View.php(201): CodeIgniter\Exceptions\FrameworkException::forInvalidFile('sidebar.php')
 2 SYSTEMPATH\View\View.php(229): CodeIgniter\View\View->render('sidebar', [], true)
 3 SYSTEMPATH\Common.php(1135): CodeIgniter\View\View->render('dashboard/index', [], true)
 4 APPPATH\Controllers\DashboardController.php(13): view('dashboard/index')
 5 SYSTEMPATH\CodeIgniter.php(896): App\Controllers\DashboardController->index()
 6 SYSTEMPATH\CodeIgniter.php(466): CodeIgniter\CodeIgniter->runController(Object(App\Controllers\DashboardController))
 7 SYSTEMPATH\CodeIgniter.php(349): CodeIgniter\CodeIgniter->handleRequest(null, Object(Config\Cache), false)
 8 FCPATH\index.php(55): CodeIgniter\CodeIgniter->run()
 9 SYSTEMPATH\Commands\Server\rewrite.php(43): require_once('FCPATH\\index.php')
CRITICAL - 2022-07-21 12:07:16 --> Invalid file: sidebar.php
in SYSTEMPATH\Exceptions\FrameworkException.php on line 33.
 1 SYSTEMPATH\View\View.php(201): CodeIgniter\Exceptions\FrameworkException::forInvalidFile('sidebar.php')
 2 SYSTEMPATH\View\View.php(229): CodeIgniter\View\View->render('sidebar', [], true)
 3 SYSTEMPATH\Common.php(1135): CodeIgniter\View\View->render('dashboard/index', [], true)
 4 APPPATH\Controllers\DashboardController.php(13): view('dashboard/index')
 5 SYSTEMPATH\CodeIgniter.php(896): App\Controllers\DashboardController->index()
 6 SYSTEMPATH\CodeIgniter.php(466): CodeIgniter\CodeIgniter->runController(Object(App\Controllers\DashboardController))
 7 SYSTEMPATH\CodeIgniter.php(349): CodeIgniter\CodeIgniter->handleRequest(null, Object(Config\Cache), false)
 8 FCPATH\index.php(55): CodeIgniter\CodeIgniter->run()
 9 SYSTEMPATH\Commands\Server\rewrite.php(43): require_once('FCPATH\\index.php')
CRITICAL - 2022-07-21 12:07:17 --> Invalid file: sidebar.php
in SYSTEMPATH\Exceptions\FrameworkException.php on line 33.
 1 SYSTEMPATH\View\View.php(201): CodeIgniter\Exceptions\FrameworkException::forInvalidFile('sidebar.php')
 2 SYSTEMPATH\View\View.php(229): CodeIgniter\View\View->render('sidebar', [], true)
 3 SYSTEMPATH\Common.php(1135): CodeIgniter\View\View->render('dashboard/index', [], true)
 4 APPPATH\Controllers\DashboardController.php(13): view('dashboard/index')
 5 SYSTEMPATH\CodeIgniter.php(896): App\Controllers\DashboardController->index()
 6 SYSTEMPATH\CodeIgniter.php(466): CodeIgniter\CodeIgniter->runController(Object(App\Controllers\DashboardController))
 7 SYSTEMPATH\CodeIgniter.php(349): CodeIgniter\CodeIgniter->handleRequest(null, Object(Config\Cache), false)
 8 FCPATH\index.php(55): CodeIgniter\CodeIgniter->run()
 9 SYSTEMPATH\Commands\Server\rewrite.php(43): require_once('FCPATH\\index.php')
CRITICAL - 2022-07-21 12:08:10 --> Invalid file: sidebar.php
in SYSTEMPATH\Exceptions\FrameworkException.php on line 33.
 1 SYSTEMPATH\View\View.php(201): CodeIgniter\Exceptions\FrameworkException::forInvalidFile('sidebar.php')
 2 SYSTEMPATH\View\View.php(229): CodeIgniter\View\View->render('sidebar', [], true)
 3 SYSTEMPATH\Common.php(1135): CodeIgniter\View\View->render('dashboard/index', [], true)
 4 APPPATH\Controllers\DashboardController.php(13): view('dashboard/index')
 5 SYSTEMPATH\CodeIgniter.php(896): App\Controllers\DashboardController->index()
 6 SYSTEMPATH\CodeIgniter.php(466): CodeIgniter\CodeIgniter->runController(Object(App\Controllers\DashboardController))
 7 SYSTEMPATH\CodeIgniter.php(349): CodeIgniter\CodeIgniter->handleRequest(null, Object(Config\Cache), false)
 8 FCPATH\index.php(55): CodeIgniter\CodeIgniter->run()
 9 SYSTEMPATH\Commands\Server\rewrite.php(43): require_once('FCPATH\\index.php')
CRITICAL - 2022-07-21 12:09:30 --> Invalid file: sidebar.php
in SYSTEMPATH\Exceptions\FrameworkException.php on line 33.
 1 SYSTEMPATH\View\View.php(201): CodeIgniter\Exceptions\FrameworkException::forInvalidFile('sidebar.php')
 2 SYSTEMPATH\View\View.php(229): CodeIgniter\View\View->render('sidebar', [], true)
 3 SYSTEMPATH\Common.php(1135): CodeIgniter\View\View->render('dashboard/index', [], true)
 4 APPPATH\Controllers\DashboardController.php(13): view('dashboard/index')
 5 SYSTEMPATH\CodeIgniter.php(896): App\Controllers\DashboardController->index()
 6 SYSTEMPATH\CodeIgniter.php(466): CodeIgniter\CodeIgniter->runController(Object(App\Controllers\DashboardController))
 7 SYSTEMPATH\CodeIgniter.php(349): CodeIgniter\CodeIgniter->handleRequest(null, Object(Config\Cache), false)
 8 FCPATH\index.php(55): CodeIgniter\CodeIgniter->run()
 9 SYSTEMPATH\Commands\Server\rewrite.php(43): require_once('FCPATH\\index.php')
CRITICAL - 2022-07-21 12:13:42 --> Invalid file: side-body.php
in SYSTEMPATH\Exceptions\FrameworkException.php on line 33.
 1 SYSTEMPATH\View\View.php(201): CodeIgniter\Exceptions\FrameworkException::forInvalidFile('side-body.php')
 2 SYSTEMPATH\View\View.php(229): CodeIgniter\View\View->render('side-body', [], true)
 3 SYSTEMPATH\Common.php(1135): CodeIgniter\View\View->render('dashboard/changePassword', [], true)
 4 APPPATH\Controllers\DashboardController.php(58): view('dashboard/changePassword')
 5 SYSTEMPATH\CodeIgniter.php(896): App\Controllers\DashboardController->changePassword()
 6 SYSTEMPATH\CodeIgniter.php(466): CodeIgniter\CodeIgniter->runController(Object(App\Controllers\DashboardController))
 7 SYSTEMPATH\CodeIgniter.php(349): CodeIgniter\CodeIgniter->handleRequest(null, Object(Config\Cache), false)
 8 FCPATH\index.php(55): CodeIgniter\CodeIgniter->run()
 9 SYSTEMPATH\Commands\Server\rewrite.php(43): require_once('FCPATH\\index.php')
CRITICAL - 2022-07-21 12:13:49 --> Invalid file: sidebar.php
in SYSTEMPATH\Exceptions\FrameworkException.php on line 33.
 1 SYSTEMPATH\View\View.php(201): CodeIgniter\Exceptions\FrameworkException::forInvalidFile('sidebar.php')
 2 SYSTEMPATH\View\View.php(229): CodeIgniter\View\View->render('sidebar', [], true)
 3 SYSTEMPATH\Common.php(1135): CodeIgniter\View\View->render('dashboard/changePassword', [], true)
 4 APPPATH\Controllers\DashboardController.php(58): view('dashboard/changePassword')
 5 SYSTEMPATH\CodeIgniter.php(896): App\Controllers\DashboardController->changePassword()
 6 SYSTEMPATH\CodeIgniter.php(466): CodeIgniter\CodeIgniter->runController(Object(App\Controllers\DashboardController))
 7 SYSTEMPATH\CodeIgniter.php(349): CodeIgniter\CodeIgniter->handleRequest(null, Object(Config\Cache), false)
 8 FCPATH\index.php(55): CodeIgniter\CodeIgniter->run()
 9 SYSTEMPATH\Commands\Server\rewrite.php(43): require_once('FCPATH\\index.php')
CRITICAL - 2022-07-21 12:13:50 --> Invalid file: sidebar.php
in SYSTEMPATH\Exceptions\FrameworkException.php on line 33.
 1 SYSTEMPATH\View\View.php(201): CodeIgniter\Exceptions\FrameworkException::forInvalidFile('sidebar.php')
 2 SYSTEMPATH\View\View.php(229): CodeIgniter\View\View->render('sidebar', [], true)
 3 SYSTEMPATH\Common.php(1135): CodeIgniter\View\View->render('dashboard/changePassword', [], true)
 4 APPPATH\Controllers\DashboardController.php(58): view('dashboard/changePassword')
 5 SYSTEMPATH\CodeIgniter.php(896): App\Controllers\DashboardController->changePassword()
 6 SYSTEMPATH\CodeIgniter.php(466): CodeIgniter\CodeIgniter->runController(Object(App\Controllers\DashboardController))
 7 SYSTEMPATH\CodeIgniter.php(349): CodeIgniter\CodeIgniter->handleRequest(null, Object(Config\Cache), false)
 8 FCPATH\index.php(55): CodeIgniter\CodeIgniter->run()
 9 SYSTEMPATH\Commands\Server\rewrite.php(43): require_once('FCPATH\\index.php')
CRITICAL - 2022-07-21 12:13:50 --> Invalid file: sidebar.php
in SYSTEMPATH\Exceptions\FrameworkException.php on line 33.
 1 SYSTEMPATH\View\View.php(201): CodeIgniter\Exceptions\FrameworkException::forInvalidFile('sidebar.php')
 2 SYSTEMPATH\View\View.php(229): CodeIgniter\View\View->render('sidebar', [], true)
 3 SYSTEMPATH\Common.php(1135): CodeIgniter\View\View->render('dashboard/changePassword', [], true)
 4 APPPATH\Controllers\DashboardController.php(58): view('dashboard/changePassword')
 5 SYSTEMPATH\CodeIgniter.php(896): App\Controllers\DashboardController->changePassword()
 6 SYSTEMPATH\CodeIgniter.php(466): CodeIgniter\CodeIgniter->runController(Object(App\Controllers\DashboardController))
 7 SYSTEMPATH\CodeIgniter.php(349): CodeIgniter\CodeIgniter->handleRequest(null, Object(Config\Cache), false)
 8 FCPATH\index.php(55): CodeIgniter\CodeIgniter->run()
 9 SYSTEMPATH\Commands\Server\rewrite.php(43): require_once('FCPATH\\index.php')
CRITICAL - 2022-07-21 12:13:51 --> Invalid file: sidebar.php
in SYSTEMPATH\Exceptions\FrameworkException.php on line 33.
 1 SYSTEMPATH\View\View.php(201): CodeIgniter\Exceptions\FrameworkException::forInvalidFile('sidebar.php')
 2 SYSTEMPATH\View\View.php(229): CodeIgniter\View\View->render('sidebar', [], true)
 3 SYSTEMPATH\Common.php(1135): CodeIgniter\View\View->render('dashboard/changePassword', [], true)
 4 APPPATH\Controllers\DashboardController.php(58): view('dashboard/changePassword')
 5 SYSTEMPATH\CodeIgniter.php(896): App\Controllers\DashboardController->changePassword()
 6 SYSTEMPATH\CodeIgniter.php(466): CodeIgniter\CodeIgniter->runController(Object(App\Controllers\DashboardController))
 7 SYSTEMPATH\CodeIgniter.php(349): CodeIgniter\CodeIgniter->handleRequest(null, Object(Config\Cache), false)
 8 FCPATH\index.php(55): CodeIgniter\CodeIgniter->run()
 9 SYSTEMPATH\Commands\Server\rewrite.php(43): require_once('FCPATH\\index.php')
CRITICAL - 2022-07-21 12:29:40 --> require(sidebar.php): Failed to open stream: No such file or directory
in APPPATH\Views\dashboard\changePassword.php on line 3.
 1 APPPATH\Views\dashboard\changePassword.php(3): CodeIgniter\Debug\Exceptions->errorHandler(2, 'require(sidebar.php): Failed to open stream: No such file or directory', 'APPPATH\\Views\\dashboard\\changePassword.php', 3)
 2 APPPATH\Views\dashboard\changePassword.php(3): require()
 3 SYSTEMPATH\View\View.php(213): include('APPPATH\\Views\\dashboard\\changePassword.php')
 4 SYSTEMPATH\View\View.php(216): CodeIgniter\View\View->CodeIgniter\View\{closure}()
 5 SYSTEMPATH\Common.php(1135): CodeIgniter\View\View->render('dashboard/changePassword', [], true)
 6 APPPATH\Controllers\DashboardController.php(58): view('dashboard/changePassword')
 7 SYSTEMPATH\CodeIgniter.php(896): App\Controllers\DashboardController->changePassword()
 8 SYSTEMPATH\CodeIgniter.php(466): CodeIgniter\CodeIgniter->runController(Object(App\Controllers\DashboardController))
 9 SYSTEMPATH\CodeIgniter.php(349): CodeIgniter\CodeIgniter->handleRequest(null, Object(Config\Cache), false)
10 FCPATH\index.php(55): CodeIgniter\CodeIgniter->run()
11 SYSTEMPATH\Commands\Server\rewrite.php(43): require_once('FCPATH\\index.php')
CRITICAL - 2022-07-21 12:30:48 --> require(./include/sidebar.php): Failed to open stream: No such file or directory
in APPPATH\Views\dashboard\addExpense.php on line 3.
 1 APPPATH\Views\dashboard\addExpense.php(3): CodeIgniter\Debug\Exceptions->errorHandler(2, 'require(./include/sidebar.php): Failed to open stream: No such file or directory', 'APPPATH\\Views\\dashboard\\addExpense.php', 3)
 2 APPPATH\Views\dashboard\addExpense.php(3): require()
 3 SYSTEMPATH\View\View.php(213): include('APPPATH\\Views\\dashboard\\addExpense.php')
 4 SYSTEMPATH\View\View.php(216): CodeIgniter\View\View->CodeIgniter\View\{closure}()
 5 SYSTEMPATH\Common.php(1135): CodeIgniter\View\View->render('dashboard/addExpense', [], true)
 6 APPPATH\Controllers\DashboardController.php(63): view('dashboard/addExpense')
 7 SYSTEMPATH\CodeIgniter.php(896): App\Controllers\DashboardController->addExpense()
 8 SYSTEMPATH\CodeIgniter.php(466): CodeIgniter\CodeIgniter->runController(Object(App\Controllers\DashboardController))
 9 SYSTEMPATH\CodeIgniter.php(349): CodeIgniter\CodeIgniter->handleRequest(null, Object(Config\Cache), false)
10 FCPATH\index.php(55): CodeIgniter\CodeIgniter->run()
11 SYSTEMPATH\Commands\Server\rewrite.php(43): require_once('FCPATH\\index.php')
CRITICAL - 2022-07-21 12:31:15 --> Call to undefined function form_open()
in APPPATH\Views\dashboard\addExpense.php on line 32.
 1 SYSTEMPATH\View\View.php(213): include()
 2 SYSTEMPATH\View\View.php(216): CodeIgniter\View\View->CodeIgniter\View\{closure}()
 3 SYSTEMPATH\Common.php(1135): CodeIgniter\View\View->render('dashboard/addExpense', [], true)
 4 APPPATH\Controllers\DashboardController.php(63): view('dashboard/addExpense')
 5 SYSTEMPATH\CodeIgniter.php(896): App\Controllers\DashboardController->addExpense()
 6 SYSTEMPATH\CodeIgniter.php(466): CodeIgniter\CodeIgniter->runController(Object(App\Controllers\DashboardController))
 7 SYSTEMPATH\CodeIgniter.php(349): CodeIgniter\CodeIgniter->handleRequest(null, Object(Config\Cache), false)
 8 FCPATH\index.php(55): CodeIgniter\CodeIgniter->run()
 9 SYSTEMPATH\Commands\Server\rewrite.php(43): require_once('FCPATH\\index.php')
CRITICAL - 2022-07-21 21:47:49 --> require(./include/sidebar.php): Failed to open stream: No such file or directory
in APPPATH\Views\dashboard\index.php on line 3.
 1 APPPATH\Views\dashboard\index.php(3): CodeIgniter\Debug\Exceptions->errorHandler(2, 'require(./include/sidebar.php): Failed to open stream: No such file or directory', 'APPPATH\\Views\\dashboard\\index.php', 3)
 2 APPPATH\Views\dashboard\index.php(3): require()
 3 SYSTEMPATH\View\View.php(213): include('APPPATH\\Views\\dashboard\\index.php')
 4 SYSTEMPATH\View\View.php(216): CodeIgniter\View\View->CodeIgniter\View\{closure}()
 5 SYSTEMPATH\Common.php(1135): CodeIgniter\View\View->render('dashboard/index', [], true)
 6 APPPATH\Controllers\DashboardController.php(13): view('dashboard/index')
 7 SYSTEMPATH\CodeIgniter.php(896): App\Controllers\DashboardController->index()
 8 SYSTEMPATH\CodeIgniter.php(466): CodeIgniter\CodeIgniter->runController(Object(App\Controllers\DashboardController))
 9 SYSTEMPATH\CodeIgniter.php(349): CodeIgniter\CodeIgniter->handleRequest(null, Object(Config\Cache), false)
10 FCPATH\index.php(55): CodeIgniter\CodeIgniter->run()
11 SYSTEMPATH\Commands\Server\rewrite.php(43): require_once('FCPATH\\index.php')
CRITICAL - 2022-07-21 21:48:11 --> require(./include/sidebar.php): Failed to open stream: No such file or directory
in APPPATH\Views\dashboard\index.php on line 3.
 1 APPPATH\Views\dashboard\index.php(3): CodeIgniter\Debug\Exceptions->errorHandler(2, 'require(./include/sidebar.php): Failed to open stream: No such file or directory', 'APPPATH\\Views\\dashboard\\index.php', 3)
 2 APPPATH\Views\dashboard\index.php(3): require()
 3 SYSTEMPATH\View\View.php(213): include('APPPATH\\Views\\dashboard\\index.php')
 4 SYSTEMPATH\View\View.php(216): CodeIgniter\View\View->CodeIgniter\View\{closure}()
 5 SYSTEMPATH\Common.php(1135): CodeIgniter\View\View->render('dashboard/index', [], true)
 6 APPPATH\Controllers\DashboardController.php(13): view('dashboard/index')
 7 SYSTEMPATH\CodeIgniter.php(896): App\Controllers\DashboardController->index()
 8 SYSTEMPATH\CodeIgniter.php(466): CodeIgniter\CodeIgniter->runController(Object(App\Controllers\DashboardController))
 9 SYSTEMPATH\CodeIgniter.php(349): CodeIgniter\CodeIgniter->handleRequest(null, Object(Config\Cache), false)
10 FCPATH\index.php(55): CodeIgniter\CodeIgniter->run()
11 SYSTEMPATH\Commands\Server\rewrite.php(43): require_once('FCPATH\\index.php')
CRITICAL - 2022-07-21 21:48:13 --> require(./include/sidebar.php): Failed to open stream: No such file or directory
in APPPATH\Views\dashboard\index.php on line 3.
 1 APPPATH\Views\dashboard\index.php(3): CodeIgniter\Debug\Exceptions->errorHandler(2, 'require(./include/sidebar.php): Failed to open stream: No such file or directory', 'APPPATH\\Views\\dashboard\\index.php', 3)
 2 APPPATH\Views\dashboard\index.php(3): require()
 3 SYSTEMPATH\View\View.php(213): include('APPPATH\\Views\\dashboard\\index.php')
 4 SYSTEMPATH\View\View.php(216): CodeIgniter\View\View->CodeIgniter\View\{closure}()
 5 SYSTEMPATH\Common.php(1135): CodeIgniter\View\View->render('dashboard/index', [], true)
 6 APPPATH\Controllers\DashboardController.php(13): view('dashboard/index')
 7 SYSTEMPATH\CodeIgniter.php(896): App\Controllers\DashboardController->index()
 8 SYSTEMPATH\CodeIgniter.php(466): CodeIgniter\CodeIgniter->runController(Object(App\Controllers\DashboardController))
 9 SYSTEMPATH\CodeIgniter.php(349): CodeIgniter\CodeIgniter->handleRequest(null, Object(Config\Cache), false)
10 FCPATH\index.php(55): CodeIgniter\CodeIgniter->run()
11 SYSTEMPATH\Commands\Server\rewrite.php(43): require_once('FCPATH\\index.php')
CRITICAL - 2022-07-21 21:48:13 --> require(./include/sidebar.php): Failed to open stream: No such file or directory
in APPPATH\Views\dashboard\index.php on line 3.
 1 APPPATH\Views\dashboard\index.php(3): CodeIgniter\Debug\Exceptions->errorHandler(2, 'require(./include/sidebar.php): Failed to open stream: No such file or directory', 'APPPATH\\Views\\dashboard\\index.php', 3)
 2 APPPATH\Views\dashboard\index.php(3): require()
 3 SYSTEMPATH\View\View.php(213): include('APPPATH\\Views\\dashboard\\index.php')
 4 SYSTEMPATH\View\View.php(216): CodeIgniter\View\View->CodeIgniter\View\{closure}()
 5 SYSTEMPATH\Common.php(1135): CodeIgniter\View\View->render('dashboard/index', [], true)
 6 APPPATH\Controllers\DashboardController.php(13): view('dashboard/index')
 7 SYSTEMPATH\CodeIgniter.php(896): App\Controllers\DashboardController->index()
 8 SYSTEMPATH\CodeIgniter.php(466): CodeIgniter\CodeIgniter->runController(Object(App\Controllers\DashboardController))
 9 SYSTEMPATH\CodeIgniter.php(349): CodeIgniter\CodeIgniter->handleRequest(null, Object(Config\Cache), false)
10 FCPATH\index.php(55): CodeIgniter\CodeIgniter->run()
11 SYSTEMPATH\Commands\Server\rewrite.php(43): require_once('FCPATH\\index.php')
CRITICAL - 2022-07-21 21:49:14 --> require(./include/sidebar.php): Failed to open stream: No such file or directory
in APPPATH\Views\dashboard\index.php on line 3.
 1 APPPATH\Views\dashboard\index.php(3): CodeIgniter\Debug\Exceptions->errorHandler(2, 'require(./include/sidebar.php): Failed to open stream: No such file or directory', 'APPPATH\\Views\\dashboard\\index.php', 3)
 2 APPPATH\Views\dashboard\index.php(3): require()
 3 SYSTEMPATH\View\View.php(213): include('APPPATH\\Views\\dashboard\\index.php')
 4 SYSTEMPATH\View\View.php(216): CodeIgniter\View\View->CodeIgniter\View\{closure}()
 5 SYSTEMPATH\Common.php(1135): CodeIgniter\View\View->render('dashboard/index', [], true)
 6 APPPATH\Controllers\DashboardController.php(13): view('dashboard/index')
 7 SYSTEMPATH\CodeIgniter.php(896): App\Controllers\DashboardController->index()
 8 SYSTEMPATH\CodeIgniter.php(466): CodeIgniter\CodeIgniter->runController(Object(App\Controllers\DashboardController))
 9 SYSTEMPATH\CodeIgniter.php(349): CodeIgniter\CodeIgniter->handleRequest(null, Object(Config\Cache), false)
10 FCPATH\index.php(55): CodeIgniter\CodeIgniter->run()
11 SYSTEMPATH\Commands\Server\rewrite.php(43): require_once('FCPATH\\index.php')
CRITICAL - 2022-07-21 21:55:54 --> Invalid file: index.php
in SYSTEMPATH\Exceptions\FrameworkException.php on line 33.
 1 SYSTEMPATH\View\View.php(201): CodeIgniter\Exceptions\FrameworkException::forInvalidFile('FCPATH\\index.php')
 2 SYSTEMPATH\View\View.php(229): CodeIgniter\View\View->render('index', [], true)
 3 SYSTEMPATH\Common.php(1135): CodeIgniter\View\View->render('dashboard/changePassword', [], true)
 4 APPPATH\Controllers\DashboardController.php(58): view('dashboard/changePassword')
 5 SYSTEMPATH\CodeIgniter.php(896): App\Controllers\DashboardController->changePassword()
 6 SYSTEMPATH\CodeIgniter.php(466): CodeIgniter\CodeIgniter->runController(Object(App\Controllers\DashboardController))
 7 SYSTEMPATH\CodeIgniter.php(349): CodeIgniter\CodeIgniter->handleRequest(null, Object(Config\Cache), false)
 8 FCPATH\index.php(55): CodeIgniter\CodeIgniter->run()
 9 SYSTEMPATH\Commands\Server\rewrite.php(43): require_once('FCPATH\\index.php')
