ERROR - 2022-07-26 12:35:47 --> Unknown column 'ExpesneDate' in 'where clause'
CRITICAL - 2022-07-26 12:35:47 --> Call to a member function getResult() on bool
in SYSTEMPATH\Model.php on line 223.
 1 SYSTEMPATH\BaseModel.php(584): CodeIgniter\Model->doFindAll(0, 0)
 2 APPPATH\Controllers\DashboardController.php(42): CodeIgniter\BaseModel->findAll()
 3 SYSTEMPATH\CodeIgniter.php(896): App\Controllers\DashboardController->index()
 4 SYSTEMPATH\CodeIgniter.php(466): CodeIgniter\CodeIgniter->runController(Object(App\Controllers\DashboardController))
 5 SYSTEMPATH\CodeIgniter.php(349): CodeIgniter\CodeIgniter->handleRequest(null, Object(Config\Cache), false)
 6 FCPATH\index.php(55): CodeIgniter\CodeIgniter->run()
 7 SYSTEMPATH\Commands\Server\rewrite.php(43): require_once('FCPATH\\index.php')
ERROR - 2022-07-26 12:36:35 --> Unknown column 'ExpesneDate' in 'where clause'
CRITICAL - 2022-07-26 12:36:35 --> Call to a member function getResult() on bool
in SYSTEMPATH\Model.php on line 223.
 1 SYSTEMPATH\BaseModel.php(584): CodeIgniter\Model->doFindAll(0, 0)
 2 APPPATH\Controllers\DashboardController.php(42): CodeIgniter\BaseModel->findAll()
 3 SYSTEMPATH\CodeIgniter.php(896): App\Controllers\DashboardController->index()
 4 SYSTEMPATH\CodeIgniter.php(466): CodeIgniter\CodeIgniter->runController(Object(App\Controllers\DashboardController))
 5 SYSTEMPATH\CodeIgniter.php(349): CodeIgniter\CodeIgniter->handleRequest(null, Object(Config\Cache), false)
 6 FCPATH\index.php(55): CodeIgniter\CodeIgniter->run()
 7 SYSTEMPATH\Commands\Server\rewrite.php(43): require_once('FCPATH\\index.php')
ERROR - 2022-07-26 12:36:36 --> Unknown column 'ExpesneDate' in 'where clause'
CRITICAL - 2022-07-26 12:36:36 --> Call to a member function getResult() on bool
in SYSTEMPATH\Model.php on line 223.
 1 SYSTEMPATH\BaseModel.php(584): CodeIgniter\Model->doFindAll(0, 0)
 2 APPPATH\Controllers\DashboardController.php(42): CodeIgniter\BaseModel->findAll()
 3 SYSTEMPATH\CodeIgniter.php(896): App\Controllers\DashboardController->index()
 4 SYSTEMPATH\CodeIgniter.php(466): CodeIgniter\CodeIgniter->runController(Object(App\Controllers\DashboardController))
 5 SYSTEMPATH\CodeIgniter.php(349): CodeIgniter\CodeIgniter->handleRequest(null, Object(Config\Cache), false)
 6 FCPATH\index.php(55): CodeIgniter\CodeIgniter->run()
 7 SYSTEMPATH\Commands\Server\rewrite.php(43): require_once('FCPATH\\index.php')
ERROR - 2022-07-26 12:36:36 --> Unknown column 'ExpesneDate' in 'where clause'
CRITICAL - 2022-07-26 12:36:36 --> Call to a member function getResult() on bool
in SYSTEMPATH\Model.php on line 223.
 1 SYSTEMPATH\BaseModel.php(584): CodeIgniter\Model->doFindAll(0, 0)
 2 APPPATH\Controllers\DashboardController.php(42): CodeIgniter\BaseModel->findAll()
 3 SYSTEMPATH\CodeIgniter.php(896): App\Controllers\DashboardController->index()
 4 SYSTEMPATH\CodeIgniter.php(466): CodeIgniter\CodeIgniter->runController(Object(App\Controllers\DashboardController))
 5 SYSTEMPATH\CodeIgniter.php(349): CodeIgniter\CodeIgniter->handleRequest(null, Object(Config\Cache), false)
 6 FCPATH\index.php(55): CodeIgniter\CodeIgniter->run()
 7 SYSTEMPATH\Commands\Server\rewrite.php(43): require_once('FCPATH\\index.php')
ERROR - 2022-07-26 12:36:37 --> Unknown column 'ExpesneDate' in 'where clause'
CRITICAL - 2022-07-26 12:36:37 --> Call to a member function getResult() on bool
in SYSTEMPATH\Model.php on line 223.
 1 SYSTEMPATH\BaseModel.php(584): CodeIgniter\Model->doFindAll(0, 0)
 2 APPPATH\Controllers\DashboardController.php(42): CodeIgniter\BaseModel->findAll()
 3 SYSTEMPATH\CodeIgniter.php(896): App\Controllers\DashboardController->index()
 4 SYSTEMPATH\CodeIgniter.php(466): CodeIgniter\CodeIgniter->runController(Object(App\Controllers\DashboardController))
 5 SYSTEMPATH\CodeIgniter.php(349): CodeIgniter\CodeIgniter->handleRequest(null, Object(Config\Cache), false)
 6 FCPATH\index.php(55): CodeIgniter\CodeIgniter->run()
 7 SYSTEMPATH\Commands\Server\rewrite.php(43): require_once('FCPATH\\index.php')
ERROR - 2022-07-26 12:36:37 --> Unknown column 'ExpesneDate' in 'where clause'
CRITICAL - 2022-07-26 12:36:37 --> Call to a member function getResult() on bool
in SYSTEMPATH\Model.php on line 223.
 1 SYSTEMPATH\BaseModel.php(584): CodeIgniter\Model->doFindAll(0, 0)
 2 APPPATH\Controllers\DashboardController.php(42): CodeIgniter\BaseModel->findAll()
 3 SYSTEMPATH\CodeIgniter.php(896): App\Controllers\DashboardController->index()
 4 SYSTEMPATH\CodeIgniter.php(466): CodeIgniter\CodeIgniter->runController(Object(App\Controllers\DashboardController))
 5 SYSTEMPATH\CodeIgniter.php(349): CodeIgniter\CodeIgniter->handleRequest(null, Object(Config\Cache), false)
 6 FCPATH\index.php(55): CodeIgniter\CodeIgniter->run()
 7 SYSTEMPATH\Commands\Server\rewrite.php(43): require_once('FCPATH\\index.php')
ERROR - 2022-07-26 12:36:59 --> Unknown column 'ExpesneDate' in 'where clause'
CRITICAL - 2022-07-26 12:36:59 --> Call to a member function getResult() on bool
in SYSTEMPATH\Model.php on line 223.
 1 SYSTEMPATH\BaseModel.php(584): CodeIgniter\Model->doFindAll(0, 0)
 2 APPPATH\Controllers\DashboardController.php(42): CodeIgniter\BaseModel->findAll()
 3 SYSTEMPATH\CodeIgniter.php(896): App\Controllers\DashboardController->index()
 4 SYSTEMPATH\CodeIgniter.php(466): CodeIgniter\CodeIgniter->runController(Object(App\Controllers\DashboardController))
 5 SYSTEMPATH\CodeIgniter.php(349): CodeIgniter\CodeIgniter->handleRequest(null, Object(Config\Cache), false)
 6 FCPATH\index.php(55): CodeIgniter\CodeIgniter->run()
 7 SYSTEMPATH\Commands\Server\rewrite.php(43): require_once('FCPATH\\index.php')
ERROR - 2022-07-26 12:37:00 --> Unknown column 'ExpesneDate' in 'where clause'
CRITICAL - 2022-07-26 12:37:00 --> Call to a member function getResult() on bool
in SYSTEMPATH\Model.php on line 223.
 1 SYSTEMPATH\BaseModel.php(584): CodeIgniter\Model->doFindAll(0, 0)
 2 APPPATH\Controllers\DashboardController.php(42): CodeIgniter\BaseModel->findAll()
 3 SYSTEMPATH\CodeIgniter.php(896): App\Controllers\DashboardController->index()
 4 SYSTEMPATH\CodeIgniter.php(466): CodeIgniter\CodeIgniter->runController(Object(App\Controllers\DashboardController))
 5 SYSTEMPATH\CodeIgniter.php(349): CodeIgniter\CodeIgniter->handleRequest(null, Object(Config\Cache), false)
 6 FCPATH\index.php(55): CodeIgniter\CodeIgniter->run()
 7 SYSTEMPATH\Commands\Server\rewrite.php(43): require_once('FCPATH\\index.php')
ERROR - 2022-07-26 12:39:41 --> Unknown column 'ExpesneDate' in 'where clause'
CRITICAL - 2022-07-26 12:39:41 --> Call to a member function getResult() on bool
in SYSTEMPATH\Model.php on line 223.
 1 SYSTEMPATH\BaseModel.php(584): CodeIgniter\Model->doFindAll(0, 0)
 2 APPPATH\Controllers\DashboardController.php(42): CodeIgniter\BaseModel->findAll()
 3 SYSTEMPATH\CodeIgniter.php(896): App\Controllers\DashboardController->index()
 4 SYSTEMPATH\CodeIgniter.php(466): CodeIgniter\CodeIgniter->runController(Object(App\Controllers\DashboardController))
 5 SYSTEMPATH\CodeIgniter.php(349): CodeIgniter\CodeIgniter->handleRequest(null, Object(Config\Cache), false)
 6 FCPATH\index.php(55): CodeIgniter\CodeIgniter->run()
 7 SYSTEMPATH\Commands\Server\rewrite.php(43): require_once('FCPATH\\index.php')
CRITICAL - 2022-07-26 12:40:01 --> Cannot access offset of type string on string
in APPPATH\Views\dashboard\dashboard.php on line 32.
 1 SYSTEMPATH\View\View.php(213): include()
 2 SYSTEMPATH\View\View.php(216): CodeIgniter\View\View->CodeIgniter\View\{closure}()
 3 SYSTEMPATH\Common.php(1135): CodeIgniter\View\View->render('dashboard/dashboard', [], true)
 4 APPPATH\Controllers\DashboardController.php(65): view('dashboard/dashboard', [...])
 5 SYSTEMPATH\CodeIgniter.php(896): App\Controllers\DashboardController->index()
 6 SYSTEMPATH\CodeIgniter.php(466): CodeIgniter\CodeIgniter->runController(Object(App\Controllers\DashboardController))
 7 SYSTEMPATH\CodeIgniter.php(349): CodeIgniter\CodeIgniter->handleRequest(null, Object(Config\Cache), false)
 8 FCPATH\index.php(55): CodeIgniter\CodeIgniter->run()
 9 SYSTEMPATH\Commands\Server\rewrite.php(43): require_once('FCPATH\\index.php')
CRITICAL - 2022-07-26 12:40:57 --> Cannot access offset of type string on string
in APPPATH\Views\dashboard\dashboard.php on line 32.
 1 SYSTEMPATH\View\View.php(213): include()
 2 SYSTEMPATH\View\View.php(216): CodeIgniter\View\View->CodeIgniter\View\{closure}()
 3 SYSTEMPATH\Common.php(1135): CodeIgniter\View\View->render('dashboard/dashboard', [], true)
 4 APPPATH\Controllers\DashboardController.php(65): view('dashboard/dashboard', [...])
 5 SYSTEMPATH\CodeIgniter.php(896): App\Controllers\DashboardController->index()
 6 SYSTEMPATH\CodeIgniter.php(466): CodeIgniter\CodeIgniter->runController(Object(App\Controllers\DashboardController))
 7 SYSTEMPATH\CodeIgniter.php(349): CodeIgniter\CodeIgniter->handleRequest(null, Object(Config\Cache), false)
 8 FCPATH\index.php(55): CodeIgniter\CodeIgniter->run()
 9 SYSTEMPATH\Commands\Server\rewrite.php(43): require_once('FCPATH\\index.php')
ERROR - 2022-07-26 12:42:28 --> Unknown column 'ExpesneDate' in 'where clause'
CRITICAL - 2022-07-26 12:42:28 --> Call to a member function getResult() on bool
in SYSTEMPATH\Model.php on line 184.
 1 SYSTEMPATH\BaseModel.php(523): CodeIgniter\Model->doFind(false, null)
 2 APPPATH\Controllers\DashboardController.php(42): CodeIgniter\BaseModel->find()
 3 SYSTEMPATH\CodeIgniter.php(896): App\Controllers\DashboardController->index()
 4 SYSTEMPATH\CodeIgniter.php(466): CodeIgniter\CodeIgniter->runController(Object(App\Controllers\DashboardController))
 5 SYSTEMPATH\CodeIgniter.php(349): CodeIgniter\CodeIgniter->handleRequest(null, Object(Config\Cache), false)
 6 FCPATH\index.php(55): CodeIgniter\CodeIgniter->run()
 7 SYSTEMPATH\Commands\Server\rewrite.php(43): require_once('FCPATH\\index.php')
ERROR - 2022-07-26 12:46:51 --> Unknown column 'ExpesneDate' in 'where clause'
CRITICAL - 2022-07-26 12:46:51 --> Call to a member function getResult() on bool
in SYSTEMPATH\Model.php on line 184.
 1 SYSTEMPATH\BaseModel.php(523): CodeIgniter\Model->doFind(false, null)
 2 APPPATH\Controllers\DashboardController.php(42): CodeIgniter\BaseModel->find()
 3 SYSTEMPATH\CodeIgniter.php(896): App\Controllers\DashboardController->index()
 4 SYSTEMPATH\CodeIgniter.php(466): CodeIgniter\CodeIgniter->runController(Object(App\Controllers\DashboardController))
 5 SYSTEMPATH\CodeIgniter.php(349): CodeIgniter\CodeIgniter->handleRequest(null, Object(Config\Cache), false)
 6 FCPATH\index.php(55): CodeIgniter\CodeIgniter->run()
 7 SYSTEMPATH\Commands\Server\rewrite.php(43): require_once('FCPATH\\index.php')
ERROR - 2022-07-26 12:48:22 --> Unknown column 'created_at' in 'where clause'
CRITICAL - 2022-07-26 12:48:22 --> Call to a member function getResult() on bool
in SYSTEMPATH\Model.php on line 184.
 1 SYSTEMPATH\BaseModel.php(523): CodeIgniter\Model->doFind(false, null)
 2 APPPATH\Controllers\DashboardController.php(43): CodeIgniter\BaseModel->find()
 3 SYSTEMPATH\CodeIgniter.php(896): App\Controllers\DashboardController->index()
 4 SYSTEMPATH\CodeIgniter.php(466): CodeIgniter\CodeIgniter->runController(Object(App\Controllers\DashboardController))
 5 SYSTEMPATH\CodeIgniter.php(349): CodeIgniter\CodeIgniter->handleRequest(null, Object(Config\Cache), false)
 6 FCPATH\index.php(55): CodeIgniter\CodeIgniter->run()
 7 SYSTEMPATH\Commands\Server\rewrite.php(43): require_once('FCPATH\\index.php')
ERROR - 2022-07-26 12:48:23 --> Unknown column 'created_at' in 'where clause'
CRITICAL - 2022-07-26 12:48:23 --> Call to a member function getResult() on bool
in SYSTEMPATH\Model.php on line 184.
 1 SYSTEMPATH\BaseModel.php(523): CodeIgniter\Model->doFind(false, null)
 2 APPPATH\Controllers\DashboardController.php(43): CodeIgniter\BaseModel->find()
 3 SYSTEMPATH\CodeIgniter.php(896): App\Controllers\DashboardController->index()
 4 SYSTEMPATH\CodeIgniter.php(466): CodeIgniter\CodeIgniter->runController(Object(App\Controllers\DashboardController))
 5 SYSTEMPATH\CodeIgniter.php(349): CodeIgniter\CodeIgniter->handleRequest(null, Object(Config\Cache), false)
 6 FCPATH\index.php(55): CodeIgniter\CodeIgniter->run()
 7 SYSTEMPATH\Commands\Server\rewrite.php(43): require_once('FCPATH\\index.php')
ERROR - 2022-07-26 12:48:23 --> Unknown column 'created_at' in 'where clause'
CRITICAL - 2022-07-26 12:48:23 --> Call to a member function getResult() on bool
in SYSTEMPATH\Model.php on line 184.
 1 SYSTEMPATH\BaseModel.php(523): CodeIgniter\Model->doFind(false, null)
 2 APPPATH\Controllers\DashboardController.php(43): CodeIgniter\BaseModel->find()
 3 SYSTEMPATH\CodeIgniter.php(896): App\Controllers\DashboardController->index()
 4 SYSTEMPATH\CodeIgniter.php(466): CodeIgniter\CodeIgniter->runController(Object(App\Controllers\DashboardController))
 5 SYSTEMPATH\CodeIgniter.php(349): CodeIgniter\CodeIgniter->handleRequest(null, Object(Config\Cache), false)
 6 FCPATH\index.php(55): CodeIgniter\CodeIgniter->run()
 7 SYSTEMPATH\Commands\Server\rewrite.php(43): require_once('FCPATH\\index.php')
ERROR - 2022-07-26 12:52:19 --> Unknown column 'ExepenseCost' in 'field list'
CRITICAL - 2022-07-26 12:52:20 --> Call to a member function getResult() on bool
in APPPATH\Controllers\DashboardController.php on line 51.
 1 SYSTEMPATH\CodeIgniter.php(896): App\Controllers\DashboardController->index()
 2 SYSTEMPATH\CodeIgniter.php(466): CodeIgniter\CodeIgniter->runController(Object(App\Controllers\DashboardController))
 3 SYSTEMPATH\CodeIgniter.php(349): CodeIgniter\CodeIgniter->handleRequest(null, Object(Config\Cache), false)
 4 FCPATH\index.php(55): CodeIgniter\CodeIgniter->run()
 5 SYSTEMPATH\Commands\Server\rewrite.php(43): require_once('FCPATH\\index.php')
ERROR - 2022-07-26 12:53:32 --> Unknown column 'ExepenseCost' in 'field list'
CRITICAL - 2022-07-26 12:53:32 --> Call to a member function getResult() on bool
in APPPATH\Controllers\DashboardController.php on line 51.
 1 SYSTEMPATH\CodeIgniter.php(896): App\Controllers\DashboardController->index()
 2 SYSTEMPATH\CodeIgniter.php(466): CodeIgniter\CodeIgniter->runController(Object(App\Controllers\DashboardController))
 3 SYSTEMPATH\CodeIgniter.php(349): CodeIgniter\CodeIgniter->handleRequest(null, Object(Config\Cache), false)
 4 FCPATH\index.php(55): CodeIgniter\CodeIgniter->run()
 5 SYSTEMPATH\Commands\Server\rewrite.php(43): require_once('FCPATH\\index.php')
ERROR - 2022-07-26 12:54:13 --> Unknown column 'ExepenseCost' in 'field list'
CRITICAL - 2022-07-26 12:54:13 --> Call to a member function getResult() on bool
in APPPATH\Controllers\DashboardController.php on line 51.
 1 SYSTEMPATH\CodeIgniter.php(896): App\Controllers\DashboardController->index()
 2 SYSTEMPATH\CodeIgniter.php(466): CodeIgniter\CodeIgniter->runController(Object(App\Controllers\DashboardController))
 3 SYSTEMPATH\CodeIgniter.php(349): CodeIgniter\CodeIgniter->handleRequest(null, Object(Config\Cache), false)
 4 FCPATH\index.php(55): CodeIgniter\CodeIgniter->run()
 5 SYSTEMPATH\Commands\Server\rewrite.php(43): require_once('FCPATH\\index.php')
ERROR - 2022-07-26 13:00:50 --> Unknown column 'ExpesneDate' in 'where clause'
CRITICAL - 2022-07-26 13:00:50 --> Call to a member function getResult() on bool
in SYSTEMPATH\Model.php on line 184.
 1 SYSTEMPATH\BaseModel.php(523): CodeIgniter\Model->doFind(false, null)
 2 APPPATH\Controllers\DashboardController.php(43): CodeIgniter\BaseModel->find()
 3 SYSTEMPATH\CodeIgniter.php(896): App\Controllers\DashboardController->index()
 4 SYSTEMPATH\CodeIgniter.php(466): CodeIgniter\CodeIgniter->runController(Object(App\Controllers\DashboardController))
 5 SYSTEMPATH\CodeIgniter.php(349): CodeIgniter\CodeIgniter->handleRequest(null, Object(Config\Cache), false)
 6 FCPATH\index.php(55): CodeIgniter\CodeIgniter->run()
 7 SYSTEMPATH\Commands\Server\rewrite.php(43): require_once('FCPATH\\index.php')
ERROR - 2022-07-26 13:01:07 --> Unknown column 'ExpesneDate' in 'where clause'
CRITICAL - 2022-07-26 13:01:07 --> Call to a member function getResult() on bool
in SYSTEMPATH\Model.php on line 184.
 1 SYSTEMPATH\BaseModel.php(523): CodeIgniter\Model->doFind(false, null)
 2 APPPATH\Controllers\DashboardController.php(43): CodeIgniter\BaseModel->find()
 3 SYSTEMPATH\CodeIgniter.php(896): App\Controllers\DashboardController->index()
 4 SYSTEMPATH\CodeIgniter.php(466): CodeIgniter\CodeIgniter->runController(Object(App\Controllers\DashboardController))
 5 SYSTEMPATH\CodeIgniter.php(349): CodeIgniter\CodeIgniter->handleRequest(null, Object(Config\Cache), false)
 6 FCPATH\index.php(55): CodeIgniter\CodeIgniter->run()
 7 SYSTEMPATH\Commands\Server\rewrite.php(43): require_once('FCPATH\\index.php')
ERROR - 2022-07-26 13:01:08 --> Unknown column 'ExpesneDate' in 'where clause'
CRITICAL - 2022-07-26 13:01:08 --> Call to a member function getResult() on bool
in SYSTEMPATH\Model.php on line 184.
 1 SYSTEMPATH\BaseModel.php(523): CodeIgniter\Model->doFind(false, null)
 2 APPPATH\Controllers\DashboardController.php(43): CodeIgniter\BaseModel->find()
 3 SYSTEMPATH\CodeIgniter.php(896): App\Controllers\DashboardController->index()
 4 SYSTEMPATH\CodeIgniter.php(466): CodeIgniter\CodeIgniter->runController(Object(App\Controllers\DashboardController))
 5 SYSTEMPATH\CodeIgniter.php(349): CodeIgniter\CodeIgniter->handleRequest(null, Object(Config\Cache), false)
 6 FCPATH\index.php(55): CodeIgniter\CodeIgniter->run()
 7 SYSTEMPATH\Commands\Server\rewrite.php(43): require_once('FCPATH\\index.php')
ERROR - 2022-07-26 13:01:08 --> Unknown column 'ExpesneDate' in 'where clause'
CRITICAL - 2022-07-26 13:01:08 --> Call to a member function getResult() on bool
in SYSTEMPATH\Model.php on line 184.
 1 SYSTEMPATH\BaseModel.php(523): CodeIgniter\Model->doFind(false, null)
 2 APPPATH\Controllers\DashboardController.php(43): CodeIgniter\BaseModel->find()
 3 SYSTEMPATH\CodeIgniter.php(896): App\Controllers\DashboardController->index()
 4 SYSTEMPATH\CodeIgniter.php(466): CodeIgniter\CodeIgniter->runController(Object(App\Controllers\DashboardController))
 5 SYSTEMPATH\CodeIgniter.php(349): CodeIgniter\CodeIgniter->handleRequest(null, Object(Config\Cache), false)
 6 FCPATH\index.php(55): CodeIgniter\CodeIgniter->run()
 7 SYSTEMPATH\Commands\Server\rewrite.php(43): require_once('FCPATH\\index.php')
ERROR - 2022-07-26 13:01:08 --> Unknown column 'ExpesneDate' in 'where clause'
CRITICAL - 2022-07-26 13:01:08 --> Call to a member function getResult() on bool
in SYSTEMPATH\Model.php on line 184.
 1 SYSTEMPATH\BaseModel.php(523): CodeIgniter\Model->doFind(false, null)
 2 APPPATH\Controllers\DashboardController.php(43): CodeIgniter\BaseModel->find()
 3 SYSTEMPATH\CodeIgniter.php(896): App\Controllers\DashboardController->index()
 4 SYSTEMPATH\CodeIgniter.php(466): CodeIgniter\CodeIgniter->runController(Object(App\Controllers\DashboardController))
 5 SYSTEMPATH\CodeIgniter.php(349): CodeIgniter\CodeIgniter->handleRequest(null, Object(Config\Cache), false)
 6 FCPATH\index.php(55): CodeIgniter\CodeIgniter->run()
 7 SYSTEMPATH\Commands\Server\rewrite.php(43): require_once('FCPATH\\index.php')
ERROR - 2022-07-26 13:01:12 --> Unknown column 'ExpesneDate' in 'where clause'
CRITICAL - 2022-07-26 13:01:12 --> Call to a member function getResult() on bool
in SYSTEMPATH\Model.php on line 184.
 1 SYSTEMPATH\BaseModel.php(523): CodeIgniter\Model->doFind(false, null)
 2 APPPATH\Controllers\DashboardController.php(43): CodeIgniter\BaseModel->find()
 3 SYSTEMPATH\CodeIgniter.php(896): App\Controllers\DashboardController->index()
 4 SYSTEMPATH\CodeIgniter.php(466): CodeIgniter\CodeIgniter->runController(Object(App\Controllers\DashboardController))
 5 SYSTEMPATH\CodeIgniter.php(349): CodeIgniter\CodeIgniter->handleRequest(null, Object(Config\Cache), false)
 6 FCPATH\index.php(55): CodeIgniter\CodeIgniter->run()
 7 SYSTEMPATH\Commands\Server\rewrite.php(43): require_once('FCPATH\\index.php')
ERROR - 2022-07-26 13:01:12 --> Unknown column 'ExpesneDate' in 'where clause'
CRITICAL - 2022-07-26 13:01:12 --> Call to a member function getResult() on bool
in SYSTEMPATH\Model.php on line 184.
 1 SYSTEMPATH\BaseModel.php(523): CodeIgniter\Model->doFind(false, null)
 2 APPPATH\Controllers\DashboardController.php(43): CodeIgniter\BaseModel->find()
 3 SYSTEMPATH\CodeIgniter.php(896): App\Controllers\DashboardController->index()
 4 SYSTEMPATH\CodeIgniter.php(466): CodeIgniter\CodeIgniter->runController(Object(App\Controllers\DashboardController))
 5 SYSTEMPATH\CodeIgniter.php(349): CodeIgniter\CodeIgniter->handleRequest(null, Object(Config\Cache), false)
 6 FCPATH\index.php(55): CodeIgniter\CodeIgniter->run()
 7 SYSTEMPATH\Commands\Server\rewrite.php(43): require_once('FCPATH\\index.php')
ERROR - 2022-07-26 13:01:21 --> Unknown column 'ExpesneDate' in 'where clause'
CRITICAL - 2022-07-26 13:01:21 --> Call to a member function getResult() on bool
in SYSTEMPATH\Model.php on line 184.
 1 SYSTEMPATH\BaseModel.php(523): CodeIgniter\Model->doFind(false, null)
 2 APPPATH\Controllers\DashboardController.php(43): CodeIgniter\BaseModel->find()
 3 SYSTEMPATH\CodeIgniter.php(896): App\Controllers\DashboardController->index()
 4 SYSTEMPATH\CodeIgniter.php(466): CodeIgniter\CodeIgniter->runController(Object(App\Controllers\DashboardController))
 5 SYSTEMPATH\CodeIgniter.php(349): CodeIgniter\CodeIgniter->handleRequest(null, Object(Config\Cache), false)
 6 FCPATH\index.php(55): CodeIgniter\CodeIgniter->run()
 7 SYSTEMPATH\Commands\Server\rewrite.php(43): require_once('FCPATH\\index.php')
ERROR - 2022-07-26 13:01:22 --> Unknown column 'ExpesneDate' in 'where clause'
CRITICAL - 2022-07-26 13:01:22 --> Call to a member function getResult() on bool
in SYSTEMPATH\Model.php on line 184.
 1 SYSTEMPATH\BaseModel.php(523): CodeIgniter\Model->doFind(false, null)
 2 APPPATH\Controllers\DashboardController.php(43): CodeIgniter\BaseModel->find()
 3 SYSTEMPATH\CodeIgniter.php(896): App\Controllers\DashboardController->index()
 4 SYSTEMPATH\CodeIgniter.php(466): CodeIgniter\CodeIgniter->runController(Object(App\Controllers\DashboardController))
 5 SYSTEMPATH\CodeIgniter.php(349): CodeIgniter\CodeIgniter->handleRequest(null, Object(Config\Cache), false)
 6 FCPATH\index.php(55): CodeIgniter\CodeIgniter->run()
 7 SYSTEMPATH\Commands\Server\rewrite.php(43): require_once('FCPATH\\index.php')
ERROR - 2022-07-26 13:01:22 --> Unknown column 'ExpesneDate' in 'where clause'
CRITICAL - 2022-07-26 13:01:22 --> Call to a member function getResult() on bool
in SYSTEMPATH\Model.php on line 184.
 1 SYSTEMPATH\BaseModel.php(523): CodeIgniter\Model->doFind(false, null)
 2 APPPATH\Controllers\DashboardController.php(43): CodeIgniter\BaseModel->find()
 3 SYSTEMPATH\CodeIgniter.php(896): App\Controllers\DashboardController->index()
 4 SYSTEMPATH\CodeIgniter.php(466): CodeIgniter\CodeIgniter->runController(Object(App\Controllers\DashboardController))
 5 SYSTEMPATH\CodeIgniter.php(349): CodeIgniter\CodeIgniter->handleRequest(null, Object(Config\Cache), false)
 6 FCPATH\index.php(55): CodeIgniter\CodeIgniter->run()
 7 SYSTEMPATH\Commands\Server\rewrite.php(43): require_once('FCPATH\\index.php')
ERROR - 2022-07-26 13:01:28 --> Unknown column 'ExpesneDate' in 'where clause'
CRITICAL - 2022-07-26 13:01:28 --> Call to a member function getResult() on bool
in SYSTEMPATH\Model.php on line 184.
 1 SYSTEMPATH\BaseModel.php(523): CodeIgniter\Model->doFind(false, null)
 2 APPPATH\Controllers\DashboardController.php(43): CodeIgniter\BaseModel->find()
 3 SYSTEMPATH\CodeIgniter.php(896): App\Controllers\DashboardController->index()
 4 SYSTEMPATH\CodeIgniter.php(466): CodeIgniter\CodeIgniter->runController(Object(App\Controllers\DashboardController))
 5 SYSTEMPATH\CodeIgniter.php(349): CodeIgniter\CodeIgniter->handleRequest(null, Object(Config\Cache), false)
 6 FCPATH\index.php(55): CodeIgniter\CodeIgniter->run()
 7 SYSTEMPATH\Commands\Server\rewrite.php(43): require_once('FCPATH\\index.php')
ERROR - 2022-07-26 13:01:29 --> Unknown column 'ExpesneDate' in 'where clause'
CRITICAL - 2022-07-26 13:01:29 --> Call to a member function getResult() on bool
in SYSTEMPATH\Model.php on line 184.
 1 SYSTEMPATH\BaseModel.php(523): CodeIgniter\Model->doFind(false, null)
 2 APPPATH\Controllers\DashboardController.php(43): CodeIgniter\BaseModel->find()
 3 SYSTEMPATH\CodeIgniter.php(896): App\Controllers\DashboardController->index()
 4 SYSTEMPATH\CodeIgniter.php(466): CodeIgniter\CodeIgniter->runController(Object(App\Controllers\DashboardController))
 5 SYSTEMPATH\CodeIgniter.php(349): CodeIgniter\CodeIgniter->handleRequest(null, Object(Config\Cache), false)
 6 FCPATH\index.php(55): CodeIgniter\CodeIgniter->run()
 7 SYSTEMPATH\Commands\Server\rewrite.php(43): require_once('FCPATH\\index.php')
ERROR - 2022-07-26 13:01:29 --> Unknown column 'ExpesneDate' in 'where clause'
CRITICAL - 2022-07-26 13:01:29 --> Call to a member function getResult() on bool
in SYSTEMPATH\Model.php on line 184.
 1 SYSTEMPATH\BaseModel.php(523): CodeIgniter\Model->doFind(false, null)
 2 APPPATH\Controllers\DashboardController.php(43): CodeIgniter\BaseModel->find()
 3 SYSTEMPATH\CodeIgniter.php(896): App\Controllers\DashboardController->index()
 4 SYSTEMPATH\CodeIgniter.php(466): CodeIgniter\CodeIgniter->runController(Object(App\Controllers\DashboardController))
 5 SYSTEMPATH\CodeIgniter.php(349): CodeIgniter\CodeIgniter->handleRequest(null, Object(Config\Cache), false)
 6 FCPATH\index.php(55): CodeIgniter\CodeIgniter->run()
 7 SYSTEMPATH\Commands\Server\rewrite.php(43): require_once('FCPATH\\index.php')
ERROR - 2022-07-26 13:01:29 --> Unknown column 'ExpesneDate' in 'where clause'
CRITICAL - 2022-07-26 13:01:29 --> Call to a member function getResult() on bool
in SYSTEMPATH\Model.php on line 184.
 1 SYSTEMPATH\BaseModel.php(523): CodeIgniter\Model->doFind(false, null)
 2 APPPATH\Controllers\DashboardController.php(43): CodeIgniter\BaseModel->find()
 3 SYSTEMPATH\CodeIgniter.php(896): App\Controllers\DashboardController->index()
 4 SYSTEMPATH\CodeIgniter.php(466): CodeIgniter\CodeIgniter->runController(Object(App\Controllers\DashboardController))
 5 SYSTEMPATH\CodeIgniter.php(349): CodeIgniter\CodeIgniter->handleRequest(null, Object(Config\Cache), false)
 6 FCPATH\index.php(55): CodeIgniter\CodeIgniter->run()
 7 SYSTEMPATH\Commands\Server\rewrite.php(43): require_once('FCPATH\\index.php')
ERROR - 2022-07-26 13:01:44 --> Unknown column 'ExpesneDate' in 'where clause'
CRITICAL - 2022-07-26 13:01:44 --> Call to a member function getResult() on bool
in SYSTEMPATH\Model.php on line 184.
 1 SYSTEMPATH\BaseModel.php(523): CodeIgniter\Model->doFind(false, null)
 2 APPPATH\Controllers\DashboardController.php(43): CodeIgniter\BaseModel->find()
 3 SYSTEMPATH\CodeIgniter.php(896): App\Controllers\DashboardController->index()
 4 SYSTEMPATH\CodeIgniter.php(466): CodeIgniter\CodeIgniter->runController(Object(App\Controllers\DashboardController))
 5 SYSTEMPATH\CodeIgniter.php(349): CodeIgniter\CodeIgniter->handleRequest(null, Object(Config\Cache), false)
 6 FCPATH\index.php(55): CodeIgniter\CodeIgniter->run()
 7 SYSTEMPATH\Commands\Server\rewrite.php(43): require_once('FCPATH\\index.php')
ERROR - 2022-07-26 13:01:45 --> Unknown column 'ExpesneDate' in 'where clause'
CRITICAL - 2022-07-26 13:01:45 --> Call to a member function getResult() on bool
in SYSTEMPATH\Model.php on line 184.
 1 SYSTEMPATH\BaseModel.php(523): CodeIgniter\Model->doFind(false, null)
 2 APPPATH\Controllers\DashboardController.php(43): CodeIgniter\BaseModel->find()
 3 SYSTEMPATH\CodeIgniter.php(896): App\Controllers\DashboardController->index()
 4 SYSTEMPATH\CodeIgniter.php(466): CodeIgniter\CodeIgniter->runController(Object(App\Controllers\DashboardController))
 5 SYSTEMPATH\CodeIgniter.php(349): CodeIgniter\CodeIgniter->handleRequest(null, Object(Config\Cache), false)
 6 FCPATH\index.php(55): CodeIgniter\CodeIgniter->run()
 7 SYSTEMPATH\Commands\Server\rewrite.php(43): require_once('FCPATH\\index.php')
ERROR - 2022-07-26 13:01:45 --> Unknown column 'ExpesneDate' in 'where clause'
CRITICAL - 2022-07-26 13:01:45 --> Call to a member function getResult() on bool
in SYSTEMPATH\Model.php on line 184.
 1 SYSTEMPATH\BaseModel.php(523): CodeIgniter\Model->doFind(false, null)
 2 APPPATH\Controllers\DashboardController.php(43): CodeIgniter\BaseModel->find()
 3 SYSTEMPATH\CodeIgniter.php(896): App\Controllers\DashboardController->index()
 4 SYSTEMPATH\CodeIgniter.php(466): CodeIgniter\CodeIgniter->runController(Object(App\Controllers\DashboardController))
 5 SYSTEMPATH\CodeIgniter.php(349): CodeIgniter\CodeIgniter->handleRequest(null, Object(Config\Cache), false)
 6 FCPATH\index.php(55): CodeIgniter\CodeIgniter->run()
 7 SYSTEMPATH\Commands\Server\rewrite.php(43): require_once('FCPATH\\index.php')
CRITICAL - 2022-07-26 13:06:43 --> Call to undefined function App\Controllers\connect()
in APPPATH\Controllers\DashboardController.php on line 43.
 1 SYSTEMPATH\CodeIgniter.php(896): App\Controllers\DashboardController->index()
 2 SYSTEMPATH\CodeIgniter.php(466): CodeIgniter\CodeIgniter->runController(Object(App\Controllers\DashboardController))
 3 SYSTEMPATH\CodeIgniter.php(349): CodeIgniter\CodeIgniter->handleRequest(null, Object(Config\Cache), false)
 4 FCPATH\index.php(55): CodeIgniter\CodeIgniter->run()
 5 SYSTEMPATH\Commands\Server\rewrite.php(43): require_once('FCPATH\\index.php')
ERROR - 2022-07-26 13:07:23 --> You have an error in your SQL syntax; check the manual that corresponds to your MariaDB server version for the right syntax to use near 'FROM tblexpense WHERE ExpenseDate >= DATE(NOW()) - INTERVAL 7 DAY' at line 1
CRITICAL - 2022-07-26 13:07:23 --> Call to a member function getResult() on bool
in APPPATH\Controllers\DashboardController.php on line 46.
 1 SYSTEMPATH\CodeIgniter.php(896): App\Controllers\DashboardController->index()
 2 SYSTEMPATH\CodeIgniter.php(466): CodeIgniter\CodeIgniter->runController(Object(App\Controllers\DashboardController))
 3 SYSTEMPATH\CodeIgniter.php(349): CodeIgniter\CodeIgniter->handleRequest(null, Object(Config\Cache), false)
 4 FCPATH\index.php(55): CodeIgniter\CodeIgniter->run()
 5 SYSTEMPATH\Commands\Server\rewrite.php(43): require_once('FCPATH\\index.php')
CRITICAL - 2022-07-26 13:09:44 --> Cannot use object of type stdClass as array
in APPPATH\Views\dashboard\dashboard.php on line 78.
 1 SYSTEMPATH\View\View.php(213): include()
 2 SYSTEMPATH\View\View.php(216): CodeIgniter\View\View->CodeIgniter\View\{closure}()
 3 SYSTEMPATH\Common.php(1135): CodeIgniter\View\View->render('dashboard/dashboard', [], true)
 4 APPPATH\Controllers\DashboardController.php(68): view('dashboard/dashboard', [...])
 5 SYSTEMPATH\CodeIgniter.php(896): App\Controllers\DashboardController->index()
 6 SYSTEMPATH\CodeIgniter.php(466): CodeIgniter\CodeIgniter->runController(Object(App\Controllers\DashboardController))
 7 SYSTEMPATH\CodeIgniter.php(349): CodeIgniter\CodeIgniter->handleRequest(null, Object(Config\Cache), false)
 8 FCPATH\index.php(55): CodeIgniter\CodeIgniter->run()
 9 SYSTEMPATH\Commands\Server\rewrite.php(43): require_once('FCPATH\\index.php')
CRITICAL - 2022-07-26 13:12:30 --> Cannot use object of type stdClass as array
in APPPATH\Views\dashboard\dashboard.php on line 78.
 1 SYSTEMPATH\View\View.php(213): include()
 2 SYSTEMPATH\View\View.php(216): CodeIgniter\View\View->CodeIgniter\View\{closure}()
 3 SYSTEMPATH\Common.php(1135): CodeIgniter\View\View->render('dashboard/dashboard', [], true)
 4 APPPATH\Controllers\DashboardController.php(66): view('dashboard/dashboard', [...])
 5 SYSTEMPATH\CodeIgniter.php(896): App\Controllers\DashboardController->index()
 6 SYSTEMPATH\CodeIgniter.php(466): CodeIgniter\CodeIgniter->runController(Object(App\Controllers\DashboardController))
 7 SYSTEMPATH\CodeIgniter.php(349): CodeIgniter\CodeIgniter->handleRequest(null, Object(Config\Cache), false)
 8 FCPATH\index.php(55): CodeIgniter\CodeIgniter->run()
 9 SYSTEMPATH\Commands\Server\rewrite.php(43): require_once('FCPATH\\index.php')
CRITICAL - 2022-07-26 13:16:32 --> Array to string conversion
in APPPATH\Views\dashboard\dashboard.php on line 86.
 1 APPPATH\Views\dashboard\dashboard.php(86): CodeIgniter\Debug\Exceptions->errorHandler(2, 'Array to string conversion', 'APPPATH\\Views\\dashboard\\dashboard.php', 86)
 2 SYSTEMPATH\View\View.php(213): include('APPPATH\\Views\\dashboard\\dashboard.php')
 3 SYSTEMPATH\View\View.php(216): CodeIgniter\View\View->CodeIgniter\View\{closure}()
 4 SYSTEMPATH\Common.php(1135): CodeIgniter\View\View->render('dashboard/dashboard', [], true)
 5 APPPATH\Controllers\DashboardController.php(68): view('dashboard/dashboard', [...])
 6 SYSTEMPATH\CodeIgniter.php(896): App\Controllers\DashboardController->index()
 7 SYSTEMPATH\CodeIgniter.php(466): CodeIgniter\CodeIgniter->runController(Object(App\Controllers\DashboardController))
 8 SYSTEMPATH\CodeIgniter.php(349): CodeIgniter\CodeIgniter->handleRequest(null, Object(Config\Cache), false)
 9 FCPATH\index.php(55): CodeIgniter\CodeIgniter->run()
10 SYSTEMPATH\Commands\Server\rewrite.php(43): require_once('FCPATH\\index.php')
CRITICAL - 2022-07-26 13:19:38 --> Array to string conversion
in APPPATH\Views\dashboard\dashboard.php on line 110.
 1 APPPATH\Views\dashboard\dashboard.php(110): CodeIgniter\Debug\Exceptions->errorHandler(2, 'Array to string conversion', 'APPPATH\\Views\\dashboard\\dashboard.php', 110)
 2 SYSTEMPATH\View\View.php(213): include('APPPATH\\Views\\dashboard\\dashboard.php')
 3 SYSTEMPATH\View\View.php(216): CodeIgniter\View\View->CodeIgniter\View\{closure}()
 4 SYSTEMPATH\Common.php(1135): CodeIgniter\View\View->render('dashboard/dashboard', [], true)
 5 APPPATH\Controllers\DashboardController.php(68): view('dashboard/dashboard', [...])
 6 SYSTEMPATH\CodeIgniter.php(896): App\Controllers\DashboardController->index()
 7 SYSTEMPATH\CodeIgniter.php(466): CodeIgniter\CodeIgniter->runController(Object(App\Controllers\DashboardController))
 8 SYSTEMPATH\CodeIgniter.php(349): CodeIgniter\CodeIgniter->handleRequest(null, Object(Config\Cache), false)
 9 FCPATH\index.php(55): CodeIgniter\CodeIgniter->run()
10 SYSTEMPATH\Commands\Server\rewrite.php(43): require_once('FCPATH\\index.php')
CRITICAL - 2022-07-26 13:48:36 --> Invalid file: dashboard/index.php
in SYSTEMPATH\Exceptions\FrameworkException.php on line 33.
 1 SYSTEMPATH\View\View.php(201): CodeIgniter\Exceptions\FrameworkException::forInvalidFile('dashboard/index.php')
 2 SYSTEMPATH\View\View.php(229): CodeIgniter\View\View->render('dashboard/index', [], true)
 3 SYSTEMPATH\Common.php(1135): CodeIgniter\View\View->render('dashboard/changePassword', [], true)
 4 APPPATH\Controllers\DashboardController.php(119): view('dashboard/changePassword', [...])
 5 SYSTEMPATH\CodeIgniter.php(896): App\Controllers\DashboardController->changePassword()
 6 SYSTEMPATH\CodeIgniter.php(466): CodeIgniter\CodeIgniter->runController(Object(App\Controllers\DashboardController))
 7 SYSTEMPATH\CodeIgniter.php(349): CodeIgniter\CodeIgniter->handleRequest(null, Object(Config\Cache), false)
 8 FCPATH\index.php(55): CodeIgniter\CodeIgniter->run()
 9 SYSTEMPATH\Commands\Server\rewrite.php(43): require_once('FCPATH\\index.php')
CRITICAL - 2022-07-26 13:48:36 --> Invalid file: dashboard/index.php
in SYSTEMPATH\Exceptions\FrameworkException.php on line 33.
 1 SYSTEMPATH\View\View.php(201): CodeIgniter\Exceptions\FrameworkException::forInvalidFile('dashboard/index.php')
 2 SYSTEMPATH\View\View.php(229): CodeIgniter\View\View->render('dashboard/index', [], true)
 3 SYSTEMPATH\Common.php(1135): CodeIgniter\View\View->render('dashboard/changePassword', [], true)
 4 APPPATH\Controllers\DashboardController.php(119): view('dashboard/changePassword', [...])
 5 SYSTEMPATH\CodeIgniter.php(896): App\Controllers\DashboardController->changePassword()
 6 SYSTEMPATH\CodeIgniter.php(466): CodeIgniter\CodeIgniter->runController(Object(App\Controllers\DashboardController))
 7 SYSTEMPATH\CodeIgniter.php(349): CodeIgniter\CodeIgniter->handleRequest(null, Object(Config\Cache), false)
 8 FCPATH\index.php(55): CodeIgniter\CodeIgniter->run()
 9 SYSTEMPATH\Commands\Server\rewrite.php(43): require_once('FCPATH\\index.php')
CRITICAL - 2022-07-26 13:48:41 --> Invalid file: dashboard/index.php
in SYSTEMPATH\Exceptions\FrameworkException.php on line 33.
 1 SYSTEMPATH\View\View.php(201): CodeIgniter\Exceptions\FrameworkException::forInvalidFile('dashboard/index.php')
 2 SYSTEMPATH\View\View.php(229): CodeIgniter\View\View->render('dashboard/index', [], true)
 3 SYSTEMPATH\Common.php(1135): CodeIgniter\View\View->render('dashboard/dashboard', [], true)
 4 APPPATH\Controllers\DashboardController.php(68): view('dashboard/dashboard', [...])
 5 SYSTEMPATH\CodeIgniter.php(896): App\Controllers\DashboardController->index()
 6 SYSTEMPATH\CodeIgniter.php(466): CodeIgniter\CodeIgniter->runController(Object(App\Controllers\DashboardController))
 7 SYSTEMPATH\CodeIgniter.php(349): CodeIgniter\CodeIgniter->handleRequest(null, Object(Config\Cache), false)
 8 FCPATH\index.php(55): CodeIgniter\CodeIgniter->run()
 9 SYSTEMPATH\Commands\Server\rewrite.php(43): require_once('FCPATH\\index.php')
CRITICAL - 2022-07-26 13:48:45 --> Invalid file: dashboard/index.php
in SYSTEMPATH\Exceptions\FrameworkException.php on line 33.
 1 SYSTEMPATH\View\View.php(201): CodeIgniter\Exceptions\FrameworkException::forInvalidFile('dashboard/index.php')
 2 SYSTEMPATH\View\View.php(229): CodeIgniter\View\View->render('dashboard/index', [], true)
 3 SYSTEMPATH\Common.php(1135): CodeIgniter\View\View->render('dashboard/dashboard', [], true)
 4 APPPATH\Controllers\DashboardController.php(68): view('dashboard/dashboard', [...])
 5 SYSTEMPATH\CodeIgniter.php(896): App\Controllers\DashboardController->index()
 6 SYSTEMPATH\CodeIgniter.php(466): CodeIgniter\CodeIgniter->runController(Object(App\Controllers\DashboardController))
 7 SYSTEMPATH\CodeIgniter.php(349): CodeIgniter\CodeIgniter->handleRequest(null, Object(Config\Cache), false)
 8 FCPATH\index.php(55): CodeIgniter\CodeIgniter->run()
 9 SYSTEMPATH\Commands\Server\rewrite.php(43): require_once('FCPATH\\index.php')
CRITICAL - 2022-07-26 13:48:47 --> Invalid file: dashboard/index.php
in SYSTEMPATH\Exceptions\FrameworkException.php on line 33.
 1 SYSTEMPATH\View\View.php(201): CodeIgniter\Exceptions\FrameworkException::forInvalidFile('dashboard/index.php')
 2 SYSTEMPATH\View\View.php(229): CodeIgniter\View\View->render('dashboard/index', [], true)
 3 SYSTEMPATH\Common.php(1135): CodeIgniter\View\View->render('dashboard/dashboard', [], true)
 4 APPPATH\Controllers\DashboardController.php(68): view('dashboard/dashboard', [...])
 5 SYSTEMPATH\CodeIgniter.php(896): App\Controllers\DashboardController->index()
 6 SYSTEMPATH\CodeIgniter.php(466): CodeIgniter\CodeIgniter->runController(Object(App\Controllers\DashboardController))
 7 SYSTEMPATH\CodeIgniter.php(349): CodeIgniter\CodeIgniter->handleRequest(null, Object(Config\Cache), false)
 8 FCPATH\index.php(55): CodeIgniter\CodeIgniter->run()
 9 SYSTEMPATH\Commands\Server\rewrite.php(43): require_once('FCPATH\\index.php')
