CRITICAL - 2022-07-24 08:37:24 --> Call to undefined function form_open()
in APPPATH\Views\reset_password.php on line 23.
 1 SYSTEMPATH\View\View.php(213): include()
 2 SYSTEMPATH\View\View.php(216): CodeIgniter\View\View->CodeIgniter\View\{closure}()
 3 SYSTEMPATH\Common.php(1135): CodeIgniter\View\View->render('reset_password', [], true)
 4 APPPATH\Controllers\Home.php(124): view('reset_password')
 5 SYSTEMPATH\CodeIgniter.php(896): App\Controllers\Home->resetPassword()
 6 SYSTEMPATH\CodeIgniter.php(466): CodeIgniter\CodeIgniter->runController(Object(App\Controllers\Home))
 7 SYSTEMPATH\CodeIgniter.php(349): CodeIgniter\CodeIgniter->handleRequest(null, Object(Config\Cache), false)
 8 FCPATH\index.php(55): CodeIgniter\CodeIgniter->run()
 9 SYSTEMPATH\Commands\Server\rewrite.php(43): require_once('FCPATH\\index.php')
CRITICAL - 2022-07-24 09:04:51 --> Invalid file: /.php
in SYSTEMPATH\Exceptions\FrameworkException.php on line 33.
 1 SYSTEMPATH\View\View.php(201): CodeIgniter\Exceptions\FrameworkException::forInvalidFile('/.php')
 2 SYSTEMPATH\Common.php(1135): CodeIgniter\View\View->render('C:\\', [], true)
 3 APPPATH\Controllers\Home.php(101): view('C:\\', [...])
 4 SYSTEMPATH\CodeIgniter.php(896): App\Controllers\Home->login()
 5 SYSTEMPATH\CodeIgniter.php(466): CodeIgniter\CodeIgniter->runController(Object(App\Controllers\Home))
 6 SYSTEMPATH\CodeIgniter.php(349): CodeIgniter\CodeIgniter->handleRequest(null, Object(Config\Cache), false)
 7 FCPATH\index.php(55): CodeIgniter\CodeIgniter->run()
 8 SYSTEMPATH\Commands\Server\rewrite.php(43): require_once('FCPATH\\index.php')
CRITICAL - 2022-07-24 10:08:45 --> view(): Argument #2 ($data) must be of type array, string given, called in C:\xampp\htdocs\PHP\ci\Expense Tracker\app\Controllers\Home.php on line 121
in SYSTEMPATH\Common.php on line 1121.
 1 APPPATH\Controllers\Home.php(121): view('reset-password2', 'sajid@gmail.com')
 2 SYSTEMPATH\CodeIgniter.php(896): App\Controllers\Home->resetPassword()
 3 SYSTEMPATH\CodeIgniter.php(466): CodeIgniter\CodeIgniter->runController(Object(App\Controllers\Home))
 4 SYSTEMPATH\CodeIgniter.php(349): CodeIgniter\CodeIgniter->handleRequest(null, Object(Config\Cache), false)
 5 FCPATH\index.php(55): CodeIgniter\CodeIgniter->run()
 6 SYSTEMPATH\Commands\Server\rewrite.php(43): require_once('FCPATH\\index.php')
CRITICAL - 2022-07-24 10:09:25 --> Invalid file: reset-password2.php
in SYSTEMPATH\Exceptions\FrameworkException.php on line 33.
 1 SYSTEMPATH\View\View.php(201): CodeIgniter\Exceptions\FrameworkException::forInvalidFile('reset-password2.php')
 2 SYSTEMPATH\Common.php(1135): CodeIgniter\View\View->render('reset-password2', [], true)
 3 APPPATH\Controllers\Home.php(121): view('reset-password2', [...])
 4 SYSTEMPATH\CodeIgniter.php(896): App\Controllers\Home->resetPassword()
 5 SYSTEMPATH\CodeIgniter.php(466): CodeIgniter\CodeIgniter->runController(Object(App\Controllers\Home))
 6 SYSTEMPATH\CodeIgniter.php(349): CodeIgniter\CodeIgniter->handleRequest(null, Object(Config\Cache), false)
 7 FCPATH\index.php(55): CodeIgniter\CodeIgniter->run()
 8 SYSTEMPATH\Commands\Server\rewrite.php(43): require_once('FCPATH\\index.php')
CRITICAL - 2022-07-24 10:14:53 --> Invalid file: reset-password.php
in SYSTEMPATH\Exceptions\FrameworkException.php on line 33.
 1 SYSTEMPATH\View\View.php(201): CodeIgniter\Exceptions\FrameworkException::forInvalidFile('reset-password.php')
 2 SYSTEMPATH\Common.php(1135): CodeIgniter\View\View->render('reset-password', [], true)
 3 APPPATH\Controllers\Home.php(163): view('reset-password', [...])
 4 SYSTEMPATH\CodeIgniter.php(896): App\Controllers\Home->resetPassword2()
 5 SYSTEMPATH\CodeIgniter.php(466): CodeIgniter\CodeIgniter->runController(Object(App\Controllers\Home))
 6 SYSTEMPATH\CodeIgniter.php(349): CodeIgniter\CodeIgniter->handleRequest(null, Object(Config\Cache), false)
 7 FCPATH\index.php(55): CodeIgniter\CodeIgniter->run()
 8 SYSTEMPATH\Commands\Server\rewrite.php(43): require_once('FCPATH\\index.php')
CRITICAL - 2022-07-24 10:15:19 --> Invalid file: reset-password.php
in SYSTEMPATH\Exceptions\FrameworkException.php on line 33.
 1 SYSTEMPATH\View\View.php(201): CodeIgniter\Exceptions\FrameworkException::forInvalidFile('reset-password.php')
 2 SYSTEMPATH\Common.php(1135): CodeIgniter\View\View->render('reset-password', [], true)
 3 APPPATH\Controllers\Home.php(163): view('reset-password', [...])
 4 SYSTEMPATH\CodeIgniter.php(896): App\Controllers\Home->resetPassword2()
 5 SYSTEMPATH\CodeIgniter.php(466): CodeIgniter\CodeIgniter->runController(Object(App\Controllers\Home))
 6 SYSTEMPATH\CodeIgniter.php(349): CodeIgniter\CodeIgniter->handleRequest(null, Object(Config\Cache), false)
 7 FCPATH\index.php(55): CodeIgniter\CodeIgniter->run()
 8 SYSTEMPATH\Commands\Server\rewrite.php(43): require_once('FCPATH\\index.php')
CRITICAL - 2022-07-24 10:15:26 --> Invalid file: reset-password.php
in SYSTEMPATH\Exceptions\FrameworkException.php on line 33.
 1 SYSTEMPATH\View\View.php(201): CodeIgniter\Exceptions\FrameworkException::forInvalidFile('reset-password.php')
 2 SYSTEMPATH\Common.php(1135): CodeIgniter\View\View->render('reset-password', [], true)
 3 APPPATH\Controllers\Home.php(163): view('reset-password', [...])
 4 SYSTEMPATH\CodeIgniter.php(896): App\Controllers\Home->resetPassword2()
 5 SYSTEMPATH\CodeIgniter.php(466): CodeIgniter\CodeIgniter->runController(Object(App\Controllers\Home))
 6 SYSTEMPATH\CodeIgniter.php(349): CodeIgniter\CodeIgniter->handleRequest(null, Object(Config\Cache), false)
 7 FCPATH\index.php(55): CodeIgniter\CodeIgniter->run()
 8 SYSTEMPATH\Commands\Server\rewrite.php(43): require_once('FCPATH\\index.php')
CRITICAL - 2022-07-24 10:15:41 --> Invalid file: reset-password.php
in SYSTEMPATH\Exceptions\FrameworkException.php on line 33.
 1 SYSTEMPATH\View\View.php(201): CodeIgniter\Exceptions\FrameworkException::forInvalidFile('reset-password.php')
 2 SYSTEMPATH\Common.php(1135): CodeIgniter\View\View->render('reset-password', [], true)
 3 APPPATH\Controllers\Home.php(163): view('reset-password', [...])
 4 SYSTEMPATH\CodeIgniter.php(896): App\Controllers\Home->resetPassword2()
 5 SYSTEMPATH\CodeIgniter.php(466): CodeIgniter\CodeIgniter->runController(Object(App\Controllers\Home))
 6 SYSTEMPATH\CodeIgniter.php(349): CodeIgniter\CodeIgniter->handleRequest(null, Object(Config\Cache), false)
 7 FCPATH\index.php(55): CodeIgniter\CodeIgniter->run()
 8 SYSTEMPATH\Commands\Server\rewrite.php(43): require_once('FCPATH\\index.php')
CRITICAL - 2022-07-24 10:31:10 --> Undefined variable $email
in APPPATH\Views\reset_password2.php on line 20.
 1 APPPATH\Views\reset_password2.php(20): CodeIgniter\Debug\Exceptions->errorHandler(2, 'Undefined variable $email', 'APPPATH\\Views\\reset_password2.php', 20)
 2 SYSTEMPATH\View\View.php(213): include('APPPATH\\Views\\reset_password2.php')
 3 SYSTEMPATH\View\View.php(216): CodeIgniter\View\View->CodeIgniter\View\{closure}()
 4 SYSTEMPATH\Common.php(1135): CodeIgniter\View\View->render('reset_password2', [], true)
 5 APPPATH\Controllers\Home.php(174): view('reset_password2', [...])
 6 SYSTEMPATH\CodeIgniter.php(896): App\Controllers\Home->resetPassword2()
 7 SYSTEMPATH\CodeIgniter.php(466): CodeIgniter\CodeIgniter->runController(Object(App\Controllers\Home))
 8 SYSTEMPATH\CodeIgniter.php(349): CodeIgniter\CodeIgniter->handleRequest(null, Object(Config\Cache), false)
 9 FCPATH\index.php(55): CodeIgniter\CodeIgniter->run()
10 SYSTEMPATH\Commands\Server\rewrite.php(43): require_once('FCPATH\\index.php')
CRITICAL - 2022-07-24 10:31:34 --> Undefined variable $email
in APPPATH\Views\reset_password2.php on line 20.
 1 APPPATH\Views\reset_password2.php(20): CodeIgniter\Debug\Exceptions->errorHandler(2, 'Undefined variable $email', 'APPPATH\\Views\\reset_password2.php', 20)
 2 SYSTEMPATH\View\View.php(213): include('APPPATH\\Views\\reset_password2.php')
 3 SYSTEMPATH\View\View.php(216): CodeIgniter\View\View->CodeIgniter\View\{closure}()
 4 SYSTEMPATH\Common.php(1135): CodeIgniter\View\View->render('reset_password2', [], true)
 5 APPPATH\Controllers\Home.php(174): view('reset_password2', [...])
 6 SYSTEMPATH\CodeIgniter.php(896): App\Controllers\Home->resetPassword2()
 7 SYSTEMPATH\CodeIgniter.php(466): CodeIgniter\CodeIgniter->runController(Object(App\Controllers\Home))
 8 SYSTEMPATH\CodeIgniter.php(349): CodeIgniter\CodeIgniter->handleRequest(null, Object(Config\Cache), false)
 9 FCPATH\index.php(55): CodeIgniter\CodeIgniter->run()
10 SYSTEMPATH\Commands\Server\rewrite.php(43): require_once('FCPATH\\index.php')
CRITICAL - 2022-07-24 10:31:55 --> Undefined variable $email
in APPPATH\Views\reset_password2.php on line 20.
 1 APPPATH\Views\reset_password2.php(20): CodeIgniter\Debug\Exceptions->errorHandler(2, 'Undefined variable $email', 'APPPATH\\Views\\reset_password2.php', 20)
 2 SYSTEMPATH\View\View.php(213): include('APPPATH\\Views\\reset_password2.php')
 3 SYSTEMPATH\View\View.php(216): CodeIgniter\View\View->CodeIgniter\View\{closure}()
 4 SYSTEMPATH\Common.php(1135): CodeIgniter\View\View->render('reset_password2', [], true)
 5 APPPATH\Controllers\Home.php(174): view('reset_password2', [...])
 6 SYSTEMPATH\CodeIgniter.php(896): App\Controllers\Home->resetPassword2()
 7 SYSTEMPATH\CodeIgniter.php(466): CodeIgniter\CodeIgniter->runController(Object(App\Controllers\Home))
 8 SYSTEMPATH\CodeIgniter.php(349): CodeIgniter\CodeIgniter->handleRequest(null, Object(Config\Cache), false)
 9 FCPATH\index.php(55): CodeIgniter\CodeIgniter->run()
10 SYSTEMPATH\Commands\Server\rewrite.php(43): require_once('FCPATH\\index.php')
CRITICAL - 2022-07-24 10:31:56 --> Undefined variable $email
in APPPATH\Views\reset_password2.php on line 20.
 1 APPPATH\Views\reset_password2.php(20): CodeIgniter\Debug\Exceptions->errorHandler(2, 'Undefined variable $email', 'APPPATH\\Views\\reset_password2.php', 20)
 2 SYSTEMPATH\View\View.php(213): include('APPPATH\\Views\\reset_password2.php')
 3 SYSTEMPATH\View\View.php(216): CodeIgniter\View\View->CodeIgniter\View\{closure}()
 4 SYSTEMPATH\Common.php(1135): CodeIgniter\View\View->render('reset_password2', [], true)
 5 APPPATH\Controllers\Home.php(177): view('reset_password2')
 6 SYSTEMPATH\CodeIgniter.php(896): App\Controllers\Home->resetPassword2()
 7 SYSTEMPATH\CodeIgniter.php(466): CodeIgniter\CodeIgniter->runController(Object(App\Controllers\Home))
 8 SYSTEMPATH\CodeIgniter.php(349): CodeIgniter\CodeIgniter->handleRequest(null, Object(Config\Cache), false)
 9 FCPATH\index.php(55): CodeIgniter\CodeIgniter->run()
10 SYSTEMPATH\Commands\Server\rewrite.php(43): require_once('FCPATH\\index.php')
CRITICAL - 2022-07-24 10:34:37 --> Invalid file: /.php
in SYSTEMPATH\Exceptions\FrameworkException.php on line 33.
 1 SYSTEMPATH\View\View.php(201): CodeIgniter\Exceptions\FrameworkException::forInvalidFile('/.php')
 2 SYSTEMPATH\Common.php(1135): CodeIgniter\View\View->render('C:\\', [], true)
 3 APPPATH\Controllers\Home.php(103): view('C:\\', [...])
 4 SYSTEMPATH\CodeIgniter.php(896): App\Controllers\Home->login()
 5 SYSTEMPATH\CodeIgniter.php(466): CodeIgniter\CodeIgniter->runController(Object(App\Controllers\Home))
 6 SYSTEMPATH\CodeIgniter.php(349): CodeIgniter\CodeIgniter->handleRequest(null, Object(Config\Cache), false)
 7 FCPATH\index.php(55): CodeIgniter\CodeIgniter->run()
 8 SYSTEMPATH\Commands\Server\rewrite.php(43): require_once('FCPATH\\index.php')
CRITICAL - 2022-07-24 10:35:09 --> Invalid file: /.php
in SYSTEMPATH\Exceptions\FrameworkException.php on line 33.
 1 SYSTEMPATH\View\View.php(201): CodeIgniter\Exceptions\FrameworkException::forInvalidFile('/.php')
 2 SYSTEMPATH\Common.php(1135): CodeIgniter\View\View->render('C:\\', [], true)
 3 APPPATH\Controllers\Home.php(103): view('C:\\', [...])
 4 SYSTEMPATH\CodeIgniter.php(896): App\Controllers\Home->login()
 5 SYSTEMPATH\CodeIgniter.php(466): CodeIgniter\CodeIgniter->runController(Object(App\Controllers\Home))
 6 SYSTEMPATH\CodeIgniter.php(349): CodeIgniter\CodeIgniter->handleRequest(null, Object(Config\Cache), false)
 7 FCPATH\index.php(55): CodeIgniter\CodeIgniter->run()
 8 SYSTEMPATH\Commands\Server\rewrite.php(43): require_once('FCPATH\\index.php')
CRITICAL - 2022-07-24 10:35:44 --> Invalid file: /.php
in SYSTEMPATH\Exceptions\FrameworkException.php on line 33.
 1 SYSTEMPATH\View\View.php(201): CodeIgniter\Exceptions\FrameworkException::forInvalidFile('/.php')
 2 SYSTEMPATH\Common.php(1135): CodeIgniter\View\View->render('C:\\', [], true)
 3 APPPATH\Controllers\Home.php(104): view('C:\\', [...])
 4 SYSTEMPATH\CodeIgniter.php(896): App\Controllers\Home->login()
 5 SYSTEMPATH\CodeIgniter.php(466): CodeIgniter\CodeIgniter->runController(Object(App\Controllers\Home))
 6 SYSTEMPATH\CodeIgniter.php(349): CodeIgniter\CodeIgniter->handleRequest(null, Object(Config\Cache), false)
 7 FCPATH\index.php(55): CodeIgniter\CodeIgniter->run()
 8 SYSTEMPATH\Commands\Server\rewrite.php(43): require_once('FCPATH\\index.php')
CRITICAL - 2022-07-24 10:35:46 --> Invalid file: /.php
in SYSTEMPATH\Exceptions\FrameworkException.php on line 33.
 1 SYSTEMPATH\View\View.php(201): CodeIgniter\Exceptions\FrameworkException::forInvalidFile('/.php')
 2 SYSTEMPATH\Common.php(1135): CodeIgniter\View\View->render('C:\\', [], true)
 3 APPPATH\Controllers\Home.php(104): view('C:\\', [...])
 4 SYSTEMPATH\CodeIgniter.php(896): App\Controllers\Home->login()
 5 SYSTEMPATH\CodeIgniter.php(466): CodeIgniter\CodeIgniter->runController(Object(App\Controllers\Home))
 6 SYSTEMPATH\CodeIgniter.php(349): CodeIgniter\CodeIgniter->handleRequest(null, Object(Config\Cache), false)
 7 FCPATH\index.php(55): CodeIgniter\CodeIgniter->run()
 8 SYSTEMPATH\Commands\Server\rewrite.php(43): require_once('FCPATH\\index.php')
CRITICAL - 2022-07-24 10:36:07 --> Invalid file: /.php
in SYSTEMPATH\Exceptions\FrameworkException.php on line 33.
 1 SYSTEMPATH\View\View.php(201): CodeIgniter\Exceptions\FrameworkException::forInvalidFile('/.php')
 2 SYSTEMPATH\Common.php(1135): CodeIgniter\View\View->render('C:\\', [], true)
 3 APPPATH\Controllers\Home.php(104): view('C:\\', [...])
 4 SYSTEMPATH\CodeIgniter.php(896): App\Controllers\Home->login()
 5 SYSTEMPATH\CodeIgniter.php(466): CodeIgniter\CodeIgniter->runController(Object(App\Controllers\Home))
 6 SYSTEMPATH\CodeIgniter.php(349): CodeIgniter\CodeIgniter->handleRequest(null, Object(Config\Cache), false)
 7 FCPATH\index.php(55): CodeIgniter\CodeIgniter->run()
 8 SYSTEMPATH\Commands\Server\rewrite.php(43): require_once('FCPATH\\index.php')
CRITICAL - 2022-07-24 10:36:19 --> Invalid file: /.php
in SYSTEMPATH\Exceptions\FrameworkException.php on line 33.
 1 SYSTEMPATH\View\View.php(201): CodeIgniter\Exceptions\FrameworkException::forInvalidFile('/.php')
 2 SYSTEMPATH\Common.php(1135): CodeIgniter\View\View->render('C:\\', [], true)
 3 APPPATH\Controllers\Home.php(104): view('C:\\', [...])
 4 SYSTEMPATH\CodeIgniter.php(896): App\Controllers\Home->login()
 5 SYSTEMPATH\CodeIgniter.php(466): CodeIgniter\CodeIgniter->runController(Object(App\Controllers\Home))
 6 SYSTEMPATH\CodeIgniter.php(349): CodeIgniter\CodeIgniter->handleRequest(null, Object(Config\Cache), false)
 7 FCPATH\index.php(55): CodeIgniter\CodeIgniter->run()
 8 SYSTEMPATH\Commands\Server\rewrite.php(43): require_once('FCPATH\\index.php')
CRITICAL - 2022-07-24 10:43:34 --> Undefined variable $email
in APPPATH\Views\reset_password2.php on line 20.
 1 APPPATH\Views\reset_password2.php(20): CodeIgniter\Debug\Exceptions->errorHandler(2, 'Undefined variable $email', 'APPPATH\\Views\\reset_password2.php', 20)
 2 SYSTEMPATH\View\View.php(213): include('APPPATH\\Views\\reset_password2.php')
 3 SYSTEMPATH\View\View.php(216): CodeIgniter\View\View->CodeIgniter\View\{closure}()
 4 SYSTEMPATH\Common.php(1135): CodeIgniter\View\View->render('reset_password2', [], true)
 5 APPPATH\Controllers\Home.php(181): view('reset_password2')
 6 SYSTEMPATH\CodeIgniter.php(896): App\Controllers\Home->resetPassword2()
 7 SYSTEMPATH\CodeIgniter.php(466): CodeIgniter\CodeIgniter->runController(Object(App\Controllers\Home))
 8 SYSTEMPATH\CodeIgniter.php(349): CodeIgniter\CodeIgniter->handleRequest(null, Object(Config\Cache), false)
 9 FCPATH\index.php(55): CodeIgniter\CodeIgniter->run()
10 SYSTEMPATH\Commands\Server\rewrite.php(43): require_once('FCPATH\\index.php')
CRITICAL - 2022-07-24 11:00:39 --> Undefined variable $email
in APPPATH\Views\reset_password2.php on line 20.
 1 APPPATH\Views\reset_password2.php(20): CodeIgniter\Debug\Exceptions->errorHandler(2, 'Undefined variable $email', 'APPPATH\\Views\\reset_password2.php', 20)
 2 SYSTEMPATH\View\View.php(213): include('APPPATH\\Views\\reset_password2.php')
 3 SYSTEMPATH\View\View.php(216): CodeIgniter\View\View->CodeIgniter\View\{closure}()
 4 SYSTEMPATH\Common.php(1135): CodeIgniter\View\View->render('reset_password2', [], true)
 5 APPPATH\Controllers\Home.php(185): view('reset_password2')
 6 SYSTEMPATH\CodeIgniter.php(896): App\Controllers\Home->resetPassword2()
 7 SYSTEMPATH\CodeIgniter.php(466): CodeIgniter\CodeIgniter->runController(Object(App\Controllers\Home))
 8 SYSTEMPATH\CodeIgniter.php(349): CodeIgniter\CodeIgniter->handleRequest(null, Object(Config\Cache), false)
 9 FCPATH\index.php(55): CodeIgniter\CodeIgniter->run()
10 SYSTEMPATH\Commands\Server\rewrite.php(43): require_once('FCPATH\\index.php')
CRITICAL - 2022-07-24 11:03:29 --> Undefined variable $email
in APPPATH\Views\reset_password2.php on line 20.
 1 APPPATH\Views\reset_password2.php(20): CodeIgniter\Debug\Exceptions->errorHandler(2, 'Undefined variable $email', 'APPPATH\\Views\\reset_password2.php', 20)
 2 SYSTEMPATH\View\View.php(213): include('APPPATH\\Views\\reset_password2.php')
 3 SYSTEMPATH\View\View.php(216): CodeIgniter\View\View->CodeIgniter\View\{closure}()
 4 SYSTEMPATH\Common.php(1135): CodeIgniter\View\View->render('reset_password2', [], true)
 5 APPPATH\Controllers\Home.php(182): view('reset_password2', [...])
 6 SYSTEMPATH\CodeIgniter.php(896): App\Controllers\Home->resetPassword2()
 7 SYSTEMPATH\CodeIgniter.php(466): CodeIgniter\CodeIgniter->runController(Object(App\Controllers\Home))
 8 SYSTEMPATH\CodeIgniter.php(349): CodeIgniter\CodeIgniter->handleRequest(null, Object(Config\Cache), false)
 9 FCPATH\index.php(55): CodeIgniter\CodeIgniter->run()
10 SYSTEMPATH\Commands\Server\rewrite.php(43): require_once('FCPATH\\index.php')
CRITICAL - 2022-07-24 11:03:35 --> Undefined variable $email
in APPPATH\Views\reset_password2.php on line 20.
 1 APPPATH\Views\reset_password2.php(20): CodeIgniter\Debug\Exceptions->errorHandler(2, 'Undefined variable $email', 'APPPATH\\Views\\reset_password2.php', 20)
 2 SYSTEMPATH\View\View.php(213): include('APPPATH\\Views\\reset_password2.php')
 3 SYSTEMPATH\View\View.php(216): CodeIgniter\View\View->CodeIgniter\View\{closure}()
 4 SYSTEMPATH\Common.php(1135): CodeIgniter\View\View->render('reset_password2', [], true)
 5 APPPATH\Controllers\Home.php(182): view('reset_password2', [...])
 6 SYSTEMPATH\CodeIgniter.php(896): App\Controllers\Home->resetPassword2()
 7 SYSTEMPATH\CodeIgniter.php(466): CodeIgniter\CodeIgniter->runController(Object(App\Controllers\Home))
 8 SYSTEMPATH\CodeIgniter.php(349): CodeIgniter\CodeIgniter->handleRequest(null, Object(Config\Cache), false)
 9 FCPATH\index.php(55): CodeIgniter\CodeIgniter->run()
10 SYSTEMPATH\Commands\Server\rewrite.php(43): require_once('FCPATH\\index.php')
CRITICAL - 2022-07-24 11:03:37 --> Undefined variable $email
in APPPATH\Views\reset_password2.php on line 20.
 1 APPPATH\Views\reset_password2.php(20): CodeIgniter\Debug\Exceptions->errorHandler(2, 'Undefined variable $email', 'APPPATH\\Views\\reset_password2.php', 20)
 2 SYSTEMPATH\View\View.php(213): include('APPPATH\\Views\\reset_password2.php')
 3 SYSTEMPATH\View\View.php(216): CodeIgniter\View\View->CodeIgniter\View\{closure}()
 4 SYSTEMPATH\Common.php(1135): CodeIgniter\View\View->render('reset_password2', [], true)
 5 APPPATH\Controllers\Home.php(185): view('reset_password2')
 6 SYSTEMPATH\CodeIgniter.php(896): App\Controllers\Home->resetPassword2()
 7 SYSTEMPATH\CodeIgniter.php(466): CodeIgniter\CodeIgniter->runController(Object(App\Controllers\Home))
 8 SYSTEMPATH\CodeIgniter.php(349): CodeIgniter\CodeIgniter->handleRequest(null, Object(Config\Cache), false)
 9 FCPATH\index.php(55): CodeIgniter\CodeIgniter->run()
10 SYSTEMPATH\Commands\Server\rewrite.php(43): require_once('FCPATH\\index.php')
CRITICAL - 2022-07-24 11:26:15 --> Invalid file: /.php
in SYSTEMPATH\Exceptions\FrameworkException.php on line 33.
 1 SYSTEMPATH\View\View.php(201): CodeIgniter\Exceptions\FrameworkException::forInvalidFile('/.php')
 2 SYSTEMPATH\Common.php(1135): CodeIgniter\View\View->render('C:\\', [], true)
 3 APPPATH\Controllers\Home.php(104): view('C:\\', [...])
 4 SYSTEMPATH\CodeIgniter.php(896): App\Controllers\Home->login()
 5 SYSTEMPATH\CodeIgniter.php(466): CodeIgniter\CodeIgniter->runController(Object(App\Controllers\Home))
 6 SYSTEMPATH\CodeIgniter.php(349): CodeIgniter\CodeIgniter->handleRequest(null, Object(Config\Cache), false)
 7 FCPATH\index.php(55): CodeIgniter\CodeIgniter->run()
 8 SYSTEMPATH\Commands\Server\rewrite.php(43): require_once('FCPATH\\index.php')
CRITICAL - 2022-07-24 11:26:21 --> Invalid file: /.php
in SYSTEMPATH\Exceptions\FrameworkException.php on line 33.
 1 SYSTEMPATH\View\View.php(201): CodeIgniter\Exceptions\FrameworkException::forInvalidFile('/.php')
 2 SYSTEMPATH\Common.php(1135): CodeIgniter\View\View->render('C:\\', [], true)
 3 APPPATH\Controllers\Home.php(104): view('C:\\', [...])
 4 SYSTEMPATH\CodeIgniter.php(896): App\Controllers\Home->login()
 5 SYSTEMPATH\CodeIgniter.php(466): CodeIgniter\CodeIgniter->runController(Object(App\Controllers\Home))
 6 SYSTEMPATH\CodeIgniter.php(349): CodeIgniter\CodeIgniter->handleRequest(null, Object(Config\Cache), false)
 7 FCPATH\index.php(55): CodeIgniter\CodeIgniter->run()
 8 SYSTEMPATH\Commands\Server\rewrite.php(43): require_once('FCPATH\\index.php')
