CRITICAL - 2022-07-23 12:21:08 --> Invalid file: dashboard/Expense/Report/datewise.php
in SYSTEMPATH\Exceptions\FrameworkException.php on line 33.
 1 SYSTEMPATH\View\View.php(201): CodeIgniter\Exceptions\FrameworkException::forInvalidFile('dashboard/Expense/Report/datewise.php')
 2 SYSTEMPATH\Common.php(1135): CodeIgniter\View\View->render('dashboard/Expense/Report/datewise', [], true)
 3 APPPATH\Controllers\ReportController.php(30): view('dashboard/Expense/Report/datewise', [...])
 4 SYSTEMPATH\CodeIgniter.php(896): App\Controllers\ReportController->DayWise()
 5 SYSTEMPATH\CodeIgniter.php(466): CodeIgniter\CodeIgniter->runController(Object(App\Controllers\ReportController))
 6 SYSTEMPATH\CodeIgniter.php(349): CodeIgniter\CodeIgniter->handleRequest(null, Object(Config\Cache), false)
 7 FCPATH\index.php(55): CodeIgniter\CodeIgniter->run()
 8 SYSTEMPATH\Commands\Server\rewrite.php(43): require_once('FCPATH\\index.php')
CRITICAL - 2022-07-23 12:22:07 --> Invalid file: dashboard/Expense/Report/datewise.php
in SYSTEMPATH\Exceptions\FrameworkException.php on line 33.
 1 SYSTEMPATH\View\View.php(201): CodeIgniter\Exceptions\FrameworkException::forInvalidFile('dashboard/Expense/Report/datewise.php')
 2 SYSTEMPATH\Common.php(1135): CodeIgniter\View\View->render('dashboard/Expense/Report/datewise', [], true)
 3 APPPATH\Controllers\ReportController.php(29): view('dashboard/Expense/Report/datewise', [...])
 4 SYSTEMPATH\CodeIgniter.php(896): App\Controllers\ReportController->DayWise()
 5 SYSTEMPATH\CodeIgniter.php(466): CodeIgniter\CodeIgniter->runController(Object(App\Controllers\ReportController))
 6 SYSTEMPATH\CodeIgniter.php(349): CodeIgniter\CodeIgniter->handleRequest(null, Object(Config\Cache), false)
 7 FCPATH\index.php(55): CodeIgniter\CodeIgniter->run()
 8 SYSTEMPATH\Commands\Server\rewrite.php(43): require_once('FCPATH\\index.php')
CRITICAL - 2022-07-23 12:22:52 --> Invalid file: dashboard/Expense/Report/datewise.php
in SYSTEMPATH\Exceptions\FrameworkException.php on line 33.
 1 SYSTEMPATH\View\View.php(201): CodeIgniter\Exceptions\FrameworkException::forInvalidFile('dashboard/Expense/Report/datewise.php')
 2 SYSTEMPATH\Common.php(1135): CodeIgniter\View\View->render('dashboard/Expense/Report/datewise', [], true)
 3 APPPATH\Controllers\ReportController.php(32): view('dashboard/Expense/Report/datewise', [...])
 4 SYSTEMPATH\CodeIgniter.php(896): App\Controllers\ReportController->DayWise()
 5 SYSTEMPATH\CodeIgniter.php(466): CodeIgniter\CodeIgniter->runController(Object(App\Controllers\ReportController))
 6 SYSTEMPATH\CodeIgniter.php(349): CodeIgniter\CodeIgniter->handleRequest(null, Object(Config\Cache), false)
 7 FCPATH\index.php(55): CodeIgniter\CodeIgniter->run()
 8 SYSTEMPATH\Commands\Server\rewrite.php(43): require_once('FCPATH\\index.php')
CRITICAL - 2022-07-23 12:23:09 --> Invalid file: dashboard/Expense/Report/datewise.php
in SYSTEMPATH\Exceptions\FrameworkException.php on line 33.
 1 SYSTEMPATH\View\View.php(201): CodeIgniter\Exceptions\FrameworkException::forInvalidFile('dashboard/Expense/Report/datewise.php')
 2 SYSTEMPATH\Common.php(1135): CodeIgniter\View\View->render('dashboard/Expense/Report/datewise', [], true)
 3 APPPATH\Controllers\ReportController.php(32): view('dashboard/Expense/Report/datewise', [...])
 4 SYSTEMPATH\CodeIgniter.php(896): App\Controllers\ReportController->DayWise()
 5 SYSTEMPATH\CodeIgniter.php(466): CodeIgniter\CodeIgniter->runController(Object(App\Controllers\ReportController))
 6 SYSTEMPATH\CodeIgniter.php(349): CodeIgniter\CodeIgniter->handleRequest(null, Object(Config\Cache), false)
 7 FCPATH\index.php(55): CodeIgniter\CodeIgniter->run()
 8 SYSTEMPATH\Commands\Server\rewrite.php(43): require_once('FCPATH\\index.php')
CRITICAL - 2022-07-23 12:24:20 --> Attempt to read property "ExpenseDate" on array
in APPPATH\Views\dashboard\Expense\Report\daywiseList.php on line 42.
 1 APPPATH\Views\dashboard\Expense\Report\daywiseList.php(42): CodeIgniter\Debug\Exceptions->errorHandler(2, 'Attempt to read property "ExpenseDate" on array', 'APPPATH\\Views\\dashboard\\Expense\\Report\\daywiseList.php', 42)
 2 SYSTEMPATH\View\View.php(213): include('APPPATH\\Views\\dashboard\\Expense\\Report\\daywiseList.php')
 3 SYSTEMPATH\View\View.php(216): CodeIgniter\View\View->CodeIgniter\View\{closure}()
 4 SYSTEMPATH\Common.php(1135): CodeIgniter\View\View->render('dashboard/Expense/Report/daywiseList', [], true)
 5 APPPATH\Controllers\ReportController.php(29): view('dashboard/Expense/Report/daywiseList', [...])
 6 SYSTEMPATH\CodeIgniter.php(896): App\Controllers\ReportController->DayWise()
 7 SYSTEMPATH\CodeIgniter.php(466): CodeIgniter\CodeIgniter->runController(Object(App\Controllers\ReportController))
 8 SYSTEMPATH\CodeIgniter.php(349): CodeIgniter\CodeIgniter->handleRequest(null, Object(Config\Cache), false)
 9 FCPATH\index.php(55): CodeIgniter\CodeIgniter->run()
10 SYSTEMPATH\Commands\Server\rewrite.php(43): require_once('FCPATH\\index.php')
CRITICAL - 2022-07-23 12:25:03 --> Undefined variable $totalsexp
in APPPATH\Views\dashboard\Expense\Report\daywiseList.php on line 48.
 1 APPPATH\Views\dashboard\Expense\Report\daywiseList.php(48): CodeIgniter\Debug\Exceptions->errorHandler(2, 'Undefined variable $totalsexp', 'APPPATH\\Views\\dashboard\\Expense\\Report\\daywiseList.php', 48)
 2 SYSTEMPATH\View\View.php(213): include('APPPATH\\Views\\dashboard\\Expense\\Report\\daywiseList.php')
 3 SYSTEMPATH\View\View.php(216): CodeIgniter\View\View->CodeIgniter\View\{closure}()
 4 SYSTEMPATH\Common.php(1135): CodeIgniter\View\View->render('dashboard/Expense/Report/daywiseList', [], true)
 5 APPPATH\Controllers\ReportController.php(29): view('dashboard/Expense/Report/daywiseList', [...])
 6 SYSTEMPATH\CodeIgniter.php(896): App\Controllers\ReportController->DayWise()
 7 SYSTEMPATH\CodeIgniter.php(466): CodeIgniter\CodeIgniter->runController(Object(App\Controllers\ReportController))
 8 SYSTEMPATH\CodeIgniter.php(349): CodeIgniter\CodeIgniter->handleRequest(null, Object(Config\Cache), false)
 9 FCPATH\index.php(55): CodeIgniter\CodeIgniter->run()
10 SYSTEMPATH\Commands\Server\rewrite.php(43): require_once('FCPATH\\index.php')
CRITICAL - 2022-07-23 12:27:00 --> Undefined variable $row
in APPPATH\Views\dashboard\Expense\Report\daywiseList.php on line 35.
 1 APPPATH\Views\dashboard\Expense\Report\daywiseList.php(35): CodeIgniter\Debug\Exceptions->errorHandler(2, 'Undefined variable $row', 'APPPATH\\Views\\dashboard\\Expense\\Report\\daywiseList.php', 35)
 2 SYSTEMPATH\View\View.php(213): include('APPPATH\\Views\\dashboard\\Expense\\Report\\daywiseList.php')
 3 SYSTEMPATH\View\View.php(216): CodeIgniter\View\View->CodeIgniter\View\{closure}()
 4 SYSTEMPATH\Common.php(1135): CodeIgniter\View\View->render('dashboard/Expense/Report/daywiseList', [], true)
 5 APPPATH\Controllers\ReportController.php(29): view('dashboard/Expense/Report/daywiseList', [...])
 6 SYSTEMPATH\CodeIgniter.php(896): App\Controllers\ReportController->DayWise()
 7 SYSTEMPATH\CodeIgniter.php(466): CodeIgniter\CodeIgniter->runController(Object(App\Controllers\ReportController))
 8 SYSTEMPATH\CodeIgniter.php(349): CodeIgniter\CodeIgniter->handleRequest(null, Object(Config\Cache), false)
 9 FCPATH\index.php(55): CodeIgniter\CodeIgniter->run()
10 SYSTEMPATH\Commands\Server\rewrite.php(43): require_once('FCPATH\\index.php')
CRITICAL - 2022-07-23 12:27:28 --> Undefined variable $totalsexp
in APPPATH\Views\dashboard\Expense\Report\daywiseList.php on line 44.
 1 APPPATH\Views\dashboard\Expense\Report\daywiseList.php(44): CodeIgniter\Debug\Exceptions->errorHandler(2, 'Undefined variable $totalsexp', 'APPPATH\\Views\\dashboard\\Expense\\Report\\daywiseList.php', 44)
 2 SYSTEMPATH\View\View.php(213): include('APPPATH\\Views\\dashboard\\Expense\\Report\\daywiseList.php')
 3 SYSTEMPATH\View\View.php(216): CodeIgniter\View\View->CodeIgniter\View\{closure}()
 4 SYSTEMPATH\Common.php(1135): CodeIgniter\View\View->render('dashboard/Expense/Report/daywiseList', [], true)
 5 APPPATH\Controllers\ReportController.php(29): view('dashboard/Expense/Report/daywiseList', [...])
 6 SYSTEMPATH\CodeIgniter.php(896): App\Controllers\ReportController->DayWise()
 7 SYSTEMPATH\CodeIgniter.php(466): CodeIgniter\CodeIgniter->runController(Object(App\Controllers\ReportController))
 8 SYSTEMPATH\CodeIgniter.php(349): CodeIgniter\CodeIgniter->handleRequest(null, Object(Config\Cache), false)
 9 FCPATH\index.php(55): CodeIgniter\CodeIgniter->run()
10 SYSTEMPATH\Commands\Server\rewrite.php(43): require_once('FCPATH\\index.php')
CRITICAL - 2022-07-23 12:27:42 --> Undefined variable $totalsexp
in APPPATH\Views\dashboard\Expense\Report\daywiseList.php on line 49.
 1 APPPATH\Views\dashboard\Expense\Report\daywiseList.php(49): CodeIgniter\Debug\Exceptions->errorHandler(2, 'Undefined variable $totalsexp', 'APPPATH\\Views\\dashboard\\Expense\\Report\\daywiseList.php', 49)
 2 SYSTEMPATH\View\View.php(213): include('APPPATH\\Views\\dashboard\\Expense\\Report\\daywiseList.php')
 3 SYSTEMPATH\View\View.php(216): CodeIgniter\View\View->CodeIgniter\View\{closure}()
 4 SYSTEMPATH\Common.php(1135): CodeIgniter\View\View->render('dashboard/Expense/Report/daywiseList', [], true)
 5 APPPATH\Controllers\ReportController.php(29): view('dashboard/Expense/Report/daywiseList', [...])
 6 SYSTEMPATH\CodeIgniter.php(896): App\Controllers\ReportController->DayWise()
 7 SYSTEMPATH\CodeIgniter.php(466): CodeIgniter\CodeIgniter->runController(Object(App\Controllers\ReportController))
 8 SYSTEMPATH\CodeIgniter.php(349): CodeIgniter\CodeIgniter->handleRequest(null, Object(Config\Cache), false)
 9 FCPATH\index.php(55): CodeIgniter\CodeIgniter->run()
10 SYSTEMPATH\Commands\Server\rewrite.php(43): require_once('FCPATH\\index.php')
CRITICAL - 2022-07-23 12:27:54 --> Undefined variable $totalsexp
in APPPATH\Views\dashboard\Expense\Report\daywiseList.php on line 55.
 1 APPPATH\Views\dashboard\Expense\Report\daywiseList.php(55): CodeIgniter\Debug\Exceptions->errorHandler(2, 'Undefined variable $totalsexp', 'APPPATH\\Views\\dashboard\\Expense\\Report\\daywiseList.php', 55)
 2 SYSTEMPATH\View\View.php(213): include('APPPATH\\Views\\dashboard\\Expense\\Report\\daywiseList.php')
 3 SYSTEMPATH\View\View.php(216): CodeIgniter\View\View->CodeIgniter\View\{closure}()
 4 SYSTEMPATH\Common.php(1135): CodeIgniter\View\View->render('dashboard/Expense/Report/daywiseList', [], true)
 5 APPPATH\Controllers\ReportController.php(29): view('dashboard/Expense/Report/daywiseList', [...])
 6 SYSTEMPATH\CodeIgniter.php(896): App\Controllers\ReportController->DayWise()
 7 SYSTEMPATH\CodeIgniter.php(466): CodeIgniter\CodeIgniter->runController(Object(App\Controllers\ReportController))
 8 SYSTEMPATH\CodeIgniter.php(349): CodeIgniter\CodeIgniter->handleRequest(null, Object(Config\Cache), false)
 9 FCPATH\index.php(55): CodeIgniter\CodeIgniter->run()
10 SYSTEMPATH\Commands\Server\rewrite.php(43): require_once('FCPATH\\index.php')
CRITICAL - 2022-07-23 12:30:22 --> Undefined variable $ttlsl
in APPPATH\Views\dashboard\Expense\Report\daywiseList.php on line 57.
 1 APPPATH\Views\dashboard\Expense\Report\daywiseList.php(57): CodeIgniter\Debug\Exceptions->errorHandler(2, 'Undefined variable $ttlsl', 'APPPATH\\Views\\dashboard\\Expense\\Report\\daywiseList.php', 57)
 2 SYSTEMPATH\View\View.php(213): include('APPPATH\\Views\\dashboard\\Expense\\Report\\daywiseList.php')
 3 SYSTEMPATH\View\View.php(216): CodeIgniter\View\View->CodeIgniter\View\{closure}()
 4 SYSTEMPATH\Common.php(1135): CodeIgniter\View\View->render('dashboard/Expense/Report/daywiseList', [], true)
 5 APPPATH\Controllers\ReportController.php(29): view('dashboard/Expense/Report/daywiseList', [...])
 6 SYSTEMPATH\CodeIgniter.php(896): App\Controllers\ReportController->DayWise()
 7 SYSTEMPATH\CodeIgniter.php(466): CodeIgniter\CodeIgniter->runController(Object(App\Controllers\ReportController))
 8 SYSTEMPATH\CodeIgniter.php(349): CodeIgniter\CodeIgniter->handleRequest(null, Object(Config\Cache), false)
 9 FCPATH\index.php(55): CodeIgniter\CodeIgniter->run()
10 SYSTEMPATH\Commands\Server\rewrite.php(43): require_once('FCPATH\\index.php')
CRITICAL - 2022-07-23 12:52:38 --> Call to undefined function form_open()
in APPPATH\Views\dashboard\dashboard.php on line 15.
 1 SYSTEMPATH\View\View.php(213): include()
 2 SYSTEMPATH\View\View.php(216): CodeIgniter\View\View->CodeIgniter\View\{closure}()
 3 SYSTEMPATH\Common.php(1135): CodeIgniter\View\View->render('dashboard/dashboard', [], true)
 4 APPPATH\Controllers\DashboardController.php(14): view('dashboard/dashboard')
 5 SYSTEMPATH\CodeIgniter.php(896): App\Controllers\DashboardController->index()
 6 SYSTEMPATH\CodeIgniter.php(466): CodeIgniter\CodeIgniter->runController(Object(App\Controllers\DashboardController))
 7 SYSTEMPATH\CodeIgniter.php(349): CodeIgniter\CodeIgniter->handleRequest(null, Object(Config\Cache), false)
 8 FCPATH\index.php(55): CodeIgniter\CodeIgniter->run()
 9 SYSTEMPATH\Commands\Server\rewrite.php(43): require_once('FCPATH\\index.php')
CRITICAL - 2022-07-23 12:58:31 --> Undefined variable $texp
in APPPATH\Views\dashboard\dashboard.php on line 27.
 1 APPPATH\Views\dashboard\dashboard.php(27): CodeIgniter\Debug\Exceptions->errorHandler(2, 'Undefined variable $texp', 'APPPATH\\Views\\dashboard\\dashboard.php', 27)
 2 SYSTEMPATH\View\View.php(213): include('APPPATH\\Views\\dashboard\\dashboard.php')
 3 SYSTEMPATH\View\View.php(216): CodeIgniter\View\View->CodeIgniter\View\{closure}()
 4 SYSTEMPATH\Common.php(1135): CodeIgniter\View\View->render('dashboard/dashboard', [], true)
 5 APPPATH\Controllers\DashboardController.php(15): view('dashboard/dashboard')
 6 SYSTEMPATH\CodeIgniter.php(896): App\Controllers\DashboardController->index()
 7 SYSTEMPATH\CodeIgniter.php(466): CodeIgniter\CodeIgniter->runController(Object(App\Controllers\DashboardController))
 8 SYSTEMPATH\CodeIgniter.php(349): CodeIgniter\CodeIgniter->handleRequest(null, Object(Config\Cache), false)
 9 FCPATH\index.php(55): CodeIgniter\CodeIgniter->run()
10 SYSTEMPATH\Commands\Server\rewrite.php(43): require_once('FCPATH\\index.php')
CRITICAL - 2022-07-23 13:09:47 --> CodeIgniter\BaseModel::findAll(): Argument #1 ($limit) must be of type int, string given, called in C:\xampp\htdocs\PHP\ci\project1ci4\app\Controllers\DashboardController.php on line 21
in SYSTEMPATH\BaseModel.php on line 567.
 1 APPPATH\Controllers\DashboardController.php(21): CodeIgniter\BaseModel->findAll('ExpenseCost')
 2 SYSTEMPATH\CodeIgniter.php(896): App\Controllers\DashboardController->index()
 3 SYSTEMPATH\CodeIgniter.php(466): CodeIgniter\CodeIgniter->runController(Object(App\Controllers\DashboardController))
 4 SYSTEMPATH\CodeIgniter.php(349): CodeIgniter\CodeIgniter->handleRequest(null, Object(Config\Cache), false)
 5 FCPATH\index.php(55): CodeIgniter\CodeIgniter->run()
 6 SYSTEMPATH\Commands\Server\rewrite.php(43): require_once('FCPATH\\index.php')
CRITICAL - 2022-07-23 13:11:49 --> CodeIgniter\BaseModel::findAll(): Argument #1 ($limit) must be of type int, string given, called in C:\xampp\htdocs\PHP\ci\project1ci4\app\Controllers\DashboardController.php on line 21
in SYSTEMPATH\BaseModel.php on line 567.
 1 APPPATH\Controllers\DashboardController.php(21): CodeIgniter\BaseModel->findAll('ExpenseCost')
 2 SYSTEMPATH\CodeIgniter.php(896): App\Controllers\DashboardController->index()
 3 SYSTEMPATH\CodeIgniter.php(466): CodeIgniter\CodeIgniter->runController(Object(App\Controllers\DashboardController))
 4 SYSTEMPATH\CodeIgniter.php(349): CodeIgniter\CodeIgniter->handleRequest(null, Object(Config\Cache), false)
 5 FCPATH\index.php(55): CodeIgniter\CodeIgniter->run()
 6 SYSTEMPATH\Commands\Server\rewrite.php(43): require_once('FCPATH\\index.php')
ERROR - 2022-07-23 13:31:17 --> Unknown column 'ExpesneData' in 'where clause'
CRITICAL - 2022-07-23 13:31:17 --> Call to a member function getResult() on bool
in SYSTEMPATH\Model.php on line 223.
 1 SYSTEMPATH\BaseModel.php(584): CodeIgniter\Model->doFindAll(0, 0)
 2 APPPATH\Controllers\DashboardController.php(35): CodeIgniter\BaseModel->findAll()
 3 SYSTEMPATH\CodeIgniter.php(896): App\Controllers\DashboardController->index()
 4 SYSTEMPATH\CodeIgniter.php(466): CodeIgniter\CodeIgniter->runController(Object(App\Controllers\DashboardController))
 5 SYSTEMPATH\CodeIgniter.php(349): CodeIgniter\CodeIgniter->handleRequest(null, Object(Config\Cache), false)
 6 FCPATH\index.php(55): CodeIgniter\CodeIgniter->run()
 7 SYSTEMPATH\Commands\Server\rewrite.php(43): require_once('FCPATH\\index.php')
ERROR - 2022-07-23 13:31:28 --> Unknown column 'ExpesneData' in 'where clause'
CRITICAL - 2022-07-23 13:31:28 --> Call to a member function getResult() on bool
in SYSTEMPATH\Model.php on line 223.
 1 SYSTEMPATH\BaseModel.php(584): CodeIgniter\Model->doFindAll(0, 0)
 2 APPPATH\Controllers\DashboardController.php(35): CodeIgniter\BaseModel->findAll()
 3 SYSTEMPATH\CodeIgniter.php(896): App\Controllers\DashboardController->index()
 4 SYSTEMPATH\CodeIgniter.php(466): CodeIgniter\CodeIgniter->runController(Object(App\Controllers\DashboardController))
 5 SYSTEMPATH\CodeIgniter.php(349): CodeIgniter\CodeIgniter->handleRequest(null, Object(Config\Cache), false)
 6 FCPATH\index.php(55): CodeIgniter\CodeIgniter->run()
 7 SYSTEMPATH\Commands\Server\rewrite.php(43): require_once('FCPATH\\index.php')
ERROR - 2022-07-23 13:31:51 --> Unknown column 'ExpesneData' in 'where clause'
CRITICAL - 2022-07-23 13:31:51 --> Call to a member function getResult() on bool
in SYSTEMPATH\Model.php on line 223.
 1 SYSTEMPATH\BaseModel.php(584): CodeIgniter\Model->doFindAll(0, 0)
 2 APPPATH\Controllers\DashboardController.php(35): CodeIgniter\BaseModel->findAll()
 3 SYSTEMPATH\CodeIgniter.php(896): App\Controllers\DashboardController->index()
 4 SYSTEMPATH\CodeIgniter.php(466): CodeIgniter\CodeIgniter->runController(Object(App\Controllers\DashboardController))
 5 SYSTEMPATH\CodeIgniter.php(349): CodeIgniter\CodeIgniter->handleRequest(null, Object(Config\Cache), false)
 6 FCPATH\index.php(55): CodeIgniter\CodeIgniter->run()
 7 SYSTEMPATH\Commands\Server\rewrite.php(43): require_once('FCPATH\\index.php')
ERROR - 2022-07-23 13:32:40 --> Unknown column 'ExpesneDate' in 'where clause'
CRITICAL - 2022-07-23 13:32:40 --> Call to a member function getResult() on bool
in SYSTEMPATH\Model.php on line 223.
 1 SYSTEMPATH\BaseModel.php(584): CodeIgniter\Model->doFindAll(0, 0)
 2 APPPATH\Controllers\DashboardController.php(35): CodeIgniter\BaseModel->findAll()
 3 SYSTEMPATH\CodeIgniter.php(896): App\Controllers\DashboardController->index()
 4 SYSTEMPATH\CodeIgniter.php(466): CodeIgniter\CodeIgniter->runController(Object(App\Controllers\DashboardController))
 5 SYSTEMPATH\CodeIgniter.php(349): CodeIgniter\CodeIgniter->handleRequest(null, Object(Config\Cache), false)
 6 FCPATH\index.php(55): CodeIgniter\CodeIgniter->run()
 7 SYSTEMPATH\Commands\Server\rewrite.php(43): require_once('FCPATH\\index.php')
ERROR - 2022-07-23 13:33:00 --> Unknown column 'ExpesneDate' in 'where clause'
CRITICAL - 2022-07-23 13:33:00 --> Call to a member function getResult() on bool
in SYSTEMPATH\Model.php on line 223.
 1 SYSTEMPATH\BaseModel.php(584): CodeIgniter\Model->doFindAll(0, 0)
 2 APPPATH\Controllers\DashboardController.php(35): CodeIgniter\BaseModel->findAll()
 3 SYSTEMPATH\CodeIgniter.php(896): App\Controllers\DashboardController->index()
 4 SYSTEMPATH\CodeIgniter.php(466): CodeIgniter\CodeIgniter->runController(Object(App\Controllers\DashboardController))
 5 SYSTEMPATH\CodeIgniter.php(349): CodeIgniter\CodeIgniter->handleRequest(null, Object(Config\Cache), false)
 6 FCPATH\index.php(55): CodeIgniter\CodeIgniter->run()
 7 SYSTEMPATH\Commands\Server\rewrite.php(43): require_once('FCPATH\\index.php')
ERROR - 2022-07-23 13:34:30 --> Unknown column 'ExpesneDate' in 'where clause'
CRITICAL - 2022-07-23 13:34:30 --> Call to a member function getResult() on bool
in SYSTEMPATH\Model.php on line 223.
 1 SYSTEMPATH\BaseModel.php(584): CodeIgniter\Model->doFindAll(0, 0)
 2 APPPATH\Controllers\DashboardController.php(35): CodeIgniter\BaseModel->findAll()
 3 SYSTEMPATH\CodeIgniter.php(896): App\Controllers\DashboardController->index()
 4 SYSTEMPATH\CodeIgniter.php(466): CodeIgniter\CodeIgniter->runController(Object(App\Controllers\DashboardController))
 5 SYSTEMPATH\CodeIgniter.php(349): CodeIgniter\CodeIgniter->handleRequest(null, Object(Config\Cache), false)
 6 FCPATH\index.php(55): CodeIgniter\CodeIgniter->run()
 7 SYSTEMPATH\Commands\Server\rewrite.php(43): require_once('FCPATH\\index.php')
ERROR - 2022-07-23 13:36:04 --> Unknown column 'ExpesneDate' in 'where clause'
CRITICAL - 2022-07-23 13:36:04 --> Call to a member function getResult() on bool
in SYSTEMPATH\Model.php on line 223.
 1 SYSTEMPATH\BaseModel.php(584): CodeIgniter\Model->doFindAll(0, 0)
 2 APPPATH\Controllers\DashboardController.php(35): CodeIgniter\BaseModel->findAll()
 3 SYSTEMPATH\CodeIgniter.php(896): App\Controllers\DashboardController->index()
 4 SYSTEMPATH\CodeIgniter.php(466): CodeIgniter\CodeIgniter->runController(Object(App\Controllers\DashboardController))
 5 SYSTEMPATH\CodeIgniter.php(349): CodeIgniter\CodeIgniter->handleRequest(null, Object(Config\Cache), false)
 6 FCPATH\index.php(55): CodeIgniter\CodeIgniter->run()
 7 SYSTEMPATH\Commands\Server\rewrite.php(43): require_once('FCPATH\\index.php')
ERROR - 2022-07-23 13:36:27 --> Unknown column 'ExpesneDate' in 'where clause'
CRITICAL - 2022-07-23 13:36:27 --> Call to a member function getResult() on bool
in SYSTEMPATH\Model.php on line 223.
 1 SYSTEMPATH\BaseModel.php(584): CodeIgniter\Model->doFindAll(0, 0)
 2 APPPATH\Controllers\DashboardController.php(35): CodeIgniter\BaseModel->findAll()
 3 SYSTEMPATH\CodeIgniter.php(896): App\Controllers\DashboardController->index()
 4 SYSTEMPATH\CodeIgniter.php(466): CodeIgniter\CodeIgniter->runController(Object(App\Controllers\DashboardController))
 5 SYSTEMPATH\CodeIgniter.php(349): CodeIgniter\CodeIgniter->handleRequest(null, Object(Config\Cache), false)
 6 FCPATH\index.php(55): CodeIgniter\CodeIgniter->run()
 7 SYSTEMPATH\Commands\Server\rewrite.php(43): require_once('FCPATH\\index.php')
ERROR - 2022-07-23 13:36:27 --> Unknown column 'ExpesneDate' in 'where clause'
CRITICAL - 2022-07-23 13:36:27 --> Call to a member function getResult() on bool
in SYSTEMPATH\Model.php on line 223.
 1 SYSTEMPATH\BaseModel.php(584): CodeIgniter\Model->doFindAll(0, 0)
 2 APPPATH\Controllers\DashboardController.php(35): CodeIgniter\BaseModel->findAll()
 3 SYSTEMPATH\CodeIgniter.php(896): App\Controllers\DashboardController->index()
 4 SYSTEMPATH\CodeIgniter.php(466): CodeIgniter\CodeIgniter->runController(Object(App\Controllers\DashboardController))
 5 SYSTEMPATH\CodeIgniter.php(349): CodeIgniter\CodeIgniter->handleRequest(null, Object(Config\Cache), false)
 6 FCPATH\index.php(55): CodeIgniter\CodeIgniter->run()
 7 SYSTEMPATH\Commands\Server\rewrite.php(43): require_once('FCPATH\\index.php')
ERROR - 2022-07-23 13:37:01 --> Unknown column 'ExpesneDate' in 'where clause'
CRITICAL - 2022-07-23 13:37:01 --> Call to a member function getResult() on bool
in SYSTEMPATH\Model.php on line 223.
 1 SYSTEMPATH\BaseModel.php(584): CodeIgniter\Model->doFindAll(0, 0)
 2 APPPATH\Controllers\DashboardController.php(35): CodeIgniter\BaseModel->findAll()
 3 SYSTEMPATH\CodeIgniter.php(896): App\Controllers\DashboardController->index()
 4 SYSTEMPATH\CodeIgniter.php(466): CodeIgniter\CodeIgniter->runController(Object(App\Controllers\DashboardController))
 5 SYSTEMPATH\CodeIgniter.php(349): CodeIgniter\CodeIgniter->handleRequest(null, Object(Config\Cache), false)
 6 FCPATH\index.php(55): CodeIgniter\CodeIgniter->run()
 7 SYSTEMPATH\Commands\Server\rewrite.php(43): require_once('FCPATH\\index.php')
ERROR - 2022-07-23 13:38:08 --> Unknown column 'ExpesneDate' in 'where clause'
CRITICAL - 2022-07-23 13:38:08 --> Call to a member function getResult() on bool
in SYSTEMPATH\Model.php on line 223.
 1 SYSTEMPATH\BaseModel.php(584): CodeIgniter\Model->doFindAll(0, 0)
 2 APPPATH\Controllers\DashboardController.php(35): CodeIgniter\BaseModel->findAll()
 3 SYSTEMPATH\CodeIgniter.php(896): App\Controllers\DashboardController->index()
 4 SYSTEMPATH\CodeIgniter.php(466): CodeIgniter\CodeIgniter->runController(Object(App\Controllers\DashboardController))
 5 SYSTEMPATH\CodeIgniter.php(349): CodeIgniter\CodeIgniter->handleRequest(null, Object(Config\Cache), false)
 6 FCPATH\index.php(55): CodeIgniter\CodeIgniter->run()
 7 SYSTEMPATH\Commands\Server\rewrite.php(43): require_once('FCPATH\\index.php')
ERROR - 2022-07-23 13:38:18 --> Unknown column 'ExpesneDate' in 'where clause'
CRITICAL - 2022-07-23 13:38:18 --> Call to a member function getResult() on bool
in SYSTEMPATH\Model.php on line 223.
 1 SYSTEMPATH\BaseModel.php(584): CodeIgniter\Model->doFindAll(0, 0)
 2 APPPATH\Controllers\DashboardController.php(35): CodeIgniter\BaseModel->findAll()
 3 SYSTEMPATH\CodeIgniter.php(896): App\Controllers\DashboardController->index()
 4 SYSTEMPATH\CodeIgniter.php(466): CodeIgniter\CodeIgniter->runController(Object(App\Controllers\DashboardController))
 5 SYSTEMPATH\CodeIgniter.php(349): CodeIgniter\CodeIgniter->handleRequest(null, Object(Config\Cache), false)
 6 FCPATH\index.php(55): CodeIgniter\CodeIgniter->run()
 7 SYSTEMPATH\Commands\Server\rewrite.php(43): require_once('FCPATH\\index.php')
ERROR - 2022-07-23 13:40:39 --> Unknown column 'ExpesneDate' in 'where clause'
CRITICAL - 2022-07-23 13:40:39 --> Call to a member function getResult() on bool
in SYSTEMPATH\Model.php on line 223.
 1 SYSTEMPATH\BaseModel.php(584): CodeIgniter\Model->doFindAll(0, 0)
 2 APPPATH\Controllers\DashboardController.php(35): CodeIgniter\BaseModel->findAll()
 3 SYSTEMPATH\CodeIgniter.php(896): App\Controllers\DashboardController->index()
 4 SYSTEMPATH\CodeIgniter.php(466): CodeIgniter\CodeIgniter->runController(Object(App\Controllers\DashboardController))
 5 SYSTEMPATH\CodeIgniter.php(349): CodeIgniter\CodeIgniter->handleRequest(null, Object(Config\Cache), false)
 6 FCPATH\index.php(55): CodeIgniter\CodeIgniter->run()
 7 SYSTEMPATH\Commands\Server\rewrite.php(43): require_once('FCPATH\\index.php')
ERROR - 2022-07-23 13:40:47 --> Unknown column 'ExpesneDate' in 'where clause'
CRITICAL - 2022-07-23 13:40:47 --> Call to a member function getResult() on bool
in SYSTEMPATH\Model.php on line 223.
 1 SYSTEMPATH\BaseModel.php(584): CodeIgniter\Model->doFindAll(0, 0)
 2 APPPATH\Controllers\DashboardController.php(35): CodeIgniter\BaseModel->findAll()
 3 SYSTEMPATH\CodeIgniter.php(896): App\Controllers\DashboardController->index()
 4 SYSTEMPATH\CodeIgniter.php(466): CodeIgniter\CodeIgniter->runController(Object(App\Controllers\DashboardController))
 5 SYSTEMPATH\CodeIgniter.php(349): CodeIgniter\CodeIgniter->handleRequest(null, Object(Config\Cache), false)
 6 FCPATH\index.php(55): CodeIgniter\CodeIgniter->run()
 7 SYSTEMPATH\Commands\Server\rewrite.php(43): require_once('FCPATH\\index.php')
ERROR - 2022-07-23 13:40:48 --> Unknown column 'ExpesneDate' in 'where clause'
CRITICAL - 2022-07-23 13:40:48 --> Call to a member function getResult() on bool
in SYSTEMPATH\Model.php on line 223.
 1 SYSTEMPATH\BaseModel.php(584): CodeIgniter\Model->doFindAll(0, 0)
 2 APPPATH\Controllers\DashboardController.php(35): CodeIgniter\BaseModel->findAll()
 3 SYSTEMPATH\CodeIgniter.php(896): App\Controllers\DashboardController->index()
 4 SYSTEMPATH\CodeIgniter.php(466): CodeIgniter\CodeIgniter->runController(Object(App\Controllers\DashboardController))
 5 SYSTEMPATH\CodeIgniter.php(349): CodeIgniter\CodeIgniter->handleRequest(null, Object(Config\Cache), false)
 6 FCPATH\index.php(55): CodeIgniter\CodeIgniter->run()
 7 SYSTEMPATH\Commands\Server\rewrite.php(43): require_once('FCPATH\\index.php')
ERROR - 2022-07-23 13:41:25 --> Unknown column 'ExpesneDate' in 'where clause'
CRITICAL - 2022-07-23 13:41:25 --> Call to a member function getResult() on bool
in SYSTEMPATH\Model.php on line 223.
 1 SYSTEMPATH\BaseModel.php(584): CodeIgniter\Model->doFindAll(0, 0)
 2 APPPATH\Controllers\DashboardController.php(35): CodeIgniter\BaseModel->findAll()
 3 SYSTEMPATH\CodeIgniter.php(896): App\Controllers\DashboardController->index()
 4 SYSTEMPATH\CodeIgniter.php(466): CodeIgniter\CodeIgniter->runController(Object(App\Controllers\DashboardController))
 5 SYSTEMPATH\CodeIgniter.php(349): CodeIgniter\CodeIgniter->handleRequest(null, Object(Config\Cache), false)
 6 FCPATH\index.php(55): CodeIgniter\CodeIgniter->run()
 7 SYSTEMPATH\Commands\Server\rewrite.php(43): require_once('FCPATH\\index.php')
ERROR - 2022-07-23 13:42:11 --> Unknown column 'ExpesneDate' in 'where clause'
CRITICAL - 2022-07-23 13:42:11 --> Call to a member function getResult() on bool
in SYSTEMPATH\Model.php on line 223.
 1 SYSTEMPATH\BaseModel.php(584): CodeIgniter\Model->doFindAll(0, 0)
 2 APPPATH\Controllers\DashboardController.php(36): CodeIgniter\BaseModel->findAll()
 3 SYSTEMPATH\CodeIgniter.php(896): App\Controllers\DashboardController->index()
 4 SYSTEMPATH\CodeIgniter.php(466): CodeIgniter\CodeIgniter->runController(Object(App\Controllers\DashboardController))
 5 SYSTEMPATH\CodeIgniter.php(349): CodeIgniter\CodeIgniter->handleRequest(null, Object(Config\Cache), false)
 6 FCPATH\index.php(55): CodeIgniter\CodeIgniter->run()
 7 SYSTEMPATH\Commands\Server\rewrite.php(43): require_once('FCPATH\\index.php')
ERROR - 2022-07-23 13:43:18 --> Unknown column 'ExpesneDate' in 'where clause'
CRITICAL - 2022-07-23 13:43:18 --> Call to a member function getResult() on bool
in SYSTEMPATH\Model.php on line 223.
 1 SYSTEMPATH\BaseModel.php(584): CodeIgniter\Model->doFindAll(0, 0)
 2 APPPATH\Controllers\DashboardController.php(36): CodeIgniter\BaseModel->findAll()
 3 SYSTEMPATH\CodeIgniter.php(896): App\Controllers\DashboardController->index()
 4 SYSTEMPATH\CodeIgniter.php(466): CodeIgniter\CodeIgniter->runController(Object(App\Controllers\DashboardController))
 5 SYSTEMPATH\CodeIgniter.php(349): CodeIgniter\CodeIgniter->handleRequest(null, Object(Config\Cache), false)
 6 FCPATH\index.php(55): CodeIgniter\CodeIgniter->run()
 7 SYSTEMPATH\Commands\Server\rewrite.php(43): require_once('FCPATH\\index.php')
ERROR - 2022-07-23 13:43:29 --> Unknown column 'ExpesneDate' in 'where clause'
CRITICAL - 2022-07-23 13:43:29 --> Call to a member function getResult() on bool
in SYSTEMPATH\Model.php on line 223.
 1 SYSTEMPATH\BaseModel.php(584): CodeIgniter\Model->doFindAll(0, 0)
 2 APPPATH\Controllers\DashboardController.php(36): CodeIgniter\BaseModel->findAll()
 3 SYSTEMPATH\CodeIgniter.php(896): App\Controllers\DashboardController->index()
 4 SYSTEMPATH\CodeIgniter.php(466): CodeIgniter\CodeIgniter->runController(Object(App\Controllers\DashboardController))
 5 SYSTEMPATH\CodeIgniter.php(349): CodeIgniter\CodeIgniter->handleRequest(null, Object(Config\Cache), false)
 6 FCPATH\index.php(55): CodeIgniter\CodeIgniter->run()
 7 SYSTEMPATH\Commands\Server\rewrite.php(43): require_once('FCPATH\\index.php')
ERROR - 2022-07-23 13:43:59 --> Unknown column 'ExpesneDate' in 'where clause'
CRITICAL - 2022-07-23 13:43:59 --> Call to a member function getResult() on bool
in SYSTEMPATH\Model.php on line 223.
 1 SYSTEMPATH\BaseModel.php(584): CodeIgniter\Model->doFindAll(0, 0)
 2 APPPATH\Controllers\DashboardController.php(36): CodeIgniter\BaseModel->findAll()
 3 SYSTEMPATH\CodeIgniter.php(896): App\Controllers\DashboardController->index()
 4 SYSTEMPATH\CodeIgniter.php(466): CodeIgniter\CodeIgniter->runController(Object(App\Controllers\DashboardController))
 5 SYSTEMPATH\CodeIgniter.php(349): CodeIgniter\CodeIgniter->handleRequest(null, Object(Config\Cache), false)
 6 FCPATH\index.php(55): CodeIgniter\CodeIgniter->run()
 7 SYSTEMPATH\Commands\Server\rewrite.php(43): require_once('FCPATH\\index.php')
ERROR - 2022-07-23 13:44:00 --> Unknown column 'ExpesneDate' in 'where clause'
CRITICAL - 2022-07-23 13:44:00 --> Call to a member function getResult() on bool
in SYSTEMPATH\Model.php on line 223.
 1 SYSTEMPATH\BaseModel.php(584): CodeIgniter\Model->doFindAll(0, 0)
 2 APPPATH\Controllers\DashboardController.php(36): CodeIgniter\BaseModel->findAll()
 3 SYSTEMPATH\CodeIgniter.php(896): App\Controllers\DashboardController->index()
 4 SYSTEMPATH\CodeIgniter.php(466): CodeIgniter\CodeIgniter->runController(Object(App\Controllers\DashboardController))
 5 SYSTEMPATH\CodeIgniter.php(349): CodeIgniter\CodeIgniter->handleRequest(null, Object(Config\Cache), false)
 6 FCPATH\index.php(55): CodeIgniter\CodeIgniter->run()
 7 SYSTEMPATH\Commands\Server\rewrite.php(43): require_once('FCPATH\\index.php')
ERROR - 2022-07-23 13:44:01 --> Unknown column 'ExpesneDate' in 'where clause'
CRITICAL - 2022-07-23 13:44:01 --> Call to a member function getResult() on bool
in SYSTEMPATH\Model.php on line 223.
 1 SYSTEMPATH\BaseModel.php(584): CodeIgniter\Model->doFindAll(0, 0)
 2 APPPATH\Controllers\DashboardController.php(36): CodeIgniter\BaseModel->findAll()
 3 SYSTEMPATH\CodeIgniter.php(896): App\Controllers\DashboardController->index()
 4 SYSTEMPATH\CodeIgniter.php(466): CodeIgniter\CodeIgniter->runController(Object(App\Controllers\DashboardController))
 5 SYSTEMPATH\CodeIgniter.php(349): CodeIgniter\CodeIgniter->handleRequest(null, Object(Config\Cache), false)
 6 FCPATH\index.php(55): CodeIgniter\CodeIgniter->run()
 7 SYSTEMPATH\Commands\Server\rewrite.php(43): require_once('FCPATH\\index.php')
ERROR - 2022-07-23 13:44:01 --> Unknown column 'ExpesneDate' in 'where clause'
CRITICAL - 2022-07-23 13:44:01 --> Call to a member function getResult() on bool
in SYSTEMPATH\Model.php on line 223.
 1 SYSTEMPATH\BaseModel.php(584): CodeIgniter\Model->doFindAll(0, 0)
 2 APPPATH\Controllers\DashboardController.php(36): CodeIgniter\BaseModel->findAll()
 3 SYSTEMPATH\CodeIgniter.php(896): App\Controllers\DashboardController->index()
 4 SYSTEMPATH\CodeIgniter.php(466): CodeIgniter\CodeIgniter->runController(Object(App\Controllers\DashboardController))
 5 SYSTEMPATH\CodeIgniter.php(349): CodeIgniter\CodeIgniter->handleRequest(null, Object(Config\Cache), false)
 6 FCPATH\index.php(55): CodeIgniter\CodeIgniter->run()
 7 SYSTEMPATH\Commands\Server\rewrite.php(43): require_once('FCPATH\\index.php')
ERROR - 2022-07-23 13:44:23 --> Unknown column 'ExpesneDate' in 'where clause'
CRITICAL - 2022-07-23 13:44:23 --> Call to a member function getResult() on bool
in SYSTEMPATH\Model.php on line 223.
 1 SYSTEMPATH\BaseModel.php(584): CodeIgniter\Model->doFindAll(0, 0)
 2 APPPATH\Controllers\DashboardController.php(36): CodeIgniter\BaseModel->findAll()
 3 SYSTEMPATH\CodeIgniter.php(896): App\Controllers\DashboardController->index()
 4 SYSTEMPATH\CodeIgniter.php(466): CodeIgniter\CodeIgniter->runController(Object(App\Controllers\DashboardController))
 5 SYSTEMPATH\CodeIgniter.php(349): CodeIgniter\CodeIgniter->handleRequest(null, Object(Config\Cache), false)
 6 FCPATH\index.php(55): CodeIgniter\CodeIgniter->run()
 7 SYSTEMPATH\Commands\Server\rewrite.php(43): require_once('FCPATH\\index.php')
ERROR - 2022-07-23 13:44:24 --> Unknown column 'ExpesneDate' in 'where clause'
CRITICAL - 2022-07-23 13:44:24 --> Call to a member function getResult() on bool
in SYSTEMPATH\Model.php on line 223.
 1 SYSTEMPATH\BaseModel.php(584): CodeIgniter\Model->doFindAll(0, 0)
 2 APPPATH\Controllers\DashboardController.php(36): CodeIgniter\BaseModel->findAll()
 3 SYSTEMPATH\CodeIgniter.php(896): App\Controllers\DashboardController->index()
 4 SYSTEMPATH\CodeIgniter.php(466): CodeIgniter\CodeIgniter->runController(Object(App\Controllers\DashboardController))
 5 SYSTEMPATH\CodeIgniter.php(349): CodeIgniter\CodeIgniter->handleRequest(null, Object(Config\Cache), false)
 6 FCPATH\index.php(55): CodeIgniter\CodeIgniter->run()
 7 SYSTEMPATH\Commands\Server\rewrite.php(43): require_once('FCPATH\\index.php')
ERROR - 2022-07-23 13:44:24 --> Unknown column 'ExpesneDate' in 'where clause'
CRITICAL - 2022-07-23 13:44:24 --> Call to a member function getResult() on bool
in SYSTEMPATH\Model.php on line 223.
 1 SYSTEMPATH\BaseModel.php(584): CodeIgniter\Model->doFindAll(0, 0)
 2 APPPATH\Controllers\DashboardController.php(36): CodeIgniter\BaseModel->findAll()
 3 SYSTEMPATH\CodeIgniter.php(896): App\Controllers\DashboardController->index()
 4 SYSTEMPATH\CodeIgniter.php(466): CodeIgniter\CodeIgniter->runController(Object(App\Controllers\DashboardController))
 5 SYSTEMPATH\CodeIgniter.php(349): CodeIgniter\CodeIgniter->handleRequest(null, Object(Config\Cache), false)
 6 FCPATH\index.php(55): CodeIgniter\CodeIgniter->run()
 7 SYSTEMPATH\Commands\Server\rewrite.php(43): require_once('FCPATH\\index.php')
ERROR - 2022-07-23 13:44:25 --> Unknown column 'ExpesneDate' in 'where clause'
CRITICAL - 2022-07-23 13:44:25 --> Call to a member function getResult() on bool
in SYSTEMPATH\Model.php on line 223.
 1 SYSTEMPATH\BaseModel.php(584): CodeIgniter\Model->doFindAll(0, 0)
 2 APPPATH\Controllers\DashboardController.php(36): CodeIgniter\BaseModel->findAll()
 3 SYSTEMPATH\CodeIgniter.php(896): App\Controllers\DashboardController->index()
 4 SYSTEMPATH\CodeIgniter.php(466): CodeIgniter\CodeIgniter->runController(Object(App\Controllers\DashboardController))
 5 SYSTEMPATH\CodeIgniter.php(349): CodeIgniter\CodeIgniter->handleRequest(null, Object(Config\Cache), false)
 6 FCPATH\index.php(55): CodeIgniter\CodeIgniter->run()
 7 SYSTEMPATH\Commands\Server\rewrite.php(43): require_once('FCPATH\\index.php')
ERROR - 2022-07-23 13:44:41 --> Unknown column 'ExpesneDate' in 'where clause'
CRITICAL - 2022-07-23 13:44:41 --> Call to a member function getResult() on bool
in SYSTEMPATH\Model.php on line 223.
 1 SYSTEMPATH\BaseModel.php(584): CodeIgniter\Model->doFindAll(0, 0)
 2 APPPATH\Controllers\DashboardController.php(35): CodeIgniter\BaseModel->findAll()
 3 SYSTEMPATH\CodeIgniter.php(896): App\Controllers\DashboardController->index()
 4 SYSTEMPATH\CodeIgniter.php(466): CodeIgniter\CodeIgniter->runController(Object(App\Controllers\DashboardController))
 5 SYSTEMPATH\CodeIgniter.php(349): CodeIgniter\CodeIgniter->handleRequest(null, Object(Config\Cache), false)
 6 FCPATH\index.php(55): CodeIgniter\CodeIgniter->run()
 7 SYSTEMPATH\Commands\Server\rewrite.php(43): require_once('FCPATH\\index.php')
ERROR - 2022-07-23 13:46:39 --> Unknown column 'ExpesneDate' in 'where clause'
CRITICAL - 2022-07-23 13:46:39 --> Call to a member function getResult() on bool
in SYSTEMPATH\Model.php on line 223.
 1 SYSTEMPATH\BaseModel.php(584): CodeIgniter\Model->doFindAll(0, 0)
 2 APPPATH\Controllers\DashboardController.php(48): CodeIgniter\BaseModel->findAll()
 3 SYSTEMPATH\CodeIgniter.php(896): App\Controllers\DashboardController->index()
 4 SYSTEMPATH\CodeIgniter.php(466): CodeIgniter\CodeIgniter->runController(Object(App\Controllers\DashboardController))
 5 SYSTEMPATH\CodeIgniter.php(349): CodeIgniter\CodeIgniter->handleRequest(null, Object(Config\Cache), false)
 6 FCPATH\index.php(55): CodeIgniter\CodeIgniter->run()
 7 SYSTEMPATH\Commands\Server\rewrite.php(43): require_once('FCPATH\\index.php')
ERROR - 2022-07-23 13:48:00 --> Unknown column 'ExpesneDate' in 'where clause'
CRITICAL - 2022-07-23 13:48:00 --> Call to a member function getResult() on bool
in SYSTEMPATH\Model.php on line 223.
 1 SYSTEMPATH\BaseModel.php(584): CodeIgniter\Model->doFindAll(0, 0)
 2 APPPATH\Controllers\DashboardController.php(42): CodeIgniter\BaseModel->findAll()
 3 SYSTEMPATH\CodeIgniter.php(896): App\Controllers\DashboardController->index()
 4 SYSTEMPATH\CodeIgniter.php(466): CodeIgniter\CodeIgniter->runController(Object(App\Controllers\DashboardController))
 5 SYSTEMPATH\CodeIgniter.php(349): CodeIgniter\CodeIgniter->handleRequest(null, Object(Config\Cache), false)
 6 FCPATH\index.php(55): CodeIgniter\CodeIgniter->run()
 7 SYSTEMPATH\Commands\Server\rewrite.php(43): require_once('FCPATH\\index.php')
ERROR - 2022-07-23 13:48:01 --> Unknown column 'ExpesneDate' in 'where clause'
CRITICAL - 2022-07-23 13:48:01 --> Call to a member function getResult() on bool
in SYSTEMPATH\Model.php on line 223.
 1 SYSTEMPATH\BaseModel.php(584): CodeIgniter\Model->doFindAll(0, 0)
 2 APPPATH\Controllers\DashboardController.php(42): CodeIgniter\BaseModel->findAll()
 3 SYSTEMPATH\CodeIgniter.php(896): App\Controllers\DashboardController->index()
 4 SYSTEMPATH\CodeIgniter.php(466): CodeIgniter\CodeIgniter->runController(Object(App\Controllers\DashboardController))
 5 SYSTEMPATH\CodeIgniter.php(349): CodeIgniter\CodeIgniter->handleRequest(null, Object(Config\Cache), false)
 6 FCPATH\index.php(55): CodeIgniter\CodeIgniter->run()
 7 SYSTEMPATH\Commands\Server\rewrite.php(43): require_once('FCPATH\\index.php')
ERROR - 2022-07-23 22:56:30 --> Unknown column 'ExpesneDate' in 'where clause'
CRITICAL - 2022-07-23 22:56:30 --> Call to a member function getResult() on bool
in SYSTEMPATH\Model.php on line 223.
 1 SYSTEMPATH\BaseModel.php(584): CodeIgniter\Model->doFindAll(0, 0)
 2 APPPATH\Controllers\DashboardController.php(42): CodeIgniter\BaseModel->findAll()
 3 SYSTEMPATH\CodeIgniter.php(896): App\Controllers\DashboardController->index()
 4 SYSTEMPATH\CodeIgniter.php(466): CodeIgniter\CodeIgniter->runController(Object(App\Controllers\DashboardController))
 5 SYSTEMPATH\CodeIgniter.php(349): CodeIgniter\CodeIgniter->handleRequest(null, Object(Config\Cache), false)
 6 FCPATH\index.php(55): CodeIgniter\CodeIgniter->run()
 7 SYSTEMPATH\Commands\Server\rewrite.php(43): require_once('FCPATH\\index.php')
ERROR - 2022-07-23 23:00:14 --> You have an error in your SQL syntax; check the manual that corresponds to your MariaDB server version for the right syntax to use near 'IS NULL
AND `ExpenseDate` < IS NULL' at line 3
CRITICAL - 2022-07-23 23:00:14 --> Call to a member function getResult() on bool
in SYSTEMPATH\Model.php on line 223.
 1 SYSTEMPATH\BaseModel.php(584): CodeIgniter\Model->doFindAll(0, 0)
 2 APPPATH\Controllers\DashboardController.php(56): CodeIgniter\BaseModel->findAll()
 3 SYSTEMPATH\CodeIgniter.php(896): App\Controllers\DashboardController->index()
 4 SYSTEMPATH\CodeIgniter.php(466): CodeIgniter\CodeIgniter->runController(Object(App\Controllers\DashboardController))
 5 SYSTEMPATH\CodeIgniter.php(349): CodeIgniter\CodeIgniter->handleRequest(null, Object(Config\Cache), false)
 6 FCPATH\index.php(55): CodeIgniter\CodeIgniter->run()
 7 SYSTEMPATH\Commands\Server\rewrite.php(43): require_once('FCPATH\\index.php')
ERROR - 2022-07-23 23:00:15 --> You have an error in your SQL syntax; check the manual that corresponds to your MariaDB server version for the right syntax to use near 'IS NULL
AND `ExpenseDate` < IS NULL' at line 3
CRITICAL - 2022-07-23 23:00:15 --> Call to a member function getResult() on bool
in SYSTEMPATH\Model.php on line 223.
 1 SYSTEMPATH\BaseModel.php(584): CodeIgniter\Model->doFindAll(0, 0)
 2 APPPATH\Controllers\DashboardController.php(56): CodeIgniter\BaseModel->findAll()
 3 SYSTEMPATH\CodeIgniter.php(896): App\Controllers\DashboardController->index()
 4 SYSTEMPATH\CodeIgniter.php(466): CodeIgniter\CodeIgniter->runController(Object(App\Controllers\DashboardController))
 5 SYSTEMPATH\CodeIgniter.php(349): CodeIgniter\CodeIgniter->handleRequest(null, Object(Config\Cache), false)
 6 FCPATH\index.php(55): CodeIgniter\CodeIgniter->run()
 7 SYSTEMPATH\Commands\Server\rewrite.php(43): require_once('FCPATH\\index.php')
ERROR - 2022-07-23 23:00:15 --> You have an error in your SQL syntax; check the manual that corresponds to your MariaDB server version for the right syntax to use near 'IS NULL
AND `ExpenseDate` < IS NULL' at line 3
CRITICAL - 2022-07-23 23:00:15 --> Call to a member function getResult() on bool
in SYSTEMPATH\Model.php on line 223.
 1 SYSTEMPATH\BaseModel.php(584): CodeIgniter\Model->doFindAll(0, 0)
 2 APPPATH\Controllers\DashboardController.php(56): CodeIgniter\BaseModel->findAll()
 3 SYSTEMPATH\CodeIgniter.php(896): App\Controllers\DashboardController->index()
 4 SYSTEMPATH\CodeIgniter.php(466): CodeIgniter\CodeIgniter->runController(Object(App\Controllers\DashboardController))
 5 SYSTEMPATH\CodeIgniter.php(349): CodeIgniter\CodeIgniter->handleRequest(null, Object(Config\Cache), false)
 6 FCPATH\index.php(55): CodeIgniter\CodeIgniter->run()
 7 SYSTEMPATH\Commands\Server\rewrite.php(43): require_once('FCPATH\\index.php')
ERROR - 2022-07-23 23:00:16 --> You have an error in your SQL syntax; check the manual that corresponds to your MariaDB server version for the right syntax to use near 'IS NULL
AND `ExpenseDate` < IS NULL' at line 3
CRITICAL - 2022-07-23 23:00:16 --> Call to a member function getResult() on bool
in SYSTEMPATH\Model.php on line 223.
 1 SYSTEMPATH\BaseModel.php(584): CodeIgniter\Model->doFindAll(0, 0)
 2 APPPATH\Controllers\DashboardController.php(56): CodeIgniter\BaseModel->findAll()
 3 SYSTEMPATH\CodeIgniter.php(896): App\Controllers\DashboardController->index()
 4 SYSTEMPATH\CodeIgniter.php(466): CodeIgniter\CodeIgniter->runController(Object(App\Controllers\DashboardController))
 5 SYSTEMPATH\CodeIgniter.php(349): CodeIgniter\CodeIgniter->handleRequest(null, Object(Config\Cache), false)
 6 FCPATH\index.php(55): CodeIgniter\CodeIgniter->run()
 7 SYSTEMPATH\Commands\Server\rewrite.php(43): require_once('FCPATH\\index.php')
CRITICAL - 2022-07-23 23:00:45 --> Undefined variable $Last30Expense
in APPPATH\Controllers\DashboardController.php on line 60.
 1 APPPATH\Controllers\DashboardController.php(60): CodeIgniter\Debug\Exceptions->errorHandler(2, 'Undefined variable $Last30Expense', 'APPPATH\\Controllers\\DashboardController.php', 60)
 2 SYSTEMPATH\CodeIgniter.php(896): App\Controllers\DashboardController->index()
 3 SYSTEMPATH\CodeIgniter.php(466): CodeIgniter\CodeIgniter->runController(Object(App\Controllers\DashboardController))
 4 SYSTEMPATH\CodeIgniter.php(349): CodeIgniter\CodeIgniter->handleRequest(null, Object(Config\Cache), false)
 5 FCPATH\index.php(55): CodeIgniter\CodeIgniter->run()
 6 SYSTEMPATH\Commands\Server\rewrite.php(43): require_once('FCPATH\\index.php')
ERROR - 2022-07-23 23:02:06 --> Unknown column 'ExpesneDate' in 'where clause'
CRITICAL - 2022-07-23 23:02:06 --> Call to a member function getResult() on bool
in SYSTEMPATH\Model.php on line 223.
 1 SYSTEMPATH\BaseModel.php(584): CodeIgniter\Model->doFindAll(0, 0)
 2 APPPATH\Controllers\ReportController.php(44): CodeIgniter\BaseModel->findAll()
 3 SYSTEMPATH\CodeIgniter.php(896): App\Controllers\ReportController->DayWise()
 4 SYSTEMPATH\CodeIgniter.php(466): CodeIgniter\CodeIgniter->runController(Object(App\Controllers\ReportController))
 5 SYSTEMPATH\CodeIgniter.php(349): CodeIgniter\CodeIgniter->handleRequest(null, Object(Config\Cache), false)
 6 FCPATH\index.php(55): CodeIgniter\CodeIgniter->run()
 7 SYSTEMPATH\Commands\Server\rewrite.php(43): require_once('FCPATH\\index.php')
CRITICAL - 2022-07-23 23:02:27 --> Undefined variable $data
in APPPATH\Controllers\ReportController.php on line 44.
 1 APPPATH\Controllers\ReportController.php(44): CodeIgniter\Debug\Exceptions->errorHandler(2, 'Undefined variable $data', 'APPPATH\\Controllers\\ReportController.php', 44)
 2 SYSTEMPATH\CodeIgniter.php(896): App\Controllers\ReportController->DayWise()
 3 SYSTEMPATH\CodeIgniter.php(466): CodeIgniter\CodeIgniter->runController(Object(App\Controllers\ReportController))
 4 SYSTEMPATH\CodeIgniter.php(349): CodeIgniter\CodeIgniter->handleRequest(null, Object(Config\Cache), false)
 5 FCPATH\index.php(55): CodeIgniter\CodeIgniter->run()
 6 SYSTEMPATH\Commands\Server\rewrite.php(43): require_once('FCPATH\\index.php')
ERROR - 2022-07-23 23:02:54 --> Unknown column 'ExpesneDate' in 'where clause'
CRITICAL - 2022-07-23 23:02:54 --> Call to a member function getResult() on bool
in SYSTEMPATH\Model.php on line 223.
 1 SYSTEMPATH\BaseModel.php(584): CodeIgniter\Model->doFindAll(0, 0)
 2 APPPATH\Controllers\ReportController.php(44): CodeIgniter\BaseModel->findAll()
 3 SYSTEMPATH\CodeIgniter.php(896): App\Controllers\ReportController->DayWise()
 4 SYSTEMPATH\CodeIgniter.php(466): CodeIgniter\CodeIgniter->runController(Object(App\Controllers\ReportController))
 5 SYSTEMPATH\CodeIgniter.php(349): CodeIgniter\CodeIgniter->handleRequest(null, Object(Config\Cache), false)
 6 FCPATH\index.php(55): CodeIgniter\CodeIgniter->run()
 7 SYSTEMPATH\Commands\Server\rewrite.php(43): require_once('FCPATH\\index.php')
ERROR - 2022-07-23 23:03:11 --> Unknown column 'ExpesneDate' in 'where clause'
CRITICAL - 2022-07-23 23:03:11 --> Call to a member function getResult() on bool
in SYSTEMPATH\Model.php on line 223.
 1 SYSTEMPATH\BaseModel.php(584): CodeIgniter\Model->doFindAll(0, 0)
 2 APPPATH\Controllers\ReportController.php(44): CodeIgniter\BaseModel->findAll()
 3 SYSTEMPATH\CodeIgniter.php(896): App\Controllers\ReportController->DayWise()
 4 SYSTEMPATH\CodeIgniter.php(466): CodeIgniter\CodeIgniter->runController(Object(App\Controllers\ReportController))
 5 SYSTEMPATH\CodeIgniter.php(349): CodeIgniter\CodeIgniter->handleRequest(null, Object(Config\Cache), false)
 6 FCPATH\index.php(55): CodeIgniter\CodeIgniter->run()
 7 SYSTEMPATH\Commands\Server\rewrite.php(43): require_once('FCPATH\\index.php')
ERROR - 2022-07-23 23:03:22 --> Unknown column 'ExpesneDate' in 'where clause'
CRITICAL - 2022-07-23 23:03:22 --> Call to a member function getResult() on bool
in SYSTEMPATH\Model.php on line 223.
 1 SYSTEMPATH\BaseModel.php(584): CodeIgniter\Model->doFindAll(0, 0)
 2 APPPATH\Controllers\ReportController.php(44): CodeIgniter\BaseModel->findAll()
 3 SYSTEMPATH\CodeIgniter.php(896): App\Controllers\ReportController->DayWise()
 4 SYSTEMPATH\CodeIgniter.php(466): CodeIgniter\CodeIgniter->runController(Object(App\Controllers\ReportController))
 5 SYSTEMPATH\CodeIgniter.php(349): CodeIgniter\CodeIgniter->handleRequest(null, Object(Config\Cache), false)
 6 FCPATH\index.php(55): CodeIgniter\CodeIgniter->run()
 7 SYSTEMPATH\Commands\Server\rewrite.php(43): require_once('FCPATH\\index.php')
ERROR - 2022-07-23 23:03:32 --> Unknown column 'ExpesneDate' in 'where clause'
CRITICAL - 2022-07-23 23:03:32 --> Call to a member function getResult() on bool
in SYSTEMPATH\Model.php on line 223.
 1 SYSTEMPATH\BaseModel.php(584): CodeIgniter\Model->doFindAll(0, 0)
 2 APPPATH\Controllers\ReportController.php(44): CodeIgniter\BaseModel->findAll()
 3 SYSTEMPATH\CodeIgniter.php(896): App\Controllers\ReportController->DayWise()
 4 SYSTEMPATH\CodeIgniter.php(466): CodeIgniter\CodeIgniter->runController(Object(App\Controllers\ReportController))
 5 SYSTEMPATH\CodeIgniter.php(349): CodeIgniter\CodeIgniter->handleRequest(null, Object(Config\Cache), false)
 6 FCPATH\index.php(55): CodeIgniter\CodeIgniter->run()
 7 SYSTEMPATH\Commands\Server\rewrite.php(43): require_once('FCPATH\\index.php')
CRITICAL - 2022-07-23 23:07:49 --> Too few arguments to function CodeIgniter\Database\BaseBuilder::where(), 0 passed in C:\xampp\htdocs\PHP\ci\project1ci4\system\Model.php on line 771 and at least 1 expected
in SYSTEMPATH\Database\BaseBuilder.php on line 672.
 1 SYSTEMPATH\Model.php(771): CodeIgniter\Database\BaseBuilder->where()
 2 APPPATH\Controllers\DashboardController.php(42): CodeIgniter\Model->__call('where', [])
 3 SYSTEMPATH\CodeIgniter.php(896): App\Controllers\DashboardController->index()
 4 SYSTEMPATH\CodeIgniter.php(466): CodeIgniter\CodeIgniter->runController(Object(App\Controllers\DashboardController))
 5 SYSTEMPATH\CodeIgniter.php(349): CodeIgniter\CodeIgniter->handleRequest(null, Object(Config\Cache), false)
 6 FCPATH\index.php(55): CodeIgniter\CodeIgniter->run()
 7 SYSTEMPATH\Commands\Server\rewrite.php(43): require_once('FCPATH\\index.php')
ERROR - 2022-07-23 23:08:11 --> Unknown column 'ExpesneDate' in 'where clause'
CRITICAL - 2022-07-23 23:08:11 --> Call to a member function getResult() on bool
in SYSTEMPATH\Model.php on line 223.
 1 SYSTEMPATH\BaseModel.php(584): CodeIgniter\Model->doFindAll(0, 0)
 2 APPPATH\Controllers\DashboardController.php(42): CodeIgniter\BaseModel->findAll()
 3 SYSTEMPATH\CodeIgniter.php(896): App\Controllers\DashboardController->index()
 4 SYSTEMPATH\CodeIgniter.php(466): CodeIgniter\CodeIgniter->runController(Object(App\Controllers\DashboardController))
 5 SYSTEMPATH\CodeIgniter.php(349): CodeIgniter\CodeIgniter->handleRequest(null, Object(Config\Cache), false)
 6 FCPATH\index.php(55): CodeIgniter\CodeIgniter->run()
 7 SYSTEMPATH\Commands\Server\rewrite.php(43): require_once('FCPATH\\index.php')
ERROR - 2022-07-23 23:11:14 --> Unknown column 'ExpesneDate' in 'where clause'
CRITICAL - 2022-07-23 23:11:14 --> Call to a member function getResult() on bool
in SYSTEMPATH\Model.php on line 223.
 1 SYSTEMPATH\BaseModel.php(584): CodeIgniter\Model->doFindAll(0, 0)
 2 APPPATH\Controllers\DashboardController.php(42): CodeIgniter\BaseModel->findAll()
 3 SYSTEMPATH\CodeIgniter.php(896): App\Controllers\DashboardController->index()
 4 SYSTEMPATH\CodeIgniter.php(466): CodeIgniter\CodeIgniter->runController(Object(App\Controllers\DashboardController))
 5 SYSTEMPATH\CodeIgniter.php(349): CodeIgniter\CodeIgniter->handleRequest(null, Object(Config\Cache), false)
 6 FCPATH\index.php(55): CodeIgniter\CodeIgniter->run()
 7 SYSTEMPATH\Commands\Server\rewrite.php(43): require_once('FCPATH\\index.php')
ERROR - 2022-07-23 23:11:47 --> Unknown column 'ExpesneDate' in 'where clause'
CRITICAL - 2022-07-23 23:11:47 --> Call to a member function getResult() on bool
in SYSTEMPATH\Model.php on line 223.
 1 SYSTEMPATH\BaseModel.php(584): CodeIgniter\Model->doFindAll(0, 0)
 2 APPPATH\Controllers\DashboardController.php(42): CodeIgniter\BaseModel->findAll()
 3 SYSTEMPATH\CodeIgniter.php(896): App\Controllers\DashboardController->index()
 4 SYSTEMPATH\CodeIgniter.php(466): CodeIgniter\CodeIgniter->runController(Object(App\Controllers\DashboardController))
 5 SYSTEMPATH\CodeIgniter.php(349): CodeIgniter\CodeIgniter->handleRequest(null, Object(Config\Cache), false)
 6 FCPATH\index.php(55): CodeIgniter\CodeIgniter->run()
 7 SYSTEMPATH\Commands\Server\rewrite.php(43): require_once('FCPATH\\index.php')
ERROR - 2022-07-23 23:12:04 --> Unknown column 'ExpesneDate' in 'where clause'
CRITICAL - 2022-07-23 23:12:04 --> Call to a member function getResult() on bool
in SYSTEMPATH\Model.php on line 184.
 1 SYSTEMPATH\BaseModel.php(523): CodeIgniter\Model->doFind(false, null)
 2 APPPATH\Controllers\DashboardController.php(42): CodeIgniter\BaseModel->find()
 3 SYSTEMPATH\CodeIgniter.php(896): App\Controllers\DashboardController->index()
 4 SYSTEMPATH\CodeIgniter.php(466): CodeIgniter\CodeIgniter->runController(Object(App\Controllers\DashboardController))
 5 SYSTEMPATH\CodeIgniter.php(349): CodeIgniter\CodeIgniter->handleRequest(null, Object(Config\Cache), false)
 6 FCPATH\index.php(55): CodeIgniter\CodeIgniter->run()
 7 SYSTEMPATH\Commands\Server\rewrite.php(43): require_once('FCPATH\\index.php')
ERROR - 2022-07-23 23:12:05 --> Unknown column 'ExpesneDate' in 'where clause'
CRITICAL - 2022-07-23 23:12:05 --> Call to a member function getResult() on bool
in SYSTEMPATH\Model.php on line 184.
 1 SYSTEMPATH\BaseModel.php(523): CodeIgniter\Model->doFind(false, null)
 2 APPPATH\Controllers\DashboardController.php(42): CodeIgniter\BaseModel->find()
 3 SYSTEMPATH\CodeIgniter.php(896): App\Controllers\DashboardController->index()
 4 SYSTEMPATH\CodeIgniter.php(466): CodeIgniter\CodeIgniter->runController(Object(App\Controllers\DashboardController))
 5 SYSTEMPATH\CodeIgniter.php(349): CodeIgniter\CodeIgniter->handleRequest(null, Object(Config\Cache), false)
 6 FCPATH\index.php(55): CodeIgniter\CodeIgniter->run()
 7 SYSTEMPATH\Commands\Server\rewrite.php(43): require_once('FCPATH\\index.php')
ERROR - 2022-07-23 23:12:05 --> Unknown column 'ExpesneDate' in 'where clause'
CRITICAL - 2022-07-23 23:12:05 --> Call to a member function getResult() on bool
in SYSTEMPATH\Model.php on line 184.
 1 SYSTEMPATH\BaseModel.php(523): CodeIgniter\Model->doFind(false, null)
 2 APPPATH\Controllers\DashboardController.php(42): CodeIgniter\BaseModel->find()
 3 SYSTEMPATH\CodeIgniter.php(896): App\Controllers\DashboardController->index()
 4 SYSTEMPATH\CodeIgniter.php(466): CodeIgniter\CodeIgniter->runController(Object(App\Controllers\DashboardController))
 5 SYSTEMPATH\CodeIgniter.php(349): CodeIgniter\CodeIgniter->handleRequest(null, Object(Config\Cache), false)
 6 FCPATH\index.php(55): CodeIgniter\CodeIgniter->run()
 7 SYSTEMPATH\Commands\Server\rewrite.php(43): require_once('FCPATH\\index.php')
ERROR - 2022-07-23 23:14:19 --> Unknown column 'ExpesneDate' in 'where clause'
CRITICAL - 2022-07-23 23:14:19 --> Call to a member function getResult() on bool
in SYSTEMPATH\Model.php on line 184.
 1 SYSTEMPATH\BaseModel.php(523): CodeIgniter\Model->doFind(false, null)
 2 APPPATH\Controllers\DashboardController.php(43): CodeIgniter\BaseModel->find()
 3 SYSTEMPATH\CodeIgniter.php(896): App\Controllers\DashboardController->index()
 4 SYSTEMPATH\CodeIgniter.php(466): CodeIgniter\CodeIgniter->runController(Object(App\Controllers\DashboardController))
 5 SYSTEMPATH\CodeIgniter.php(349): CodeIgniter\CodeIgniter->handleRequest(null, Object(Config\Cache), false)
 6 FCPATH\index.php(55): CodeIgniter\CodeIgniter->run()
 7 SYSTEMPATH\Commands\Server\rewrite.php(43): require_once('FCPATH\\index.php')
CRITICAL - 2022-07-23 23:15:02 --> Too few arguments to function CodeIgniter\Database\BaseBuilder::groupBy(), 0 passed in C:\xampp\htdocs\PHP\ci\project1ci4\system\Model.php on line 771 and at least 1 expected
in SYSTEMPATH\Database\BaseBuilder.php on line 1351.
 1 SYSTEMPATH\Model.php(771): CodeIgniter\Database\BaseBuilder->groupBy()
 2 APPPATH\Controllers\DashboardController.php(43): CodeIgniter\Model->__call('groupBy', [])
 3 SYSTEMPATH\CodeIgniter.php(896): App\Controllers\DashboardController->index()
 4 SYSTEMPATH\CodeIgniter.php(466): CodeIgniter\CodeIgniter->runController(Object(App\Controllers\DashboardController))
 5 SYSTEMPATH\CodeIgniter.php(349): CodeIgniter\CodeIgniter->handleRequest(null, Object(Config\Cache), false)
 6 FCPATH\index.php(55): CodeIgniter\CodeIgniter->run()
 7 SYSTEMPATH\Commands\Server\rewrite.php(43): require_once('FCPATH\\index.php')
ERROR - 2022-07-23 23:15:15 --> Unknown column 'ExpesneDate' in 'where clause'
CRITICAL - 2022-07-23 23:15:15 --> Call to a member function getResult() on bool
in SYSTEMPATH\Model.php on line 223.
 1 SYSTEMPATH\BaseModel.php(584): CodeIgniter\Model->doFindAll(0, 0)
 2 APPPATH\Controllers\DashboardController.php(43): CodeIgniter\BaseModel->findAll()
 3 SYSTEMPATH\CodeIgniter.php(896): App\Controllers\DashboardController->index()
 4 SYSTEMPATH\CodeIgniter.php(466): CodeIgniter\CodeIgniter->runController(Object(App\Controllers\DashboardController))
 5 SYSTEMPATH\CodeIgniter.php(349): CodeIgniter\CodeIgniter->handleRequest(null, Object(Config\Cache), false)
 6 FCPATH\index.php(55): CodeIgniter\CodeIgniter->run()
 7 SYSTEMPATH\Commands\Server\rewrite.php(43): require_once('FCPATH\\index.php')
CRITICAL - 2022-07-23 23:16:26 --> Array to string conversion
in APPPATH\Views\dashboard\dashboard.php on line 27.
 1 APPPATH\Views\dashboard\dashboard.php(27): CodeIgniter\Debug\Exceptions->errorHandler(2, 'Array to string conversion', 'APPPATH\\Views\\dashboard\\dashboard.php', 27)
 2 SYSTEMPATH\View\View.php(213): include('APPPATH\\Views\\dashboard\\dashboard.php')
 3 SYSTEMPATH\View\View.php(216): CodeIgniter\View\View->CodeIgniter\View\{closure}()
 4 SYSTEMPATH\Common.php(1135): CodeIgniter\View\View->render('dashboard/dashboard', [], true)
 5 APPPATH\Controllers\DashboardController.php(64): view('dashboard/dashboard', [...])
 6 SYSTEMPATH\CodeIgniter.php(896): App\Controllers\DashboardController->index()
 7 SYSTEMPATH\CodeIgniter.php(466): CodeIgniter\CodeIgniter->runController(Object(App\Controllers\DashboardController))
 8 SYSTEMPATH\CodeIgniter.php(349): CodeIgniter\CodeIgniter->handleRequest(null, Object(Config\Cache), false)
 9 FCPATH\index.php(55): CodeIgniter\CodeIgniter->run()
10 SYSTEMPATH\Commands\Server\rewrite.php(43): require_once('FCPATH\\index.php')
CRITICAL - 2022-07-23 23:16:55 --> Array to string conversion
in APPPATH\Views\dashboard\dashboard.php on line 27.
 1 APPPATH\Views\dashboard\dashboard.php(27): CodeIgniter\Debug\Exceptions->errorHandler(2, 'Array to string conversion', 'APPPATH\\Views\\dashboard\\dashboard.php', 27)
 2 SYSTEMPATH\View\View.php(213): include('APPPATH\\Views\\dashboard\\dashboard.php')
 3 SYSTEMPATH\View\View.php(216): CodeIgniter\View\View->CodeIgniter\View\{closure}()
 4 SYSTEMPATH\Common.php(1135): CodeIgniter\View\View->render('dashboard/dashboard', [], true)
 5 APPPATH\Controllers\DashboardController.php(64): view('dashboard/dashboard', [...])
 6 SYSTEMPATH\CodeIgniter.php(896): App\Controllers\DashboardController->index()
 7 SYSTEMPATH\CodeIgniter.php(466): CodeIgniter\CodeIgniter->runController(Object(App\Controllers\DashboardController))
 8 SYSTEMPATH\CodeIgniter.php(349): CodeIgniter\CodeIgniter->handleRequest(null, Object(Config\Cache), false)
 9 FCPATH\index.php(55): CodeIgniter\CodeIgniter->run()
10 SYSTEMPATH\Commands\Server\rewrite.php(43): require_once('FCPATH\\index.php')
CRITICAL - 2022-07-23 23:20:40 --> Array to string conversion
in APPPATH\Views\dashboard\dashboard.php on line 51.
 1 APPPATH\Views\dashboard\dashboard.php(51): CodeIgniter\Debug\Exceptions->errorHandler(2, 'Array to string conversion', 'APPPATH\\Views\\dashboard\\dashboard.php', 51)
 2 SYSTEMPATH\View\View.php(213): include('APPPATH\\Views\\dashboard\\dashboard.php')
 3 SYSTEMPATH\View\View.php(216): CodeIgniter\View\View->CodeIgniter\View\{closure}()
 4 SYSTEMPATH\Common.php(1135): CodeIgniter\View\View->render('dashboard/dashboard', [], true)
 5 APPPATH\Controllers\DashboardController.php(64): view('dashboard/dashboard', [...])
 6 SYSTEMPATH\CodeIgniter.php(896): App\Controllers\DashboardController->index()
 7 SYSTEMPATH\CodeIgniter.php(466): CodeIgniter\CodeIgniter->runController(Object(App\Controllers\DashboardController))
 8 SYSTEMPATH\CodeIgniter.php(349): CodeIgniter\CodeIgniter->handleRequest(null, Object(Config\Cache), false)
 9 FCPATH\index.php(55): CodeIgniter\CodeIgniter->run()
10 SYSTEMPATH\Commands\Server\rewrite.php(43): require_once('FCPATH\\index.php')
CRITICAL - 2022-07-23 23:22:28 --> Undefined variable $last7daysexpenses
in APPPATH\Views\dashboard\dashboard.php on line 74.
 1 APPPATH\Views\dashboard\dashboard.php(74): CodeIgniter\Debug\Exceptions->errorHandler(2, 'Undefined variable $last7daysexpenses', 'APPPATH\\Views\\dashboard\\dashboard.php', 74)
 2 SYSTEMPATH\View\View.php(213): include('APPPATH\\Views\\dashboard\\dashboard.php')
 3 SYSTEMPATH\View\View.php(216): CodeIgniter\View\View->CodeIgniter\View\{closure}()
 4 SYSTEMPATH\Common.php(1135): CodeIgniter\View\View->render('dashboard/dashboard', [], true)
 5 APPPATH\Controllers\DashboardController.php(64): view('dashboard/dashboard', [...])
 6 SYSTEMPATH\CodeIgniter.php(896): App\Controllers\DashboardController->index()
 7 SYSTEMPATH\CodeIgniter.php(466): CodeIgniter\CodeIgniter->runController(Object(App\Controllers\DashboardController))
 8 SYSTEMPATH\CodeIgniter.php(349): CodeIgniter\CodeIgniter->handleRequest(null, Object(Config\Cache), false)
 9 FCPATH\index.php(55): CodeIgniter\CodeIgniter->run()
10 SYSTEMPATH\Commands\Server\rewrite.php(43): require_once('FCPATH\\index.php')
CRITICAL - 2022-07-23 23:23:02 --> Undefined variable $last7Expense
in APPPATH\Views\dashboard\dashboard.php on line 74.
 1 APPPATH\Views\dashboard\dashboard.php(74): CodeIgniter\Debug\Exceptions->errorHandler(2, 'Undefined variable $last7Expense', 'APPPATH\\Views\\dashboard\\dashboard.php', 74)
 2 SYSTEMPATH\View\View.php(213): include('APPPATH\\Views\\dashboard\\dashboard.php')
 3 SYSTEMPATH\View\View.php(216): CodeIgniter\View\View->CodeIgniter\View\{closure}()
 4 SYSTEMPATH\Common.php(1135): CodeIgniter\View\View->render('dashboard/dashboard', [], true)
 5 APPPATH\Controllers\DashboardController.php(64): view('dashboard/dashboard', [...])
 6 SYSTEMPATH\CodeIgniter.php(896): App\Controllers\DashboardController->index()
 7 SYSTEMPATH\CodeIgniter.php(466): CodeIgniter\CodeIgniter->runController(Object(App\Controllers\DashboardController))
 8 SYSTEMPATH\CodeIgniter.php(349): CodeIgniter\CodeIgniter->handleRequest(null, Object(Config\Cache), false)
 9 FCPATH\index.php(55): CodeIgniter\CodeIgniter->run()
10 SYSTEMPATH\Commands\Server\rewrite.php(43): require_once('FCPATH\\index.php')
CRITICAL - 2022-07-23 23:23:24 --> Undefined variable $last7Expense
in APPPATH\Views\dashboard\dashboard.php on line 74.
 1 APPPATH\Views\dashboard\dashboard.php(74): CodeIgniter\Debug\Exceptions->errorHandler(2, 'Undefined variable $last7Expense', 'APPPATH\\Views\\dashboard\\dashboard.php', 74)
 2 SYSTEMPATH\View\View.php(213): include('APPPATH\\Views\\dashboard\\dashboard.php')
 3 SYSTEMPATH\View\View.php(216): CodeIgniter\View\View->CodeIgniter\View\{closure}()
 4 SYSTEMPATH\Common.php(1135): CodeIgniter\View\View->render('dashboard/dashboard', [], true)
 5 APPPATH\Controllers\DashboardController.php(64): view('dashboard/dashboard', [...])
 6 SYSTEMPATH\CodeIgniter.php(896): App\Controllers\DashboardController->index()
 7 SYSTEMPATH\CodeIgniter.php(466): CodeIgniter\CodeIgniter->runController(Object(App\Controllers\DashboardController))
 8 SYSTEMPATH\CodeIgniter.php(349): CodeIgniter\CodeIgniter->handleRequest(null, Object(Config\Cache), false)
 9 FCPATH\index.php(55): CodeIgniter\CodeIgniter->run()
10 SYSTEMPATH\Commands\Server\rewrite.php(43): require_once('FCPATH\\index.php')
CRITICAL - 2022-07-23 23:23:38 --> Undefined variable $last7Expense
in APPPATH\Views\dashboard\dashboard.php on line 76.
 1 APPPATH\Views\dashboard\dashboard.php(76): CodeIgniter\Debug\Exceptions->errorHandler(2, 'Undefined variable $last7Expense', 'APPPATH\\Views\\dashboard\\dashboard.php', 76)
 2 SYSTEMPATH\View\View.php(213): include('APPPATH\\Views\\dashboard\\dashboard.php')
 3 SYSTEMPATH\View\View.php(216): CodeIgniter\View\View->CodeIgniter\View\{closure}()
 4 SYSTEMPATH\Common.php(1135): CodeIgniter\View\View->render('dashboard/dashboard', [], true)
 5 APPPATH\Controllers\DashboardController.php(64): view('dashboard/dashboard', [...])
 6 SYSTEMPATH\CodeIgniter.php(896): App\Controllers\DashboardController->index()
 7 SYSTEMPATH\CodeIgniter.php(466): CodeIgniter\CodeIgniter->runController(Object(App\Controllers\DashboardController))
 8 SYSTEMPATH\CodeIgniter.php(349): CodeIgniter\CodeIgniter->handleRequest(null, Object(Config\Cache), false)
 9 FCPATH\index.php(55): CodeIgniter\CodeIgniter->run()
10 SYSTEMPATH\Commands\Server\rewrite.php(43): require_once('FCPATH\\index.php')
CRITICAL - 2022-07-23 23:23:57 --> Undefined variable $last30Expense
in APPPATH\Views\dashboard\dashboard.php on line 92.
 1 APPPATH\Views\dashboard\dashboard.php(92): CodeIgniter\Debug\Exceptions->errorHandler(2, 'Undefined variable $last30Expense', 'APPPATH\\Views\\dashboard\\dashboard.php', 92)
 2 SYSTEMPATH\View\View.php(213): include('APPPATH\\Views\\dashboard\\dashboard.php')
 3 SYSTEMPATH\View\View.php(216): CodeIgniter\View\View->CodeIgniter\View\{closure}()
 4 SYSTEMPATH\Common.php(1135): CodeIgniter\View\View->render('dashboard/dashboard', [], true)
 5 APPPATH\Controllers\DashboardController.php(64): view('dashboard/dashboard', [...])
 6 SYSTEMPATH\CodeIgniter.php(896): App\Controllers\DashboardController->index()
 7 SYSTEMPATH\CodeIgniter.php(466): CodeIgniter\CodeIgniter->runController(Object(App\Controllers\DashboardController))
 8 SYSTEMPATH\CodeIgniter.php(349): CodeIgniter\CodeIgniter->handleRequest(null, Object(Config\Cache), false)
 9 FCPATH\index.php(55): CodeIgniter\CodeIgniter->run()
10 SYSTEMPATH\Commands\Server\rewrite.php(43): require_once('FCPATH\\index.php')
CRITICAL - 2022-07-23 23:26:42 --> Undefined variable $totalExpanseCost
in APPPATH\Views\dashboard\dashboard.php on line 143.
 1 APPPATH\Views\dashboard\dashboard.php(143): CodeIgniter\Debug\Exceptions->errorHandler(2, 'Undefined variable $totalExpanseCost', 'APPPATH\\Views\\dashboard\\dashboard.php', 143)
 2 SYSTEMPATH\View\View.php(213): include('APPPATH\\Views\\dashboard\\dashboard.php')
 3 SYSTEMPATH\View\View.php(216): CodeIgniter\View\View->CodeIgniter\View\{closure}()
 4 SYSTEMPATH\Common.php(1135): CodeIgniter\View\View->render('dashboard/dashboard', [], true)
 5 APPPATH\Controllers\DashboardController.php(64): view('dashboard/dashboard', [...])
 6 SYSTEMPATH\CodeIgniter.php(896): App\Controllers\DashboardController->index()
 7 SYSTEMPATH\CodeIgniter.php(466): CodeIgniter\CodeIgniter->runController(Object(App\Controllers\DashboardController))
 8 SYSTEMPATH\CodeIgniter.php(349): CodeIgniter\CodeIgniter->handleRequest(null, Object(Config\Cache), false)
 9 FCPATH\index.php(55): CodeIgniter\CodeIgniter->run()
10 SYSTEMPATH\Commands\Server\rewrite.php(43): require_once('FCPATH\\index.php')
CRITICAL - 2022-07-23 23:26:56 --> Undefined variable $totalExpanseCost
in APPPATH\Views\dashboard\dashboard.php on line 146.
 1 APPPATH\Views\dashboard\dashboard.php(146): CodeIgniter\Debug\Exceptions->errorHandler(2, 'Undefined variable $totalExpanseCost', 'APPPATH\\Views\\dashboard\\dashboard.php', 146)
 2 SYSTEMPATH\View\View.php(213): include('APPPATH\\Views\\dashboard\\dashboard.php')
 3 SYSTEMPATH\View\View.php(216): CodeIgniter\View\View->CodeIgniter\View\{closure}()
 4 SYSTEMPATH\Common.php(1135): CodeIgniter\View\View->render('dashboard/dashboard', [], true)
 5 APPPATH\Controllers\DashboardController.php(64): view('dashboard/dashboard', [...])
 6 SYSTEMPATH\CodeIgniter.php(896): App\Controllers\DashboardController->index()
 7 SYSTEMPATH\CodeIgniter.php(466): CodeIgniter\CodeIgniter->runController(Object(App\Controllers\DashboardController))
 8 SYSTEMPATH\CodeIgniter.php(349): CodeIgniter\CodeIgniter->handleRequest(null, Object(Config\Cache), false)
 9 FCPATH\index.php(55): CodeIgniter\CodeIgniter->run()
10 SYSTEMPATH\Commands\Server\rewrite.php(43): require_once('FCPATH\\index.php')
CRITICAL - 2022-07-23 23:57:54 --> Array to string conversion
in APPPATH\Views\dashboard\include\sidebar.php on line 16.
 1 APPPATH\Views\dashboard\include\sidebar.php(16): CodeIgniter\Debug\Exceptions->errorHandler(2, 'Array to string conversion', 'APPPATH\\Views\\dashboard\\include\\sidebar.php', 16)
 2 APPPATH\Views\dashboard\Expense\manage.php(3): require('APPPATH\\Views\\dashboard\\include\\sidebar.php')
 3 SYSTEMPATH\View\View.php(213): include('APPPATH\\Views\\dashboard\\Expense\\manage.php')
 4 SYSTEMPATH\View\View.php(216): CodeIgniter\View\View->CodeIgniter\View\{closure}()
 5 SYSTEMPATH\Common.php(1135): CodeIgniter\View\View->render('dashboard/Expense/manage', [], true)
 6 APPPATH\Controllers\DashboardController.php(165): view('dashboard/Expense/manage', [...])
 7 SYSTEMPATH\CodeIgniter.php(896): App\Controllers\DashboardController->ManageExpenses()
 8 SYSTEMPATH\CodeIgniter.php(466): CodeIgniter\CodeIgniter->runController(Object(App\Controllers\DashboardController))
 9 SYSTEMPATH\CodeIgniter.php(349): CodeIgniter\CodeIgniter->handleRequest(null, Object(Config\Cache), false)
10 FCPATH\index.php(55): CodeIgniter\CodeIgniter->run()
11 SYSTEMPATH\Commands\Server\rewrite.php(43): require_once('FCPATH\\index.php')
CRITICAL - 2022-07-23 23:58:09 --> foreach() argument must be of type array|object, string given
in APPPATH\Views\dashboard\Expense\list.php on line 48.
 1 APPPATH\Views\dashboard\Expense\list.php(48): CodeIgniter\Debug\Exceptions->errorHandler(2, 'foreach() argument must be of type array|object, string given', 'APPPATH\\Views\\dashboard\\Expense\\list.php', 48)
 2 SYSTEMPATH\View\View.php(213): include('APPPATH\\Views\\dashboard\\Expense\\list.php')
 3 SYSTEMPATH\View\View.php(216): CodeIgniter\View\View->CodeIgniter\View\{closure}()
 4 SYSTEMPATH\Common.php(1135): CodeIgniter\View\View->render('dashboard/Expense/list', [], true)
 5 APPPATH\Controllers\DashboardController.php(177): view('dashboard/Expense/list', [...])
 6 SYSTEMPATH\CodeIgniter.php(896): App\Controllers\DashboardController->ListExpenses()
 7 SYSTEMPATH\CodeIgniter.php(466): CodeIgniter\CodeIgniter->runController(Object(App\Controllers\DashboardController))
 8 SYSTEMPATH\CodeIgniter.php(349): CodeIgniter\CodeIgniter->handleRequest(null, Object(Config\Cache), false)
 9 FCPATH\index.php(55): CodeIgniter\CodeIgniter->run()
10 SYSTEMPATH\Commands\Server\rewrite.php(43): require_once('FCPATH\\index.php')
CRITICAL - 2022-07-23 23:58:54 --> Array to string conversion
in APPPATH\Views\dashboard\include\sidebar.php on line 16.
 1 APPPATH\Views\dashboard\include\sidebar.php(16): CodeIgniter\Debug\Exceptions->errorHandler(2, 'Array to string conversion', 'APPPATH\\Views\\dashboard\\include\\sidebar.php', 16)
 2 APPPATH\Views\dashboard\Expense\manage.php(3): require('APPPATH\\Views\\dashboard\\include\\sidebar.php')
 3 SYSTEMPATH\View\View.php(213): include('APPPATH\\Views\\dashboard\\Expense\\manage.php')
 4 SYSTEMPATH\View\View.php(216): CodeIgniter\View\View->CodeIgniter\View\{closure}()
 5 SYSTEMPATH\Common.php(1135): CodeIgniter\View\View->render('dashboard/Expense/manage', [], true)
 6 APPPATH\Controllers\DashboardController.php(165): view('dashboard/Expense/manage', [...])
 7 SYSTEMPATH\CodeIgniter.php(896): App\Controllers\DashboardController->ManageExpenses()
 8 SYSTEMPATH\CodeIgniter.php(466): CodeIgniter\CodeIgniter->runController(Object(App\Controllers\DashboardController))
 9 SYSTEMPATH\CodeIgniter.php(349): CodeIgniter\CodeIgniter->handleRequest(null, Object(Config\Cache), false)
10 FCPATH\index.php(55): CodeIgniter\CodeIgniter->run()
11 SYSTEMPATH\Commands\Server\rewrite.php(43): require_once('FCPATH\\index.php')
CRITICAL - 2022-07-23 23:59:10 --> Array to string conversion
in APPPATH\Views\dashboard\include\sidebar.php on line 16.
 1 APPPATH\Views\dashboard\include\sidebar.php(16): CodeIgniter\Debug\Exceptions->errorHandler(2, 'Array to string conversion', 'APPPATH\\Views\\dashboard\\include\\sidebar.php', 16)
 2 APPPATH\Views\dashboard\Expense\manage.php(3): require('APPPATH\\Views\\dashboard\\include\\sidebar.php')
 3 SYSTEMPATH\View\View.php(213): include('APPPATH\\Views\\dashboard\\Expense\\manage.php')
 4 SYSTEMPATH\View\View.php(216): CodeIgniter\View\View->CodeIgniter\View\{closure}()
 5 SYSTEMPATH\Common.php(1135): CodeIgniter\View\View->render('dashboard/Expense/manage', [], true)
 6 APPPATH\Controllers\DashboardController.php(165): view('dashboard/Expense/manage', [...])
 7 SYSTEMPATH\CodeIgniter.php(896): App\Controllers\DashboardController->ManageExpenses()
 8 SYSTEMPATH\CodeIgniter.php(466): CodeIgniter\CodeIgniter->runController(Object(App\Controllers\DashboardController))
 9 SYSTEMPATH\CodeIgniter.php(349): CodeIgniter\CodeIgniter->handleRequest(null, Object(Config\Cache), false)
10 FCPATH\index.php(55): CodeIgniter\CodeIgniter->run()
11 SYSTEMPATH\Commands\Server\rewrite.php(43): require_once('FCPATH\\index.php')
