CRITICAL - 2022-07-25 10:14:22 --> set_value(): Argument #1 ($field) must be of type string, null given, called in C:\xampp\htdocs\PHP\ci\Expense Tracker\app\Views\reset_password2.php on line 23
in SYSTEMPATH\Helpers\form_helper.php on line 554.
 1 APPPATH\Views\reset_password2.php(23): set_value(null)
 2 SYSTEMPATH\View\View.php(213): include('APPPATH\\Views\\reset_password2.php')
 3 SYSTEMPATH\View\View.php(216): CodeIgniter\View\View->CodeIgniter\View\{closure}()
 4 SYSTEMPATH\Common.php(1135): CodeIgniter\View\View->render('reset_password2', [], true)
 5 APPPATH\Controllers\Home.php(192): view('reset_password2')
 6 SYSTEMPATH\CodeIgniter.php(896): App\Controllers\Home->resetPassword2()
 7 SYSTEMPATH\CodeIgniter.php(466): CodeIgniter\CodeIgniter->runController(Object(App\Controllers\Home))
 8 SYSTEMPATH\CodeIgniter.php(349): CodeIgniter\CodeIgniter->handleRequest(null, Object(Config\Cache), false)
 9 FCPATH\index.php(55): CodeIgniter\CodeIgniter->run()
10 SYSTEMPATH\Commands\Server\rewrite.php(43): require_once('FCPATH\\index.php')
CRITICAL - 2022-07-25 10:14:23 --> set_value(): Argument #1 ($field) must be of type string, null given, called in C:\xampp\htdocs\PHP\ci\Expense Tracker\app\Views\reset_password2.php on line 23
in SYSTEMPATH\Helpers\form_helper.php on line 554.
 1 APPPATH\Views\reset_password2.php(23): set_value(null)
 2 SYSTEMPATH\View\View.php(213): include('APPPATH\\Views\\reset_password2.php')
 3 SYSTEMPATH\View\View.php(216): CodeIgniter\View\View->CodeIgniter\View\{closure}()
 4 SYSTEMPATH\Common.php(1135): CodeIgniter\View\View->render('reset_password2', [], true)
 5 APPPATH\Controllers\Home.php(192): view('reset_password2')
 6 SYSTEMPATH\CodeIgniter.php(896): App\Controllers\Home->resetPassword2()
 7 SYSTEMPATH\CodeIgniter.php(466): CodeIgniter\CodeIgniter->runController(Object(App\Controllers\Home))
 8 SYSTEMPATH\CodeIgniter.php(349): CodeIgniter\CodeIgniter->handleRequest(null, Object(Config\Cache), false)
 9 FCPATH\index.php(55): CodeIgniter\CodeIgniter->run()
10 SYSTEMPATH\Commands\Server\rewrite.php(43): require_once('FCPATH\\index.php')
CRITICAL - 2022-07-25 10:24:10 --> Trying to access array offset on value of type null
in APPPATH\Controllers\Home.php on line 164.
 1 APPPATH\Controllers\Home.php(164): CodeIgniter\Debug\Exceptions->errorHandler(2, 'Trying to access array offset on value of type null', 'APPPATH\\Controllers\\Home.php', 164)
 2 SYSTEMPATH\CodeIgniter.php(896): App\Controllers\Home->resetPassword2()
 3 SYSTEMPATH\CodeIgniter.php(466): CodeIgniter\CodeIgniter->runController(Object(App\Controllers\Home))
 4 SYSTEMPATH\CodeIgniter.php(349): CodeIgniter\CodeIgniter->handleRequest(null, Object(Config\Cache), false)
 5 FCPATH\index.php(55): CodeIgniter\CodeIgniter->run()
 6 SYSTEMPATH\Commands\Server\rewrite.php(43): require_once('FCPATH\\index.php')
CRITICAL - 2022-07-25 13:16:57 --> Invalid file: /.php
in SYSTEMPATH\Exceptions\FrameworkException.php on line 33.
 1 SYSTEMPATH\View\View.php(201): CodeIgniter\Exceptions\FrameworkException::forInvalidFile('/.php')
 2 SYSTEMPATH\Common.php(1135): CodeIgniter\View\View->render('C:\\', [], true)
 3 APPPATH\Controllers\Home.php(104): view('C:\\', [...])
 4 SYSTEMPATH\CodeIgniter.php(896): App\Controllers\Home->login()
 5 SYSTEMPATH\CodeIgniter.php(466): CodeIgniter\CodeIgniter->runController(Object(App\Controllers\Home))
 6 SYSTEMPATH\CodeIgniter.php(349): CodeIgniter\CodeIgniter->handleRequest(null, Object(Config\Cache), false)
 7 FCPATH\index.php(55): CodeIgniter\CodeIgniter->run()
 8 SYSTEMPATH\Commands\Server\rewrite.php(43): require_once('FCPATH\\index.php')
