CRITICAL - 2022-07-27 08:34:59 --> syntax error, unexpected token "if"
in APPPATH\Config\Routes.php on line 73.
 1 SYSTEMPATH\CodeIgniter.php(415): CodeIgniter\CodeIgniter->tryToRouteIt(null)
 2 SYSTEMPATH\CodeIgniter.php(349): CodeIgniter\CodeIgniter->handleRequest(null, Object(Config\Cache), false)
 3 FCPATH\index.php(55): CodeIgniter\CodeIgniter->run()
 4 SYSTEMPATH\Commands\Server\rewrite.php(43): require_once('FCPATH\\index.php')
CRITICAL - 2022-07-27 08:38:34 --> Call to undefined method CodeIgniter\View\View::extends()
in APPPATH\Views\custom_errors\404.php on line 2.
 1 SYSTEMPATH\View\View.php(213): include()
 2 SYSTEMPATH\View\View.php(216): CodeIgniter\View\View->CodeIgniter\View\{closure}()
 3 SYSTEMPATH\Common.php(1135): CodeIgniter\View\View->render('custom_errors/404', [], true)
 4 APPPATH\Config\Routes.php(58): view('custom_errors/404')
 5 SYSTEMPATH\CodeIgniter.php(915): CodeIgniter\CodeIgniter->Config\{closure}('Can\'t find a route for \'get: dslhd\'.')
 6 SYSTEMPATH\CodeIgniter.php(363): CodeIgniter\CodeIgniter->display404errors(Object(CodeIgniter\Exceptions\PageNotFoundException))
 7 FCPATH\index.php(55): CodeIgniter\CodeIgniter->run()
 8 SYSTEMPATH\Commands\Server\rewrite.php(43): require_once('FCPATH\\index.php')
CRITICAL - 2022-07-27 08:38:45 --> Call to undefined method CodeIgniter\View\View::extends()
in APPPATH\Views\custom_errors\404.php on line 2.
 1 SYSTEMPATH\View\View.php(213): include()
 2 SYSTEMPATH\View\View.php(216): CodeIgniter\View\View->CodeIgniter\View\{closure}()
 3 SYSTEMPATH\Common.php(1135): CodeIgniter\View\View->render('custom_errors/404', [], true)
 4 APPPATH\Config\Routes.php(58): view('custom_errors/404')
 5 SYSTEMPATH\CodeIgniter.php(915): CodeIgniter\CodeIgniter->Config\{closure}('Can\'t find a route for \'get: dslhd\'.')
 6 SYSTEMPATH\CodeIgniter.php(363): CodeIgniter\CodeIgniter->display404errors(Object(CodeIgniter\Exceptions\PageNotFoundException))
 7 FCPATH\index.php(55): CodeIgniter\CodeIgniter->run()
 8 SYSTEMPATH\Commands\Server\rewrite.php(43): require_once('FCPATH\\index.php')
CRITICAL - 2022-07-27 08:42:17 --> Call to undefined method CodeIgniter\View\View::extends()
in APPPATH\Views\custom_errors\404.php on line 2.
 1 SYSTEMPATH\View\View.php(213): include()
 2 SYSTEMPATH\View\View.php(216): CodeIgniter\View\View->CodeIgniter\View\{closure}()
 3 SYSTEMPATH\Common.php(1135): CodeIgniter\View\View->render('custom_errors/404', [], true)
 4 APPPATH\Config\Routes.php(58): view('custom_errors/404')
 5 SYSTEMPATH\CodeIgniter.php(915): CodeIgniter\CodeIgniter->Config\{closure}('Can\'t find a route for \'get: dslhd\'.')
 6 SYSTEMPATH\CodeIgniter.php(363): CodeIgniter\CodeIgniter->display404errors(Object(CodeIgniter\Exceptions\PageNotFoundException))
 7 FCPATH\index.php(55): CodeIgniter\CodeIgniter->run()
 8 SYSTEMPATH\Commands\Server\rewrite.php(43): require_once('FCPATH\\index.php')
CRITICAL - 2022-07-27 08:42:17 --> Call to undefined method CodeIgniter\View\View::extends()
in APPPATH\Views\custom_errors\404.php on line 2.
 1 SYSTEMPATH\View\View.php(213): include()
 2 SYSTEMPATH\View\View.php(216): CodeIgniter\View\View->CodeIgniter\View\{closure}()
 3 SYSTEMPATH\Common.php(1135): CodeIgniter\View\View->render('custom_errors/404', [], true)
 4 APPPATH\Config\Routes.php(58): view('custom_errors/404')
 5 SYSTEMPATH\CodeIgniter.php(915): CodeIgniter\CodeIgniter->Config\{closure}('Can\'t find a route for \'get: dslhd\'.')
 6 SYSTEMPATH\CodeIgniter.php(363): CodeIgniter\CodeIgniter->display404errors(Object(CodeIgniter\Exceptions\PageNotFoundException))
 7 FCPATH\index.php(55): CodeIgniter\CodeIgniter->run()
 8 SYSTEMPATH\Commands\Server\rewrite.php(43): require_once('FCPATH\\index.php')
CRITICAL - 2022-07-27 08:42:18 --> Call to undefined method CodeIgniter\View\View::extends()
in APPPATH\Views\custom_errors\404.php on line 2.
 1 SYSTEMPATH\View\View.php(213): include()
 2 SYSTEMPATH\View\View.php(216): CodeIgniter\View\View->CodeIgniter\View\{closure}()
 3 SYSTEMPATH\Common.php(1135): CodeIgniter\View\View->render('custom_errors/404', [], true)
 4 APPPATH\Config\Routes.php(58): view('custom_errors/404')
 5 SYSTEMPATH\CodeIgniter.php(915): CodeIgniter\CodeIgniter->Config\{closure}('Can\'t find a route for \'get: dslhd\'.')
 6 SYSTEMPATH\CodeIgniter.php(363): CodeIgniter\CodeIgniter->display404errors(Object(CodeIgniter\Exceptions\PageNotFoundException))
 7 FCPATH\index.php(55): CodeIgniter\CodeIgniter->run()
 8 SYSTEMPATH\Commands\Server\rewrite.php(43): require_once('FCPATH\\index.php')
CRITICAL - 2022-07-27 08:42:29 --> Call to undefined method CodeIgniter\View\View::extends()
in APPPATH\Views\custom_errors\404.php on line 1.
 1 SYSTEMPATH\View\View.php(213): include()
 2 SYSTEMPATH\View\View.php(216): CodeIgniter\View\View->CodeIgniter\View\{closure}()
 3 SYSTEMPATH\Common.php(1135): CodeIgniter\View\View->render('custom_errors/404', [], true)
 4 APPPATH\Config\Routes.php(58): view('custom_errors/404')
 5 SYSTEMPATH\CodeIgniter.php(915): CodeIgniter\CodeIgniter->Config\{closure}('Can\'t find a route for \'get: dslhd\'.')
 6 SYSTEMPATH\CodeIgniter.php(363): CodeIgniter\CodeIgniter->display404errors(Object(CodeIgniter\Exceptions\PageNotFoundException))
 7 FCPATH\index.php(55): CodeIgniter\CodeIgniter->run()
 8 SYSTEMPATH\Commands\Server\rewrite.php(43): require_once('FCPATH\\index.php')
CRITICAL - 2022-07-27 08:42:31 --> Call to undefined method CodeIgniter\View\View::extends()
in APPPATH\Views\custom_errors\404.php on line 1.
 1 SYSTEMPATH\View\View.php(213): include()
 2 SYSTEMPATH\View\View.php(216): CodeIgniter\View\View->CodeIgniter\View\{closure}()
 3 SYSTEMPATH\Common.php(1135): CodeIgniter\View\View->render('custom_errors/404', [], true)
 4 APPPATH\Config\Routes.php(58): view('custom_errors/404')
 5 SYSTEMPATH\CodeIgniter.php(915): CodeIgniter\CodeIgniter->Config\{closure}('Can\'t find a route for \'get: dslhd\'.')
 6 SYSTEMPATH\CodeIgniter.php(363): CodeIgniter\CodeIgniter->display404errors(Object(CodeIgniter\Exceptions\PageNotFoundException))
 7 FCPATH\index.php(55): CodeIgniter\CodeIgniter->run()
 8 SYSTEMPATH\Commands\Server\rewrite.php(43): require_once('FCPATH\\index.php')
CRITICAL - 2022-07-27 08:42:59 --> Call to undefined method CodeIgniter\View\View::extends()
in APPPATH\Views\custom_errors\404.php on line 1.
 1 SYSTEMPATH\View\View.php(213): include()
 2 SYSTEMPATH\View\View.php(216): CodeIgniter\View\View->CodeIgniter\View\{closure}()
 3 SYSTEMPATH\Common.php(1135): CodeIgniter\View\View->render('custom_errors/404', [], true)
 4 APPPATH\Config\Routes.php(58): view('custom_errors/404')
 5 SYSTEMPATH\CodeIgniter.php(915): CodeIgniter\CodeIgniter->Config\{closure}('Can\'t find a route for \'get: dslhd\'.')
 6 SYSTEMPATH\CodeIgniter.php(363): CodeIgniter\CodeIgniter->display404errors(Object(CodeIgniter\Exceptions\PageNotFoundException))
 7 FCPATH\index.php(55): CodeIgniter\CodeIgniter->run()
 8 SYSTEMPATH\Commands\Server\rewrite.php(43): require_once('FCPATH\\index.php')
CRITICAL - 2022-07-27 08:43:00 --> Call to undefined method CodeIgniter\View\View::extends()
in APPPATH\Views\custom_errors\404.php on line 1.
 1 SYSTEMPATH\View\View.php(213): include()
 2 SYSTEMPATH\View\View.php(216): CodeIgniter\View\View->CodeIgniter\View\{closure}()
 3 SYSTEMPATH\Common.php(1135): CodeIgniter\View\View->render('custom_errors/404', [], true)
 4 APPPATH\Config\Routes.php(58): view('custom_errors/404')
 5 SYSTEMPATH\CodeIgniter.php(915): CodeIgniter\CodeIgniter->Config\{closure}('Can\'t find a route for \'get: dslhd\'.')
 6 SYSTEMPATH\CodeIgniter.php(363): CodeIgniter\CodeIgniter->display404errors(Object(CodeIgniter\Exceptions\PageNotFoundException))
 7 FCPATH\index.php(55): CodeIgniter\CodeIgniter->run()
 8 SYSTEMPATH\Commands\Server\rewrite.php(43): require_once('FCPATH\\index.php')
CRITICAL - 2022-07-27 08:43:00 --> Call to undefined method CodeIgniter\View\View::extends()
in APPPATH\Views\custom_errors\404.php on line 1.
 1 SYSTEMPATH\View\View.php(213): include()
 2 SYSTEMPATH\View\View.php(216): CodeIgniter\View\View->CodeIgniter\View\{closure}()
 3 SYSTEMPATH\Common.php(1135): CodeIgniter\View\View->render('custom_errors/404', [], true)
 4 APPPATH\Config\Routes.php(58): view('custom_errors/404')
 5 SYSTEMPATH\CodeIgniter.php(915): CodeIgniter\CodeIgniter->Config\{closure}('Can\'t find a route for \'get: dslhd\'.')
 6 SYSTEMPATH\CodeIgniter.php(363): CodeIgniter\CodeIgniter->display404errors(Object(CodeIgniter\Exceptions\PageNotFoundException))
 7 FCPATH\index.php(55): CodeIgniter\CodeIgniter->run()
 8 SYSTEMPATH\Commands\Server\rewrite.php(43): require_once('FCPATH\\index.php')
CRITICAL - 2022-07-27 08:43:00 --> Call to undefined method CodeIgniter\View\View::extends()
in APPPATH\Views\custom_errors\404.php on line 1.
 1 SYSTEMPATH\View\View.php(213): include()
 2 SYSTEMPATH\View\View.php(216): CodeIgniter\View\View->CodeIgniter\View\{closure}()
 3 SYSTEMPATH\Common.php(1135): CodeIgniter\View\View->render('custom_errors/404', [], true)
 4 APPPATH\Config\Routes.php(58): view('custom_errors/404')
 5 SYSTEMPATH\CodeIgniter.php(915): CodeIgniter\CodeIgniter->Config\{closure}('Can\'t find a route for \'get: dslhd\'.')
 6 SYSTEMPATH\CodeIgniter.php(363): CodeIgniter\CodeIgniter->display404errors(Object(CodeIgniter\Exceptions\PageNotFoundException))
 7 FCPATH\index.php(55): CodeIgniter\CodeIgniter->run()
 8 SYSTEMPATH\Commands\Server\rewrite.php(43): require_once('FCPATH\\index.php')
CRITICAL - 2022-07-27 08:43:24 --> Invalid file: custom_errors/app.php
in SYSTEMPATH\Exceptions\FrameworkException.php on line 33.
 1 SYSTEMPATH\View\View.php(201): CodeIgniter\Exceptions\FrameworkException::forInvalidFile('custom_errors/app.php')
 2 SYSTEMPATH\View\View.php(229): CodeIgniter\View\View->render('custom_errors/app', [], true)
 3 SYSTEMPATH\Common.php(1135): CodeIgniter\View\View->render('custom_errors/404', [], true)
 4 APPPATH\Config\Routes.php(58): view('custom_errors/404')
 5 SYSTEMPATH\CodeIgniter.php(915): CodeIgniter\CodeIgniter->Config\{closure}('Can\'t find a route for \'get: dslhd\'.')
 6 SYSTEMPATH\CodeIgniter.php(363): CodeIgniter\CodeIgniter->display404errors(Object(CodeIgniter\Exceptions\PageNotFoundException))
 7 FCPATH\index.php(55): CodeIgniter\CodeIgniter->run()
 8 SYSTEMPATH\Commands\Server\rewrite.php(43): require_once('FCPATH\\index.php')
CRITICAL - 2022-07-27 08:52:56 --> Undefined variable $title
in APPPATH\Views\app.php on line 7.
 1 APPPATH\Views\app.php(7): CodeIgniter\Debug\Exceptions->errorHandler(2, 'Undefined variable $title', 'APPPATH\\Views\\app.php', 7)
 2 SYSTEMPATH\View\View.php(213): include('APPPATH\\Views\\app.php')
 3 SYSTEMPATH\View\View.php(216): CodeIgniter\View\View->CodeIgniter\View\{closure}()
 4 SYSTEMPATH\View\View.php(229): CodeIgniter\View\View->render('app', [], true)
 5 SYSTEMPATH\Common.php(1135): CodeIgniter\View\View->render('register', [], true)
 6 APPPATH\Controllers\Home.php(59): view('register', [...])
 7 SYSTEMPATH\CodeIgniter.php(896): App\Controllers\Home->addUser()
 8 SYSTEMPATH\CodeIgniter.php(466): CodeIgniter\CodeIgniter->runController(Object(App\Controllers\Home))
 9 SYSTEMPATH\CodeIgniter.php(349): CodeIgniter\CodeIgniter->handleRequest(null, Object(Config\Cache), false)
10 FCPATH\index.php(55): CodeIgniter\CodeIgniter->run()
11 SYSTEMPATH\Commands\Server\rewrite.php(43): require_once('FCPATH\\index.php')
