CRITICAL - 2022-07-22 08:45:00 --> Call to undefined function form_open()
in APPPATH\Views\dashboard\index.php on line 115.
 1 SYSTEMPATH\View\View.php(213): include()
 2 SYSTEMPATH\View\View.php(216): CodeIgniter\View\View->CodeIgniter\View\{closure}()
 3 SYSTEMPATH\Common.php(1135): CodeIgniter\View\View->render('dashboard/index', [], true)
 4 APPPATH\Controllers\DashboardController.php(13): view('dashboard/index')
 5 SYSTEMPATH\CodeIgniter.php(896): App\Controllers\DashboardController->index()
 6 SYSTEMPATH\CodeIgniter.php(466): CodeIgniter\CodeIgniter->runController(Object(App\Controllers\DashboardController))
 7 SYSTEMPATH\CodeIgniter.php(349): CodeIgniter\CodeIgniter->handleRequest(null, Object(Config\Cache), false)
 8 FCPATH\index.php(55): CodeIgniter\CodeIgniter->run()
 9 SYSTEMPATH\Commands\Server\rewrite.php(43): require_once('FCPATH\\index.php')
CRITICAL - 2022-07-22 09:14:15 --> Invalid file: Expenses/add.php
in SYSTEMPATH\Exceptions\FrameworkException.php on line 33.
 1 SYSTEMPATH\View\View.php(201): CodeIgniter\Exceptions\FrameworkException::forInvalidFile('Expenses/add.php')
 2 SYSTEMPATH\Common.php(1135): CodeIgniter\View\View->render('Expenses/add', [], true)
 3 APPPATH\Controllers\DashboardController.php(83): view('Expenses/add')
 4 SYSTEMPATH\CodeIgniter.php(896): App\Controllers\DashboardController->addExpenses()
 5 SYSTEMPATH\CodeIgniter.php(466): CodeIgniter\CodeIgniter->runController(Object(App\Controllers\DashboardController))
 6 SYSTEMPATH\CodeIgniter.php(349): CodeIgniter\CodeIgniter->handleRequest(null, Object(Config\Cache), false)
 7 FCPATH\index.php(55): CodeIgniter\CodeIgniter->run()
 8 SYSTEMPATH\Commands\Server\rewrite.php(43): require_once('FCPATH\\index.php')
CRITICAL - 2022-07-22 09:18:03 -->  route cannot be found while reverse-routing.
in SYSTEMPATH\HTTP\RedirectResponse.php on line 56.
 1 SYSTEMPATH\HTTP\RedirectResponse.php(56): CodeIgniter\HTTP\Exceptions\HTTPException::forInvalidRedirectRoute('ROOTPATH\\public')
 2 SYSTEMPATH\Common.php(863): CodeIgniter\HTTP\RedirectResponse->route(false)
 3 APPPATH\Controllers\DashboardController.php(84): redirect('newexpense')
 4 SYSTEMPATH\CodeIgniter.php(896): App\Controllers\DashboardController->addExpenses()
 5 SYSTEMPATH\CodeIgniter.php(466): CodeIgniter\CodeIgniter->runController(Object(App\Controllers\DashboardController))
 6 SYSTEMPATH\CodeIgniter.php(349): CodeIgniter\CodeIgniter->handleRequest(null, Object(Config\Cache), false)
 7 FCPATH\index.php(55): CodeIgniter\CodeIgniter->run()
 8 SYSTEMPATH\Commands\Server\rewrite.php(43): require_once('FCPATH\\index.php')
CRITICAL - 2022-07-22 09:21:09 -->  route cannot be found while reverse-routing.
in SYSTEMPATH\HTTP\RedirectResponse.php on line 56.
 1 SYSTEMPATH\HTTP\RedirectResponse.php(56): CodeIgniter\HTTP\Exceptions\HTTPException::forInvalidRedirectRoute('ROOTPATH\\public')
 2 SYSTEMPATH\Common.php(863): CodeIgniter\HTTP\RedirectResponse->route(false)
 3 APPPATH\Controllers\DashboardController.php(84): redirect('newexpense')
 4 SYSTEMPATH\CodeIgniter.php(896): App\Controllers\DashboardController->addExpenses()
 5 SYSTEMPATH\CodeIgniter.php(466): CodeIgniter\CodeIgniter->runController(Object(App\Controllers\DashboardController))
 6 SYSTEMPATH\CodeIgniter.php(349): CodeIgniter\CodeIgniter->handleRequest(null, Object(Config\Cache), false)
 7 FCPATH\index.php(55): CodeIgniter\CodeIgniter->run()
 8 SYSTEMPATH\Commands\Server\rewrite.php(43): require_once('FCPATH\\index.php')
CRITICAL - 2022-07-22 09:39:17 --> view(): Argument #2 ($data) must be of type array, CodeIgniter\Validation\Validation given, called in C:\xampp\htdocs\PHP\ci\project1ci4\app\Controllers\DashboardController.php on line 92
in SYSTEMPATH\Common.php on line 1121.
 1 APPPATH\Controllers\DashboardController.php(92): view('dashboard/addExpense', Object(CodeIgniter\Validation\Validation))
 2 SYSTEMPATH\CodeIgniter.php(896): App\Controllers\DashboardController->addExpenses()
 3 SYSTEMPATH\CodeIgniter.php(466): CodeIgniter\CodeIgniter->runController(Object(App\Controllers\DashboardController))
 4 SYSTEMPATH\CodeIgniter.php(349): CodeIgniter\CodeIgniter->handleRequest(null, Object(Config\Cache), false)
 5 FCPATH\index.php(55): CodeIgniter\CodeIgniter->run()
 6 SYSTEMPATH\Commands\Server\rewrite.php(43): require_once('FCPATH\\index.php')
CRITICAL - 2022-07-22 09:43:52 -->  route cannot be found while reverse-routing.
in SYSTEMPATH\HTTP\RedirectResponse.php on line 56.
 1 SYSTEMPATH\HTTP\RedirectResponse.php(56): CodeIgniter\HTTP\Exceptions\HTTPException::forInvalidRedirectRoute('ROOTPATH\\public')
 2 SYSTEMPATH\Common.php(863): CodeIgniter\HTTP\RedirectResponse->route(false)
 3 APPPATH\Controllers\DashboardController.php(88): redirect('newexpense')
 4 SYSTEMPATH\CodeIgniter.php(896): App\Controllers\DashboardController->addExpenses()
 5 SYSTEMPATH\CodeIgniter.php(466): CodeIgniter\CodeIgniter->runController(Object(App\Controllers\DashboardController))
 6 SYSTEMPATH\CodeIgniter.php(349): CodeIgniter\CodeIgniter->handleRequest(null, Object(Config\Cache), false)
 7 FCPATH\index.php(55): CodeIgniter\CodeIgniter->run()
 8 SYSTEMPATH\Commands\Server\rewrite.php(43): require_once('FCPATH\\index.php')
CRITICAL - 2022-07-22 09:51:13 --> Call to a member function orderBy() on array
in APPPATH\Controllers\DashboardController.php on line 101.
 1 SYSTEMPATH\CodeIgniter.php(896): App\Controllers\DashboardController->ManageExpenses()
 2 SYSTEMPATH\CodeIgniter.php(466): CodeIgniter\CodeIgniter->runController(Object(App\Controllers\DashboardController))
 3 SYSTEMPATH\CodeIgniter.php(349): CodeIgniter\CodeIgniter->handleRequest(null, Object(Config\Cache), false)
 4 FCPATH\index.php(55): CodeIgniter\CodeIgniter->run()
 5 SYSTEMPATH\Commands\Server\rewrite.php(43): require_once('FCPATH\\index.php')
CRITICAL - 2022-07-22 09:57:07 --> Invalid file: dashboard/addExpense.php
in SYSTEMPATH\Exceptions\FrameworkException.php on line 33.
 1 SYSTEMPATH\View\View.php(201): CodeIgniter\Exceptions\FrameworkException::forInvalidFile('dashboard/addExpense.php')
 2 SYSTEMPATH\Common.php(1135): CodeIgniter\View\View->render('dashboard/addExpense', [], true)
 3 APPPATH\Controllers\DashboardController.php(96): view('dashboard/addExpense')
 4 SYSTEMPATH\CodeIgniter.php(896): App\Controllers\DashboardController->addExpenses()
 5 SYSTEMPATH\CodeIgniter.php(466): CodeIgniter\CodeIgniter->runController(Object(App\Controllers\DashboardController))
 6 SYSTEMPATH\CodeIgniter.php(349): CodeIgniter\CodeIgniter->handleRequest(null, Object(Config\Cache), false)
 7 FCPATH\index.php(55): CodeIgniter\CodeIgniter->run()
 8 SYSTEMPATH\Commands\Server\rewrite.php(43): require_once('FCPATH\\index.php')
CRITICAL - 2022-07-22 09:58:05 --> require(../include/sidebar.php): Failed to open stream: No such file or directory
in APPPATH\Views\dashboard\Expense\add.php on line 3.
 1 APPPATH\Views\dashboard\Expense\add.php(3): CodeIgniter\Debug\Exceptions->errorHandler(2, 'require(../include/sidebar.php): Failed to open stream: No such file or directory', 'APPPATH\\Views\\dashboard\\Expense\\add.php', 3)
 2 APPPATH\Views\dashboard\Expense\add.php(3): require()
 3 SYSTEMPATH\View\View.php(213): include('APPPATH\\Views\\dashboard\\Expense\\add.php')
 4 SYSTEMPATH\View\View.php(216): CodeIgniter\View\View->CodeIgniter\View\{closure}()
 5 SYSTEMPATH\Common.php(1135): CodeIgniter\View\View->render('dashboard/Expense/add', [], true)
 6 APPPATH\Controllers\DashboardController.php(96): view('dashboard/Expense/add')
 7 SYSTEMPATH\CodeIgniter.php(896): App\Controllers\DashboardController->addExpenses()
 8 SYSTEMPATH\CodeIgniter.php(466): CodeIgniter\CodeIgniter->runController(Object(App\Controllers\DashboardController))
 9 SYSTEMPATH\CodeIgniter.php(349): CodeIgniter\CodeIgniter->handleRequest(null, Object(Config\Cache), false)
10 FCPATH\index.php(55): CodeIgniter\CodeIgniter->run()
11 SYSTEMPATH\Commands\Server\rewrite.php(43): require_once('FCPATH\\index.php')
CRITICAL - 2022-07-22 09:58:43 --> require(./include/sidebar.php): Failed to open stream: No such file or directory
in APPPATH\Views\dashboard\Expense\add.php on line 3.
 1 APPPATH\Views\dashboard\Expense\add.php(3): CodeIgniter\Debug\Exceptions->errorHandler(2, 'require(./include/sidebar.php): Failed to open stream: No such file or directory', 'APPPATH\\Views\\dashboard\\Expense\\add.php', 3)
 2 APPPATH\Views\dashboard\Expense\add.php(3): require()
 3 SYSTEMPATH\View\View.php(213): include('APPPATH\\Views\\dashboard\\Expense\\add.php')
 4 SYSTEMPATH\View\View.php(216): CodeIgniter\View\View->CodeIgniter\View\{closure}()
 5 SYSTEMPATH\Common.php(1135): CodeIgniter\View\View->render('dashboard/Expense/add', [], true)
 6 APPPATH\Controllers\DashboardController.php(96): view('dashboard/Expense/add')
 7 SYSTEMPATH\CodeIgniter.php(896): App\Controllers\DashboardController->addExpenses()
 8 SYSTEMPATH\CodeIgniter.php(466): CodeIgniter\CodeIgniter->runController(Object(App\Controllers\DashboardController))
 9 SYSTEMPATH\CodeIgniter.php(349): CodeIgniter\CodeIgniter->handleRequest(null, Object(Config\Cache), false)
10 FCPATH\index.php(55): CodeIgniter\CodeIgniter->run()
11 SYSTEMPATH\Commands\Server\rewrite.php(43): require_once('FCPATH\\index.php')
CRITICAL - 2022-07-22 09:59:08 --> require(../include/sidebar.php): Failed to open stream: No such file or directory
in APPPATH\Views\dashboard\Expense\add.php on line 3.
 1 APPPATH\Views\dashboard\Expense\add.php(3): CodeIgniter\Debug\Exceptions->errorHandler(2, 'require(../include/sidebar.php): Failed to open stream: No such file or directory', 'APPPATH\\Views\\dashboard\\Expense\\add.php', 3)
 2 APPPATH\Views\dashboard\Expense\add.php(3): require()
 3 SYSTEMPATH\View\View.php(213): include('APPPATH\\Views\\dashboard\\Expense\\add.php')
 4 SYSTEMPATH\View\View.php(216): CodeIgniter\View\View->CodeIgniter\View\{closure}()
 5 SYSTEMPATH\Common.php(1135): CodeIgniter\View\View->render('dashboard/Expense/add', [], true)
 6 APPPATH\Controllers\DashboardController.php(96): view('dashboard/Expense/add')
 7 SYSTEMPATH\CodeIgniter.php(896): App\Controllers\DashboardController->addExpenses()
 8 SYSTEMPATH\CodeIgniter.php(466): CodeIgniter\CodeIgniter->runController(Object(App\Controllers\DashboardController))
 9 SYSTEMPATH\CodeIgniter.php(349): CodeIgniter\CodeIgniter->handleRequest(null, Object(Config\Cache), false)
10 FCPATH\index.php(55): CodeIgniter\CodeIgniter->run()
11 SYSTEMPATH\Commands\Server\rewrite.php(43): require_once('FCPATH\\index.php')
CRITICAL - 2022-07-22 09:59:40 --> require(C:\xampp\htdocs\PHP\ci\project1ci4\app\../include/sidebar.php): Failed to open stream: No such file or directory
in APPPATH\Views\dashboard\Expense\add.php on line 3.
 1 APPPATH\Views\dashboard\Expense\add.php(3): CodeIgniter\Debug\Exceptions->errorHandler(2, 'require(C:\\xampp\\htdocs\\PHP\\ci\\project1ci4\\app\\../include/sidebar.php): Failed to open stream: No such file or directory', 'APPPATH\\Views\\dashboard\\Expense\\add.php', 3)
 2 APPPATH\Views\dashboard\Expense\add.php(3): require()
 3 SYSTEMPATH\View\View.php(213): include('APPPATH\\Views\\dashboard\\Expense\\add.php')
 4 SYSTEMPATH\View\View.php(216): CodeIgniter\View\View->CodeIgniter\View\{closure}()
 5 SYSTEMPATH\Common.php(1135): CodeIgniter\View\View->render('dashboard/Expense/add', [], true)
 6 APPPATH\Controllers\DashboardController.php(96): view('dashboard/Expense/add')
 7 SYSTEMPATH\CodeIgniter.php(896): App\Controllers\DashboardController->addExpenses()
 8 SYSTEMPATH\CodeIgniter.php(466): CodeIgniter\CodeIgniter->runController(Object(App\Controllers\DashboardController))
 9 SYSTEMPATH\CodeIgniter.php(349): CodeIgniter\CodeIgniter->handleRequest(null, Object(Config\Cache), false)
10 FCPATH\index.php(55): CodeIgniter\CodeIgniter->run()
11 SYSTEMPATH\Commands\Server\rewrite.php(43): require_once('FCPATH\\index.php')
CRITICAL - 2022-07-22 09:59:59 --> require(C:\xampp\htdocs\PHP\ci\project1ci4\app\/include/sidebar.php): Failed to open stream: No such file or directory
in APPPATH\Views\dashboard\Expense\add.php on line 3.
 1 APPPATH\Views\dashboard\Expense\add.php(3): CodeIgniter\Debug\Exceptions->errorHandler(2, 'require(C:\\xampp\\htdocs\\PHP\\ci\\project1ci4\\app\\/include/sidebar.php): Failed to open stream: No such file or directory', 'APPPATH\\Views\\dashboard\\Expense\\add.php', 3)
 2 APPPATH\Views\dashboard\Expense\add.php(3): require()
 3 SYSTEMPATH\View\View.php(213): include('APPPATH\\Views\\dashboard\\Expense\\add.php')
 4 SYSTEMPATH\View\View.php(216): CodeIgniter\View\View->CodeIgniter\View\{closure}()
 5 SYSTEMPATH\Common.php(1135): CodeIgniter\View\View->render('dashboard/Expense/add', [], true)
 6 APPPATH\Controllers\DashboardController.php(96): view('dashboard/Expense/add')
 7 SYSTEMPATH\CodeIgniter.php(896): App\Controllers\DashboardController->addExpenses()
 8 SYSTEMPATH\CodeIgniter.php(466): CodeIgniter\CodeIgniter->runController(Object(App\Controllers\DashboardController))
 9 SYSTEMPATH\CodeIgniter.php(349): CodeIgniter\CodeIgniter->handleRequest(null, Object(Config\Cache), false)
10 FCPATH\index.php(55): CodeIgniter\CodeIgniter->run()
11 SYSTEMPATH\Commands\Server\rewrite.php(43): require_once('FCPATH\\index.php')
CRITICAL - 2022-07-22 10:00:07 --> require(C:\xampp\htdocs\PHP\ci\project1ci4\app\include/sidebar.php): Failed to open stream: No such file or directory
in APPPATH\Views\dashboard\Expense\add.php on line 3.
 1 APPPATH\Views\dashboard\Expense\add.php(3): CodeIgniter\Debug\Exceptions->errorHandler(2, 'require(C:\\xampp\\htdocs\\PHP\\ci\\project1ci4\\app\\include/sidebar.php): Failed to open stream: No such file or directory', 'APPPATH\\Views\\dashboard\\Expense\\add.php', 3)
 2 APPPATH\Views\dashboard\Expense\add.php(3): require()
 3 SYSTEMPATH\View\View.php(213): include('APPPATH\\Views\\dashboard\\Expense\\add.php')
 4 SYSTEMPATH\View\View.php(216): CodeIgniter\View\View->CodeIgniter\View\{closure}()
 5 SYSTEMPATH\Common.php(1135): CodeIgniter\View\View->render('dashboard/Expense/add', [], true)
 6 APPPATH\Controllers\DashboardController.php(96): view('dashboard/Expense/add')
 7 SYSTEMPATH\CodeIgniter.php(896): App\Controllers\DashboardController->addExpenses()
 8 SYSTEMPATH\CodeIgniter.php(466): CodeIgniter\CodeIgniter->runController(Object(App\Controllers\DashboardController))
 9 SYSTEMPATH\CodeIgniter.php(349): CodeIgniter\CodeIgniter->handleRequest(null, Object(Config\Cache), false)
10 FCPATH\index.php(55): CodeIgniter\CodeIgniter->run()
11 SYSTEMPATH\Commands\Server\rewrite.php(43): require_once('FCPATH\\index.php')
CRITICAL - 2022-07-22 10:00:08 --> require(C:\xampp\htdocs\PHP\ci\project1ci4\app\include/sidebar.php): Failed to open stream: No such file or directory
in APPPATH\Views\dashboard\Expense\add.php on line 3.
 1 APPPATH\Views\dashboard\Expense\add.php(3): CodeIgniter\Debug\Exceptions->errorHandler(2, 'require(C:\\xampp\\htdocs\\PHP\\ci\\project1ci4\\app\\include/sidebar.php): Failed to open stream: No such file or directory', 'APPPATH\\Views\\dashboard\\Expense\\add.php', 3)
 2 APPPATH\Views\dashboard\Expense\add.php(3): require()
 3 SYSTEMPATH\View\View.php(213): include('APPPATH\\Views\\dashboard\\Expense\\add.php')
 4 SYSTEMPATH\View\View.php(216): CodeIgniter\View\View->CodeIgniter\View\{closure}()
 5 SYSTEMPATH\Common.php(1135): CodeIgniter\View\View->render('dashboard/Expense/add', [], true)
 6 APPPATH\Controllers\DashboardController.php(96): view('dashboard/Expense/add')
 7 SYSTEMPATH\CodeIgniter.php(896): App\Controllers\DashboardController->addExpenses()
 8 SYSTEMPATH\CodeIgniter.php(466): CodeIgniter\CodeIgniter->runController(Object(App\Controllers\DashboardController))
 9 SYSTEMPATH\CodeIgniter.php(349): CodeIgniter\CodeIgniter->handleRequest(null, Object(Config\Cache), false)
10 FCPATH\index.php(55): CodeIgniter\CodeIgniter->run()
11 SYSTEMPATH\Commands\Server\rewrite.php(43): require_once('FCPATH\\index.php')
CRITICAL - 2022-07-22 10:00:08 --> require(C:\xampp\htdocs\PHP\ci\project1ci4\app\include/sidebar.php): Failed to open stream: No such file or directory
in APPPATH\Views\dashboard\Expense\add.php on line 3.
 1 APPPATH\Views\dashboard\Expense\add.php(3): CodeIgniter\Debug\Exceptions->errorHandler(2, 'require(C:\\xampp\\htdocs\\PHP\\ci\\project1ci4\\app\\include/sidebar.php): Failed to open stream: No such file or directory', 'APPPATH\\Views\\dashboard\\Expense\\add.php', 3)
 2 APPPATH\Views\dashboard\Expense\add.php(3): require()
 3 SYSTEMPATH\View\View.php(213): include('APPPATH\\Views\\dashboard\\Expense\\add.php')
 4 SYSTEMPATH\View\View.php(216): CodeIgniter\View\View->CodeIgniter\View\{closure}()
 5 SYSTEMPATH\Common.php(1135): CodeIgniter\View\View->render('dashboard/Expense/add', [], true)
 6 APPPATH\Controllers\DashboardController.php(96): view('dashboard/Expense/add')
 7 SYSTEMPATH\CodeIgniter.php(896): App\Controllers\DashboardController->addExpenses()
 8 SYSTEMPATH\CodeIgniter.php(466): CodeIgniter\CodeIgniter->runController(Object(App\Controllers\DashboardController))
 9 SYSTEMPATH\CodeIgniter.php(349): CodeIgniter\CodeIgniter->handleRequest(null, Object(Config\Cache), false)
10 FCPATH\index.php(55): CodeIgniter\CodeIgniter->run()
11 SYSTEMPATH\Commands\Server\rewrite.php(43): require_once('FCPATH\\index.php')
CRITICAL - 2022-07-22 10:00:09 --> require(C:\xampp\htdocs\PHP\ci\project1ci4\app\include/sidebar.php): Failed to open stream: No such file or directory
in APPPATH\Views\dashboard\Expense\add.php on line 3.
 1 APPPATH\Views\dashboard\Expense\add.php(3): CodeIgniter\Debug\Exceptions->errorHandler(2, 'require(C:\\xampp\\htdocs\\PHP\\ci\\project1ci4\\app\\include/sidebar.php): Failed to open stream: No such file or directory', 'APPPATH\\Views\\dashboard\\Expense\\add.php', 3)
 2 APPPATH\Views\dashboard\Expense\add.php(3): require()
 3 SYSTEMPATH\View\View.php(213): include('APPPATH\\Views\\dashboard\\Expense\\add.php')
 4 SYSTEMPATH\View\View.php(216): CodeIgniter\View\View->CodeIgniter\View\{closure}()
 5 SYSTEMPATH\Common.php(1135): CodeIgniter\View\View->render('dashboard/Expense/add', [], true)
 6 APPPATH\Controllers\DashboardController.php(96): view('dashboard/Expense/add')
 7 SYSTEMPATH\CodeIgniter.php(896): App\Controllers\DashboardController->addExpenses()
 8 SYSTEMPATH\CodeIgniter.php(466): CodeIgniter\CodeIgniter->runController(Object(App\Controllers\DashboardController))
 9 SYSTEMPATH\CodeIgniter.php(349): CodeIgniter\CodeIgniter->handleRequest(null, Object(Config\Cache), false)
10 FCPATH\index.php(55): CodeIgniter\CodeIgniter->run()
11 SYSTEMPATH\Commands\Server\rewrite.php(43): require_once('FCPATH\\index.php')
CRITICAL - 2022-07-22 10:00:39 --> require(C:\xampp\htdocs\PHP\ci\project1ci4\app\Views\include/sidebar.php): Failed to open stream: No such file or directory
in APPPATH\Views\dashboard\Expense\add.php on line 3.
 1 APPPATH\Views\dashboard\Expense\add.php(3): CodeIgniter\Debug\Exceptions->errorHandler(2, 'require(C:\\xampp\\htdocs\\PHP\\ci\\project1ci4\\app\\Views\\include/sidebar.php): Failed to open stream: No such file or directory', 'APPPATH\\Views\\dashboard\\Expense\\add.php', 3)
 2 APPPATH\Views\dashboard\Expense\add.php(3): require()
 3 SYSTEMPATH\View\View.php(213): include('APPPATH\\Views\\dashboard\\Expense\\add.php')
 4 SYSTEMPATH\View\View.php(216): CodeIgniter\View\View->CodeIgniter\View\{closure}()
 5 SYSTEMPATH\Common.php(1135): CodeIgniter\View\View->render('dashboard/Expense/add', [], true)
 6 APPPATH\Controllers\DashboardController.php(96): view('dashboard/Expense/add')
 7 SYSTEMPATH\CodeIgniter.php(896): App\Controllers\DashboardController->addExpenses()
 8 SYSTEMPATH\CodeIgniter.php(466): CodeIgniter\CodeIgniter->runController(Object(App\Controllers\DashboardController))
 9 SYSTEMPATH\CodeIgniter.php(349): CodeIgniter\CodeIgniter->handleRequest(null, Object(Config\Cache), false)
10 FCPATH\index.php(55): CodeIgniter\CodeIgniter->run()
11 SYSTEMPATH\Commands\Server\rewrite.php(43): require_once('FCPATH\\index.php')
CRITICAL - 2022-07-22 10:00:53 --> require(C:\xampp\htdocs\PHP\ci\project1ci4\app\views\include/sidebar.php): Failed to open stream: No such file or directory
in APPPATH\Views\dashboard\Expense\add.php on line 3.
 1 APPPATH\Views\dashboard\Expense\add.php(3): CodeIgniter\Debug\Exceptions->errorHandler(2, 'require(C:\\xampp\\htdocs\\PHP\\ci\\project1ci4\\app\\views\\include/sidebar.php): Failed to open stream: No such file or directory', 'APPPATH\\Views\\dashboard\\Expense\\add.php', 3)
 2 APPPATH\Views\dashboard\Expense\add.php(3): require()
 3 SYSTEMPATH\View\View.php(213): include('APPPATH\\Views\\dashboard\\Expense\\add.php')
 4 SYSTEMPATH\View\View.php(216): CodeIgniter\View\View->CodeIgniter\View\{closure}()
 5 SYSTEMPATH\Common.php(1135): CodeIgniter\View\View->render('dashboard/Expense/add', [], true)
 6 APPPATH\Controllers\DashboardController.php(96): view('dashboard/Expense/add')
 7 SYSTEMPATH\CodeIgniter.php(896): App\Controllers\DashboardController->addExpenses()
 8 SYSTEMPATH\CodeIgniter.php(466): CodeIgniter\CodeIgniter->runController(Object(App\Controllers\DashboardController))
 9 SYSTEMPATH\CodeIgniter.php(349): CodeIgniter\CodeIgniter->handleRequest(null, Object(Config\Cache), false)
10 FCPATH\index.php(55): CodeIgniter\CodeIgniter->run()
11 SYSTEMPATH\Commands\Server\rewrite.php(43): require_once('FCPATH\\index.php')
CRITICAL - 2022-07-22 10:02:18 -->  route cannot be found while reverse-routing.
in SYSTEMPATH\HTTP\RedirectResponse.php on line 56.
 1 SYSTEMPATH\HTTP\RedirectResponse.php(56): CodeIgniter\HTTP\Exceptions\HTTPException::forInvalidRedirectRoute('ROOTPATH\\public')
 2 SYSTEMPATH\Common.php(863): CodeIgniter\HTTP\RedirectResponse->route(false)
 3 APPPATH\Controllers\DashboardController.php(88): redirect('newexpense')
 4 SYSTEMPATH\CodeIgniter.php(896): App\Controllers\DashboardController->addExpenses()
 5 SYSTEMPATH\CodeIgniter.php(466): CodeIgniter\CodeIgniter->runController(Object(App\Controllers\DashboardController))
 6 SYSTEMPATH\CodeIgniter.php(349): CodeIgniter\CodeIgniter->handleRequest(null, Object(Config\Cache), false)
 7 FCPATH\index.php(55): CodeIgniter\CodeIgniter->run()
 8 SYSTEMPATH\Commands\Server\rewrite.php(43): require_once('FCPATH\\index.php')
CRITICAL - 2022-07-22 10:03:18 -->  route cannot be found while reverse-routing.
in SYSTEMPATH\HTTP\RedirectResponse.php on line 56.
 1 SYSTEMPATH\HTTP\RedirectResponse.php(56): CodeIgniter\HTTP\Exceptions\HTTPException::forInvalidRedirectRoute('ROOTPATH\\public')
 2 SYSTEMPATH\Common.php(863): CodeIgniter\HTTP\RedirectResponse->route(false)
 3 APPPATH\Controllers\DashboardController.php(88): redirect('newexpense')
 4 SYSTEMPATH\CodeIgniter.php(896): App\Controllers\DashboardController->addExpenses()
 5 SYSTEMPATH\CodeIgniter.php(466): CodeIgniter\CodeIgniter->runController(Object(App\Controllers\DashboardController))
 6 SYSTEMPATH\CodeIgniter.php(349): CodeIgniter\CodeIgniter->handleRequest(null, Object(Config\Cache), false)
 7 FCPATH\index.php(55): CodeIgniter\CodeIgniter->run()
 8 SYSTEMPATH\Commands\Server\rewrite.php(43): require_once('FCPATH\\index.php')
CRITICAL - 2022-07-22 10:07:40 --> count(): Argument #1 ($value) must be of type Countable|array, null given
in APPPATH\Views\dashboard\Expense\manage.php on line 46.
 1 SYSTEMPATH\View\View.php(213): include()
 2 SYSTEMPATH\View\View.php(216): CodeIgniter\View\View->CodeIgniter\View\{closure}()
 3 SYSTEMPATH\Common.php(1135): CodeIgniter\View\View->render('dashboard/Expense/manage', [], true)
 4 APPPATH\Controllers\DashboardController.php(103): view('dashboard/Expense/manage', [...])
 5 SYSTEMPATH\CodeIgniter.php(896): App\Controllers\DashboardController->ManageExpenses()
 6 SYSTEMPATH\CodeIgniter.php(466): CodeIgniter\CodeIgniter->runController(Object(App\Controllers\DashboardController))
 7 SYSTEMPATH\CodeIgniter.php(349): CodeIgniter\CodeIgniter->handleRequest(null, Object(Config\Cache), false)
 8 FCPATH\index.php(55): CodeIgniter\CodeIgniter->run()
 9 SYSTEMPATH\Commands\Server\rewrite.php(43): require_once('FCPATH\\index.php')
CRITICAL - 2022-07-22 10:13:28 --> count(): Argument #1 ($value) must be of type Countable|array, null given
in APPPATH\Views\dashboard\Expense\manage.php on line 46.
 1 SYSTEMPATH\View\View.php(213): include()
 2 SYSTEMPATH\View\View.php(216): CodeIgniter\View\View->CodeIgniter\View\{closure}()
 3 SYSTEMPATH\Common.php(1135): CodeIgniter\View\View->render('dashboard/Expense/manage', [], true)
 4 APPPATH\Controllers\DashboardController.php(103): view('dashboard/Expense/manage', [...])
 5 SYSTEMPATH\CodeIgniter.php(896): App\Controllers\DashboardController->ManageExpenses()
 6 SYSTEMPATH\CodeIgniter.php(466): CodeIgniter\CodeIgniter->runController(Object(App\Controllers\DashboardController))
 7 SYSTEMPATH\CodeIgniter.php(349): CodeIgniter\CodeIgniter->handleRequest(null, Object(Config\Cache), false)
 8 FCPATH\index.php(55): CodeIgniter\CodeIgniter->run()
 9 SYSTEMPATH\Commands\Server\rewrite.php(43): require_once('FCPATH\\index.php')
CRITICAL - 2022-07-22 10:15:14 --> Undefined variable $data
in APPPATH\Views\dashboard\Expense\manage.php on line 48.
 1 APPPATH\Views\dashboard\Expense\manage.php(48): CodeIgniter\Debug\Exceptions->errorHandler(2, 'Undefined variable $data', 'APPPATH\\Views\\dashboard\\Expense\\manage.php', 48)
 2 SYSTEMPATH\View\View.php(213): include('APPPATH\\Views\\dashboard\\Expense\\manage.php')
 3 SYSTEMPATH\View\View.php(216): CodeIgniter\View\View->CodeIgniter\View\{closure}()
 4 SYSTEMPATH\Common.php(1135): CodeIgniter\View\View->render('dashboard/Expense/manage', [], true)
 5 APPPATH\Controllers\DashboardController.php(104): view('dashboard/Expense/manage', [...])
 6 SYSTEMPATH\CodeIgniter.php(896): App\Controllers\DashboardController->ManageExpenses()
 7 SYSTEMPATH\CodeIgniter.php(466): CodeIgniter\CodeIgniter->runController(Object(App\Controllers\DashboardController))
 8 SYSTEMPATH\CodeIgniter.php(349): CodeIgniter\CodeIgniter->handleRequest(null, Object(Config\Cache), false)
 9 FCPATH\index.php(55): CodeIgniter\CodeIgniter->run()
10 SYSTEMPATH\Commands\Server\rewrite.php(43): require_once('FCPATH\\index.php')
CRITICAL - 2022-07-22 10:15:31 --> foreach() argument must be of type array|object, int given
in APPPATH\Views\dashboard\Expense\manage.php on line 48.
 1 APPPATH\Views\dashboard\Expense\manage.php(48): CodeIgniter\Debug\Exceptions->errorHandler(2, 'foreach() argument must be of type array|object, int given', 'APPPATH\\Views\\dashboard\\Expense\\manage.php', 48)
 2 SYSTEMPATH\View\View.php(213): include('APPPATH\\Views\\dashboard\\Expense\\manage.php')
 3 SYSTEMPATH\View\View.php(216): CodeIgniter\View\View->CodeIgniter\View\{closure}()
 4 SYSTEMPATH\Common.php(1135): CodeIgniter\View\View->render('dashboard/Expense/manage', [], true)
 5 APPPATH\Controllers\DashboardController.php(104): view('dashboard/Expense/manage', [...])
 6 SYSTEMPATH\CodeIgniter.php(896): App\Controllers\DashboardController->ManageExpenses()
 7 SYSTEMPATH\CodeIgniter.php(466): CodeIgniter\CodeIgniter->runController(Object(App\Controllers\DashboardController))
 8 SYSTEMPATH\CodeIgniter.php(349): CodeIgniter\CodeIgniter->handleRequest(null, Object(Config\Cache), false)
 9 FCPATH\index.php(55): CodeIgniter\CodeIgniter->run()
10 SYSTEMPATH\Commands\Server\rewrite.php(43): require_once('FCPATH\\index.php')
CRITICAL - 2022-07-22 10:15:35 --> Undefined variable $data
in APPPATH\Views\dashboard\Expense\manage.php on line 48.
 1 APPPATH\Views\dashboard\Expense\manage.php(48): CodeIgniter\Debug\Exceptions->errorHandler(2, 'Undefined variable $data', 'APPPATH\\Views\\dashboard\\Expense\\manage.php', 48)
 2 SYSTEMPATH\View\View.php(213): include('APPPATH\\Views\\dashboard\\Expense\\manage.php')
 3 SYSTEMPATH\View\View.php(216): CodeIgniter\View\View->CodeIgniter\View\{closure}()
 4 SYSTEMPATH\Common.php(1135): CodeIgniter\View\View->render('dashboard/Expense/manage', [], true)
 5 APPPATH\Controllers\DashboardController.php(104): view('dashboard/Expense/manage', [...])
 6 SYSTEMPATH\CodeIgniter.php(896): App\Controllers\DashboardController->ManageExpenses()
 7 SYSTEMPATH\CodeIgniter.php(466): CodeIgniter\CodeIgniter->runController(Object(App\Controllers\DashboardController))
 8 SYSTEMPATH\CodeIgniter.php(349): CodeIgniter\CodeIgniter->handleRequest(null, Object(Config\Cache), false)
 9 FCPATH\index.php(55): CodeIgniter\CodeIgniter->run()
10 SYSTEMPATH\Commands\Server\rewrite.php(43): require_once('FCPATH\\index.php')
CRITICAL - 2022-07-22 10:20:02 --> Undefined variable $data
in APPPATH\Views\dashboard\Expense\manage.php on line 46.
 1 APPPATH\Views\dashboard\Expense\manage.php(46): CodeIgniter\Debug\Exceptions->errorHandler(2, 'Undefined variable $data', 'APPPATH\\Views\\dashboard\\Expense\\manage.php', 46)
 2 SYSTEMPATH\View\View.php(213): include('APPPATH\\Views\\dashboard\\Expense\\manage.php')
 3 SYSTEMPATH\View\View.php(216): CodeIgniter\View\View->CodeIgniter\View\{closure}()
 4 SYSTEMPATH\Common.php(1135): CodeIgniter\View\View->render('dashboard/Expense/manage', [], true)
 5 APPPATH\Controllers\DashboardController.php(103): view('dashboard/Expense/manage', [...])
 6 SYSTEMPATH\CodeIgniter.php(896): App\Controllers\DashboardController->ManageExpenses()
 7 SYSTEMPATH\CodeIgniter.php(466): CodeIgniter\CodeIgniter->runController(Object(App\Controllers\DashboardController))
 8 SYSTEMPATH\CodeIgniter.php(349): CodeIgniter\CodeIgniter->handleRequest(null, Object(Config\Cache), false)
 9 FCPATH\index.php(55): CodeIgniter\CodeIgniter->run()
10 SYSTEMPATH\Commands\Server\rewrite.php(43): require_once('FCPATH\\index.php')
CRITICAL - 2022-07-22 10:20:31 --> Undefined variable $data
in APPPATH\Views\dashboard\Expense\manage.php on line 48.
 1 APPPATH\Views\dashboard\Expense\manage.php(48): CodeIgniter\Debug\Exceptions->errorHandler(2, 'Undefined variable $data', 'APPPATH\\Views\\dashboard\\Expense\\manage.php', 48)
 2 SYSTEMPATH\View\View.php(213): include('APPPATH\\Views\\dashboard\\Expense\\manage.php')
 3 SYSTEMPATH\View\View.php(216): CodeIgniter\View\View->CodeIgniter\View\{closure}()
 4 SYSTEMPATH\Common.php(1135): CodeIgniter\View\View->render('dashboard/Expense/manage', [], true)
 5 APPPATH\Controllers\DashboardController.php(103): view('dashboard/Expense/manage', [...])
 6 SYSTEMPATH\CodeIgniter.php(896): App\Controllers\DashboardController->ManageExpenses()
 7 SYSTEMPATH\CodeIgniter.php(466): CodeIgniter\CodeIgniter->runController(Object(App\Controllers\DashboardController))
 8 SYSTEMPATH\CodeIgniter.php(349): CodeIgniter\CodeIgniter->handleRequest(null, Object(Config\Cache), false)
 9 FCPATH\index.php(55): CodeIgniter\CodeIgniter->run()
10 SYSTEMPATH\Commands\Server\rewrite.php(43): require_once('FCPATH\\index.php')
CRITICAL - 2022-07-22 10:22:55 --> Undefined variable $count
in APPPATH\Views\dashboard\Expense\manage.php on line 46.
 1 APPPATH\Views\dashboard\Expense\manage.php(46): CodeIgniter\Debug\Exceptions->errorHandler(2, 'Undefined variable $count', 'APPPATH\\Views\\dashboard\\Expense\\manage.php', 46)
 2 SYSTEMPATH\View\View.php(213): include('APPPATH\\Views\\dashboard\\Expense\\manage.php')
 3 SYSTEMPATH\View\View.php(216): CodeIgniter\View\View->CodeIgniter\View\{closure}()
 4 SYSTEMPATH\Common.php(1135): CodeIgniter\View\View->render('dashboard/Expense/manage', [], true)
 5 APPPATH\Controllers\DashboardController.php(107): view('dashboard/Expense/manage', [...])
 6 SYSTEMPATH\CodeIgniter.php(896): App\Controllers\DashboardController->ManageExpenses()
 7 SYSTEMPATH\CodeIgniter.php(466): CodeIgniter\CodeIgniter->runController(Object(App\Controllers\DashboardController))
 8 SYSTEMPATH\CodeIgniter.php(349): CodeIgniter\CodeIgniter->handleRequest(null, Object(Config\Cache), false)
 9 FCPATH\index.php(55): CodeIgniter\CodeIgniter->run()
10 SYSTEMPATH\Commands\Server\rewrite.php(43): require_once('FCPATH\\index.php')
CRITICAL - 2022-07-22 10:23:06 --> Undefined variable $data
in APPPATH\Views\dashboard\Expense\manage.php on line 46.
 1 APPPATH\Views\dashboard\Expense\manage.php(46): CodeIgniter\Debug\Exceptions->errorHandler(2, 'Undefined variable $data', 'APPPATH\\Views\\dashboard\\Expense\\manage.php', 46)
 2 SYSTEMPATH\View\View.php(213): include('APPPATH\\Views\\dashboard\\Expense\\manage.php')
 3 SYSTEMPATH\View\View.php(216): CodeIgniter\View\View->CodeIgniter\View\{closure}()
 4 SYSTEMPATH\Common.php(1135): CodeIgniter\View\View->render('dashboard/Expense/manage', [], true)
 5 APPPATH\Controllers\DashboardController.php(107): view('dashboard/Expense/manage', [...])
 6 SYSTEMPATH\CodeIgniter.php(896): App\Controllers\DashboardController->ManageExpenses()
 7 SYSTEMPATH\CodeIgniter.php(466): CodeIgniter\CodeIgniter->runController(Object(App\Controllers\DashboardController))
 8 SYSTEMPATH\CodeIgniter.php(349): CodeIgniter\CodeIgniter->handleRequest(null, Object(Config\Cache), false)
 9 FCPATH\index.php(55): CodeIgniter\CodeIgniter->run()
10 SYSTEMPATH\Commands\Server\rewrite.php(43): require_once('FCPATH\\index.php')
CRITICAL - 2022-07-22 10:23:16 --> Attempt to read property "ExpenseItem" on array
in APPPATH\Views\dashboard\Expense\manage.php on line 54.
 1 APPPATH\Views\dashboard\Expense\manage.php(54): CodeIgniter\Debug\Exceptions->errorHandler(2, 'Attempt to read property "ExpenseItem" on array', 'APPPATH\\Views\\dashboard\\Expense\\manage.php', 54)
 2 SYSTEMPATH\View\View.php(213): include('APPPATH\\Views\\dashboard\\Expense\\manage.php')
 3 SYSTEMPATH\View\View.php(216): CodeIgniter\View\View->CodeIgniter\View\{closure}()
 4 SYSTEMPATH\Common.php(1135): CodeIgniter\View\View->render('dashboard/Expense/manage', [], true)
 5 APPPATH\Controllers\DashboardController.php(107): view('dashboard/Expense/manage', [...])
 6 SYSTEMPATH\CodeIgniter.php(896): App\Controllers\DashboardController->ManageExpenses()
 7 SYSTEMPATH\CodeIgniter.php(466): CodeIgniter\CodeIgniter->runController(Object(App\Controllers\DashboardController))
 8 SYSTEMPATH\CodeIgniter.php(349): CodeIgniter\CodeIgniter->handleRequest(null, Object(Config\Cache), false)
 9 FCPATH\index.php(55): CodeIgniter\CodeIgniter->run()
10 SYSTEMPATH\Commands\Server\rewrite.php(43): require_once('FCPATH\\index.php')
CRITICAL - 2022-07-22 10:23:37 --> Attempt to read property "ExpenseItem" on array
in APPPATH\Views\dashboard\Expense\manage.php on line 54.
 1 APPPATH\Views\dashboard\Expense\manage.php(54): CodeIgniter\Debug\Exceptions->errorHandler(2, 'Attempt to read property "ExpenseItem" on array', 'APPPATH\\Views\\dashboard\\Expense\\manage.php', 54)
 2 SYSTEMPATH\View\View.php(213): include('APPPATH\\Views\\dashboard\\Expense\\manage.php')
 3 SYSTEMPATH\View\View.php(216): CodeIgniter\View\View->CodeIgniter\View\{closure}()
 4 SYSTEMPATH\Common.php(1135): CodeIgniter\View\View->render('dashboard/Expense/manage', [], true)
 5 APPPATH\Controllers\DashboardController.php(107): view('dashboard/Expense/manage', [...])
 6 SYSTEMPATH\CodeIgniter.php(896): App\Controllers\DashboardController->ManageExpenses()
 7 SYSTEMPATH\CodeIgniter.php(466): CodeIgniter\CodeIgniter->runController(Object(App\Controllers\DashboardController))
 8 SYSTEMPATH\CodeIgniter.php(349): CodeIgniter\CodeIgniter->handleRequest(null, Object(Config\Cache), false)
 9 FCPATH\index.php(55): CodeIgniter\CodeIgniter->run()
10 SYSTEMPATH\Commands\Server\rewrite.php(43): require_once('FCPATH\\index.php')
CRITICAL - 2022-07-22 10:24:25 --> Attempt to read property "ExpenseItem" on array
in APPPATH\Views\dashboard\Expense\manage.php on line 54.
 1 APPPATH\Views\dashboard\Expense\manage.php(54): CodeIgniter\Debug\Exceptions->errorHandler(2, 'Attempt to read property "ExpenseItem" on array', 'APPPATH\\Views\\dashboard\\Expense\\manage.php', 54)
 2 SYSTEMPATH\View\View.php(213): include('APPPATH\\Views\\dashboard\\Expense\\manage.php')
 3 SYSTEMPATH\View\View.php(216): CodeIgniter\View\View->CodeIgniter\View\{closure}()
 4 SYSTEMPATH\Common.php(1135): CodeIgniter\View\View->render('dashboard/Expense/manage', [], true)
 5 APPPATH\Controllers\DashboardController.php(107): view('dashboard/Expense/manage', [...])
 6 SYSTEMPATH\CodeIgniter.php(896): App\Controllers\DashboardController->ManageExpenses()
 7 SYSTEMPATH\CodeIgniter.php(466): CodeIgniter\CodeIgniter->runController(Object(App\Controllers\DashboardController))
 8 SYSTEMPATH\CodeIgniter.php(349): CodeIgniter\CodeIgniter->handleRequest(null, Object(Config\Cache), false)
 9 FCPATH\index.php(55): CodeIgniter\CodeIgniter->run()
10 SYSTEMPATH\Commands\Server\rewrite.php(43): require_once('FCPATH\\index.php')
CRITICAL - 2022-07-22 10:24:50 --> Attempt to read property "ExpenseCost" on array
in APPPATH\Views\dashboard\Expense\manage.php on line 55.
 1 APPPATH\Views\dashboard\Expense\manage.php(55): CodeIgniter\Debug\Exceptions->errorHandler(2, 'Attempt to read property "ExpenseCost" on array', 'APPPATH\\Views\\dashboard\\Expense\\manage.php', 55)
 2 SYSTEMPATH\View\View.php(213): include('APPPATH\\Views\\dashboard\\Expense\\manage.php')
 3 SYSTEMPATH\View\View.php(216): CodeIgniter\View\View->CodeIgniter\View\{closure}()
 4 SYSTEMPATH\Common.php(1135): CodeIgniter\View\View->render('dashboard/Expense/manage', [], true)
 5 APPPATH\Controllers\DashboardController.php(107): view('dashboard/Expense/manage', [...])
 6 SYSTEMPATH\CodeIgniter.php(896): App\Controllers\DashboardController->ManageExpenses()
 7 SYSTEMPATH\CodeIgniter.php(466): CodeIgniter\CodeIgniter->runController(Object(App\Controllers\DashboardController))
 8 SYSTEMPATH\CodeIgniter.php(349): CodeIgniter\CodeIgniter->handleRequest(null, Object(Config\Cache), false)
 9 FCPATH\index.php(55): CodeIgniter\CodeIgniter->run()
10 SYSTEMPATH\Commands\Server\rewrite.php(43): require_once('FCPATH\\index.php')
CRITICAL - 2022-07-22 10:26:58 --> foreach() argument must be of type array|object, int given
in APPPATH\Views\dashboard\Expense\manage.php on line 48.
 1 APPPATH\Views\dashboard\Expense\manage.php(48): CodeIgniter\Debug\Exceptions->errorHandler(2, 'foreach() argument must be of type array|object, int given', 'APPPATH\\Views\\dashboard\\Expense\\manage.php', 48)
 2 SYSTEMPATH\View\View.php(213): include('APPPATH\\Views\\dashboard\\Expense\\manage.php')
 3 SYSTEMPATH\View\View.php(216): CodeIgniter\View\View->CodeIgniter\View\{closure}()
 4 SYSTEMPATH\Common.php(1135): CodeIgniter\View\View->render('dashboard/Expense/manage', [], true)
 5 APPPATH\Controllers\DashboardController.php(107): view('dashboard/Expense/manage', [...])
 6 SYSTEMPATH\CodeIgniter.php(896): App\Controllers\DashboardController->ManageExpenses()
 7 SYSTEMPATH\CodeIgniter.php(466): CodeIgniter\CodeIgniter->runController(Object(App\Controllers\DashboardController))
 8 SYSTEMPATH\CodeIgniter.php(349): CodeIgniter\CodeIgniter->handleRequest(null, Object(Config\Cache), false)
 9 FCPATH\index.php(55): CodeIgniter\CodeIgniter->run()
10 SYSTEMPATH\Commands\Server\rewrite.php(43): require_once('FCPATH\\index.php')
CRITICAL - 2022-07-22 10:27:02 --> foreach() argument must be of type array|object, null given
in APPPATH\Views\dashboard\Expense\manage.php on line 48.
 1 APPPATH\Views\dashboard\Expense\manage.php(48): CodeIgniter\Debug\Exceptions->errorHandler(2, 'foreach() argument must be of type array|object, null given', 'APPPATH\\Views\\dashboard\\Expense\\manage.php', 48)
 2 SYSTEMPATH\View\View.php(213): include('APPPATH\\Views\\dashboard\\Expense\\manage.php')
 3 SYSTEMPATH\View\View.php(216): CodeIgniter\View\View->CodeIgniter\View\{closure}()
 4 SYSTEMPATH\Common.php(1135): CodeIgniter\View\View->render('dashboard/Expense/manage', [], true)
 5 APPPATH\Controllers\DashboardController.php(107): view('dashboard/Expense/manage', [...])
 6 SYSTEMPATH\CodeIgniter.php(896): App\Controllers\DashboardController->ManageExpenses()
 7 SYSTEMPATH\CodeIgniter.php(466): CodeIgniter\CodeIgniter->runController(Object(App\Controllers\DashboardController))
 8 SYSTEMPATH\CodeIgniter.php(349): CodeIgniter\CodeIgniter->handleRequest(null, Object(Config\Cache), false)
 9 FCPATH\index.php(55): CodeIgniter\CodeIgniter->run()
10 SYSTEMPATH\Commands\Server\rewrite.php(43): require_once('FCPATH\\index.php')
CRITICAL - 2022-07-22 11:15:33 --> Undefined array key "user_name"
in APPPATH\Views\dashboard\Expense\list.php on line 58.
 1 APPPATH\Views\dashboard\Expense\list.php(58): CodeIgniter\Debug\Exceptions->errorHandler(2, 'Undefined array key "user_name"', 'APPPATH\\Views\\dashboard\\Expense\\list.php', 58)
 2 SYSTEMPATH\View\View.php(213): include('APPPATH\\Views\\dashboard\\Expense\\list.php')
 3 SYSTEMPATH\View\View.php(216): CodeIgniter\View\View->CodeIgniter\View\{closure}()
 4 SYSTEMPATH\Common.php(1135): CodeIgniter\View\View->render('dashboard/Expense/list', [], true)
 5 APPPATH\Controllers\DashboardController.php(122): view('dashboard/Expense/list', [...])
 6 SYSTEMPATH\CodeIgniter.php(896): App\Controllers\DashboardController->ListExpenses()
 7 SYSTEMPATH\CodeIgniter.php(466): CodeIgniter\CodeIgniter->runController(Object(App\Controllers\DashboardController))
 8 SYSTEMPATH\CodeIgniter.php(349): CodeIgniter\CodeIgniter->handleRequest(null, Object(Config\Cache), false)
 9 FCPATH\index.php(55): CodeIgniter\CodeIgniter->run()
10 SYSTEMPATH\Commands\Server\rewrite.php(43): require_once('FCPATH\\index.php')
CRITICAL - 2022-07-22 11:34:46 --> Undefined variable $profile
in APPPATH\Views\dashboard\profile.php on line 32.
 1 APPPATH\Views\dashboard\profile.php(32): CodeIgniter\Debug\Exceptions->errorHandler(2, 'Undefined variable $profile', 'APPPATH\\Views\\dashboard\\profile.php', 32)
 2 SYSTEMPATH\View\View.php(213): include('APPPATH\\Views\\dashboard\\profile.php')
 3 SYSTEMPATH\View\View.php(216): CodeIgniter\View\View->CodeIgniter\View\{closure}()
 4 SYSTEMPATH\Common.php(1135): CodeIgniter\View\View->render('dashboard/profile', [], true)
 5 APPPATH\Controllers\DashboardController.php(142): view('dashboard/profile', [...])
 6 SYSTEMPATH\CodeIgniter.php(896): App\Controllers\DashboardController->Profile()
 7 SYSTEMPATH\CodeIgniter.php(466): CodeIgniter\CodeIgniter->runController(Object(App\Controllers\DashboardController))
 8 SYSTEMPATH\CodeIgniter.php(349): CodeIgniter\CodeIgniter->handleRequest(null, Object(Config\Cache), false)
 9 FCPATH\index.php(55): CodeIgniter\CodeIgniter->run()
10 SYSTEMPATH\Commands\Server\rewrite.php(43): require_once('FCPATH\\index.php')
CRITICAL - 2022-07-22 11:35:45 --> Undefined variable $profile
in APPPATH\Views\dashboard\profile.php on line 37.
 1 APPPATH\Views\dashboard\profile.php(37): CodeIgniter\Debug\Exceptions->errorHandler(2, 'Undefined variable $profile', 'APPPATH\\Views\\dashboard\\profile.php', 37)
 2 SYSTEMPATH\View\View.php(213): include('APPPATH\\Views\\dashboard\\profile.php')
 3 SYSTEMPATH\View\View.php(216): CodeIgniter\View\View->CodeIgniter\View\{closure}()
 4 SYSTEMPATH\Common.php(1135): CodeIgniter\View\View->render('dashboard/profile', [], true)
 5 APPPATH\Controllers\DashboardController.php(142): view('dashboard/profile', [...])
 6 SYSTEMPATH\CodeIgniter.php(896): App\Controllers\DashboardController->Profile()
 7 SYSTEMPATH\CodeIgniter.php(466): CodeIgniter\CodeIgniter->runController(Object(App\Controllers\DashboardController))
 8 SYSTEMPATH\CodeIgniter.php(349): CodeIgniter\CodeIgniter->handleRequest(null, Object(Config\Cache), false)
 9 FCPATH\index.php(55): CodeIgniter\CodeIgniter->run()
10 SYSTEMPATH\Commands\Server\rewrite.php(43): require_once('FCPATH\\index.php')
CRITICAL - 2022-07-22 11:49:24 --> Unclosed '{' on line 11
in APPPATH\Controllers\DashboardController.php on line 171.
 1 SYSTEMPATH\Autoloader\Autoloader.php(261): CodeIgniter\Autoloader\Autoloader->includeFile('APPPATH\\Controllers\\DashboardController.php')
 2 SYSTEMPATH\Autoloader\Autoloader.php(239): CodeIgniter\Autoloader\Autoloader->loadInNamespace('App\\Controllers\\DashboardController')
 3 [internal function]: CodeIgniter\Autoloader\Autoloader->loadClass('App\\Controllers\\DashboardController')
 4 SYSTEMPATH\CodeIgniter.php(846): class_exists('\\App\\Controllers\\DashboardController', true)
 5 SYSTEMPATH\CodeIgniter.php(453): CodeIgniter\CodeIgniter->startController()
 6 SYSTEMPATH\CodeIgniter.php(349): CodeIgniter\CodeIgniter->handleRequest(null, Object(Config\Cache), false)
 7 FCPATH\index.php(55): CodeIgniter\CodeIgniter->run()
 8 SYSTEMPATH\Commands\Server\rewrite.php(43): require_once('FCPATH\\index.php')
CRITICAL - 2022-07-22 11:50:31 --> Undefined variable $data
in APPPATH\Controllers\DashboardController.php on line 174.
 1 APPPATH\Controllers\DashboardController.php(174): CodeIgniter\Debug\Exceptions->errorHandler(2, 'Undefined variable $data', 'APPPATH\\Controllers\\DashboardController.php', 174)
 2 SYSTEMPATH\CodeIgniter.php(896): App\Controllers\DashboardController->Profile()
 3 SYSTEMPATH\CodeIgniter.php(466): CodeIgniter\CodeIgniter->runController(Object(App\Controllers\DashboardController))
 4 SYSTEMPATH\CodeIgniter.php(349): CodeIgniter\CodeIgniter->handleRequest(null, Object(Config\Cache), false)
 5 FCPATH\index.php(55): CodeIgniter\CodeIgniter->run()
 6 SYSTEMPATH\Commands\Server\rewrite.php(43): require_once('FCPATH\\index.php')
CRITICAL - 2022-07-22 11:51:21 --> Invalid file: Profile.php
in SYSTEMPATH\Exceptions\FrameworkException.php on line 33.
 1 SYSTEMPATH\View\View.php(201): CodeIgniter\Exceptions\FrameworkException::forInvalidFile('Profile.php')
 2 SYSTEMPATH\Common.php(1135): CodeIgniter\View\View->render('Profile', [], true)
 3 APPPATH\Controllers\DashboardController.php(171): view('Profile', [...])
 4 SYSTEMPATH\CodeIgniter.php(896): App\Controllers\DashboardController->Profile()
 5 SYSTEMPATH\CodeIgniter.php(466): CodeIgniter\CodeIgniter->runController(Object(App\Controllers\DashboardController))
 6 SYSTEMPATH\CodeIgniter.php(349): CodeIgniter\CodeIgniter->handleRequest(null, Object(Config\Cache), false)
 7 FCPATH\index.php(55): CodeIgniter\CodeIgniter->run()
 8 SYSTEMPATH\Commands\Server\rewrite.php(43): require_once('FCPATH\\index.php')
CRITICAL - 2022-07-22 11:51:52 --> Invalid file: Profile.php
in SYSTEMPATH\Exceptions\FrameworkException.php on line 33.
 1 SYSTEMPATH\View\View.php(201): CodeIgniter\Exceptions\FrameworkException::forInvalidFile('Profile.php')
 2 SYSTEMPATH\Common.php(1135): CodeIgniter\View\View->render('Profile', [], true)
 3 APPPATH\Controllers\DashboardController.php(171): view('Profile', [...])
 4 SYSTEMPATH\CodeIgniter.php(896): App\Controllers\DashboardController->Profile()
 5 SYSTEMPATH\CodeIgniter.php(466): CodeIgniter\CodeIgniter->runController(Object(App\Controllers\DashboardController))
 6 SYSTEMPATH\CodeIgniter.php(349): CodeIgniter\CodeIgniter->handleRequest(null, Object(Config\Cache), false)
 7 FCPATH\index.php(55): CodeIgniter\CodeIgniter->run()
 8 SYSTEMPATH\Commands\Server\rewrite.php(43): require_once('FCPATH\\index.php')
CRITICAL - 2022-07-22 11:52:10 --> Invalid file: Profile.php
in SYSTEMPATH\Exceptions\FrameworkException.php on line 33.
 1 SYSTEMPATH\View\View.php(201): CodeIgniter\Exceptions\FrameworkException::forInvalidFile('Profile.php')
 2 SYSTEMPATH\Common.php(1135): CodeIgniter\View\View->render('Profile', [], true)
 3 APPPATH\Controllers\DashboardController.php(172): view('Profile', [...])
 4 SYSTEMPATH\CodeIgniter.php(896): App\Controllers\DashboardController->Profile()
 5 SYSTEMPATH\CodeIgniter.php(466): CodeIgniter\CodeIgniter->runController(Object(App\Controllers\DashboardController))
 6 SYSTEMPATH\CodeIgniter.php(349): CodeIgniter\CodeIgniter->handleRequest(null, Object(Config\Cache), false)
 7 FCPATH\index.php(55): CodeIgniter\CodeIgniter->run()
 8 SYSTEMPATH\Commands\Server\rewrite.php(43): require_once('FCPATH\\index.php')
CRITICAL - 2022-07-22 11:52:40 --> Invalid file: Profile.php
in SYSTEMPATH\Exceptions\FrameworkException.php on line 33.
 1 SYSTEMPATH\View\View.php(201): CodeIgniter\Exceptions\FrameworkException::forInvalidFile('Profile.php')
 2 SYSTEMPATH\Common.php(1135): CodeIgniter\View\View->render('Profile', [], true)
 3 APPPATH\Controllers\DashboardController.php(172): view('Profile', [...])
 4 SYSTEMPATH\CodeIgniter.php(896): App\Controllers\DashboardController->Profile()
 5 SYSTEMPATH\CodeIgniter.php(466): CodeIgniter\CodeIgniter->runController(Object(App\Controllers\DashboardController))
 6 SYSTEMPATH\CodeIgniter.php(349): CodeIgniter\CodeIgniter->handleRequest(null, Object(Config\Cache), false)
 7 FCPATH\index.php(55): CodeIgniter\CodeIgniter->run()
 8 SYSTEMPATH\Commands\Server\rewrite.php(43): require_once('FCPATH\\index.php')
CRITICAL - 2022-07-22 21:38:30 --> syntax error, unexpected end of file, expecting "elseif" or "else" or "endif"
in APPPATH\Views\login.php on line 51.
 1 SYSTEMPATH\View\View.php(216): CodeIgniter\View\View->CodeIgniter\View\{closure}()
 2 SYSTEMPATH\Common.php(1135): CodeIgniter\View\View->render('login', [], true)
 3 APPPATH\Controllers\Home.php(10): view('login')
 4 SYSTEMPATH\CodeIgniter.php(896): App\Controllers\Home->index()
 5 SYSTEMPATH\CodeIgniter.php(466): CodeIgniter\CodeIgniter->runController(Object(App\Controllers\Home))
 6 SYSTEMPATH\CodeIgniter.php(349): CodeIgniter\CodeIgniter->handleRequest(null, Object(Config\Cache), false)
 7 FCPATH\index.php(55): CodeIgniter\CodeIgniter->run()
 8 SYSTEMPATH\Commands\Server\rewrite.php(43): require_once('FCPATH\\index.php')
CRITICAL - 2022-07-22 22:25:08 --> Invalid file: dashboard/Expense/report/datewise.php
in SYSTEMPATH\Exceptions\FrameworkException.php on line 33.
 1 SYSTEMPATH\View\View.php(201): CodeIgniter\Exceptions\FrameworkException::forInvalidFile('dashboard/Expense/report/datewise.php')
 2 SYSTEMPATH\Common.php(1135): CodeIgniter\View\View->render('dashboard/Expense/report/datewise', [], true)
 3 APPPATH\Controllers\ReportController.php(36): view('dashboard/Expense/report/datewise')
 4 SYSTEMPATH\CodeIgniter.php(896): App\Controllers\ReportController->DayWise()
 5 SYSTEMPATH\CodeIgniter.php(466): CodeIgniter\CodeIgniter->runController(Object(App\Controllers\ReportController))
 6 SYSTEMPATH\CodeIgniter.php(349): CodeIgniter\CodeIgniter->handleRequest(null, Object(Config\Cache), false)
 7 FCPATH\index.php(55): CodeIgniter\CodeIgniter->run()
 8 SYSTEMPATH\Commands\Server\rewrite.php(43): require_once('FCPATH\\index.php')
CRITICAL - 2022-07-22 22:25:50 --> Invalid file: dashboard/Expense/Report/datewise.php
in SYSTEMPATH\Exceptions\FrameworkException.php on line 33.
 1 SYSTEMPATH\View\View.php(201): CodeIgniter\Exceptions\FrameworkException::forInvalidFile('dashboard/Expense/Report/datewise.php')
 2 SYSTEMPATH\Common.php(1135): CodeIgniter\View\View->render('dashboard/Expense/Report/datewise', [], true)
 3 APPPATH\Controllers\ReportController.php(36): view('dashboard/Expense/Report/datewise')
 4 SYSTEMPATH\CodeIgniter.php(896): App\Controllers\ReportController->DayWise()
 5 SYSTEMPATH\CodeIgniter.php(466): CodeIgniter\CodeIgniter->runController(Object(App\Controllers\ReportController))
 6 SYSTEMPATH\CodeIgniter.php(349): CodeIgniter\CodeIgniter->handleRequest(null, Object(Config\Cache), false)
 7 FCPATH\index.php(55): CodeIgniter\CodeIgniter->run()
 8 SYSTEMPATH\Commands\Server\rewrite.php(43): require_once('FCPATH\\index.php')
CRITICAL - 2022-07-22 22:25:52 --> Invalid file: dashboard/Expense/Report/datewise.php
in SYSTEMPATH\Exceptions\FrameworkException.php on line 33.
 1 SYSTEMPATH\View\View.php(201): CodeIgniter\Exceptions\FrameworkException::forInvalidFile('dashboard/Expense/Report/datewise.php')
 2 SYSTEMPATH\Common.php(1135): CodeIgniter\View\View->render('dashboard/Expense/Report/datewise', [], true)
 3 APPPATH\Controllers\ReportController.php(36): view('dashboard/Expense/Report/datewise')
 4 SYSTEMPATH\CodeIgniter.php(896): App\Controllers\ReportController->DayWise()
 5 SYSTEMPATH\CodeIgniter.php(466): CodeIgniter\CodeIgniter->runController(Object(App\Controllers\ReportController))
 6 SYSTEMPATH\CodeIgniter.php(349): CodeIgniter\CodeIgniter->handleRequest(null, Object(Config\Cache), false)
 7 FCPATH\index.php(55): CodeIgniter\CodeIgniter->run()
 8 SYSTEMPATH\Commands\Server\rewrite.php(43): require_once('FCPATH\\index.php')
CRITICAL - 2022-07-22 22:26:12 --> Call to undefined function form_open()
in APPPATH\Views\dashboard\Expense\Report\daywise.php on line 33.
 1 SYSTEMPATH\View\View.php(213): include()
 2 SYSTEMPATH\View\View.php(216): CodeIgniter\View\View->CodeIgniter\View\{closure}()
 3 SYSTEMPATH\Common.php(1135): CodeIgniter\View\View->render('dashboard/Expense/Report/daywise', [], true)
 4 APPPATH\Controllers\ReportController.php(36): view('dashboard/Expense/Report/daywise')
 5 SYSTEMPATH\CodeIgniter.php(896): App\Controllers\ReportController->DayWise()
 6 SYSTEMPATH\CodeIgniter.php(466): CodeIgniter\CodeIgniter->runController(Object(App\Controllers\ReportController))
 7 SYSTEMPATH\CodeIgniter.php(349): CodeIgniter\CodeIgniter->handleRequest(null, Object(Config\Cache), false)
 8 FCPATH\index.php(55): CodeIgniter\CodeIgniter->run()
 9 SYSTEMPATH\Commands\Server\rewrite.php(43): require_once('FCPATH\\index.php')
